[0.058s] Invoking command in '/home/cardaver/turtlebot3_ws/src/build/turtlebot3_gazebo': CMAKE_PREFIX_PATH=${CMAKE_PREFIX_PATH}:/home/cardaver/turtlebot3_ws/install/wielokaty:/home/cardaver/turtlebot3_ws/install/turtlebot3_teleop:/home/cardaver/turtlebot3_ws/install/turtlebot3_example:/home/cardaver/turtlebot3_ws/install/moving_nodes:/opt/ros/jazzy PS1=\[\033[01;32m\][\u@\h\[\033[01;37m\] \W\[\033[01;32m\]]\$\[\033[00m\] /usr/bin/cmake /home/cardaver/turtlebot3_ws/src/turtlebot3_simulations/turtlebot3_gazebo -DAMENT_CMAKE_SYMLINK_INSTALL=1 -DCMAKE_INSTALL_PREFIX=/home/cardaver/turtlebot3_ws/src/install/turtlebot3_gazebo
[1.009s] -- The C compiler identification is GNU 13.3.0
[1.009s] -- The CXX compiler identification is GNU 13.3.0
[1.010s] -- Detecting C compiler ABI info
[1.010s] -- Detecting C compiler ABI info - done
[1.010s] -- Check for working C compiler: /usr/bin/cc - skipped
[1.010s] -- Detecting C compile features
[1.010s] -- Detecting C compile features - done
[1.010s] -- Detecting CXX compiler ABI info
[1.011s] -- Detecting CXX compiler ABI info - done
[1.011s] -- Check for working CXX compiler: /usr/bin/c++ - skipped
[1.011s] -- Detecting CXX compile features
[1.011s] -- Detecting CXX compile features - done
[1.011s] -- Found ament_cmake: 2.5.4 (/opt/ros/jazzy/share/ament_cmake/cmake)
[1.086s] -- Found Python3: /usr/bin/python3 (found version "3.12.3") found components: Interpreter 
[1.245s] -- Override CMake install command with custom implementation using symlinks instead of copying resources
[1.394s] -- Found ros_gz_sim: 1.0.16 (/opt/ros/jazzy/share/ros_gz_sim/cmake)
[1.553s] -- Found rosidl_generator_c: 4.6.6 (/opt/ros/jazzy/share/rosidl_generator_c/cmake)
[1.585s] -- Found rosidl_generator_cpp: 4.6.6 (/opt/ros/jazzy/share/rosidl_generator_cpp/cmake)
[1.625s] -- Using all available rosidl_typesupport_c: rosidl_typesupport_fastrtps_c;rosidl_typesupport_introspection_c
[1.674s] -- Using all available rosidl_typesupport_cpp: rosidl_typesupport_fastrtps_cpp;rosidl_typesupport_introspection_cpp
[1.885s] -- Found rmw_implementation_cmake: 7.3.2 (/opt/ros/jazzy/share/rmw_implementation_cmake/cmake)
[1.895s] -- Found rmw_fastrtps_cpp: 8.4.3 (/opt/ros/jazzy/share/rmw_fastrtps_cpp/cmake)
[2.085s] -- Found OpenSSL: /usr/lib/x86_64-linux-gnu/libcrypto.so (found version "3.0.13")  
[2.146s] -- Found FastRTPS: /opt/ros/jazzy/include (Required is at least version "2.13") 
[2.189s] -- Using RMW implementation 'rmw_fastrtps_cpp' as default
[2.745s] -- Found nav_msgs: 5.3.6 (/opt/ros/jazzy/share/nav_msgs/cmake)
[2.795s] -- Found sensor_msgs: 5.3.6 (/opt/ros/jazzy/share/sensor_msgs/cmake)
[2.854s] -- Found gz_math_vendor: 0.0.8 (/opt/ros/jazzy/share/gz_math_vendor/cmake)
[2.886s] -- Looking for gz-math7 -- found version 7.5.2
[2.914s] -- Searching for dependencies of gz-math7
[2.922s] -- Looking for gz-utils2 -- found version 2.2.1
[2.923s] -- Searching for dependencies of gz-utils2
[2.931s] -- Found gz_sim_vendor: 0.0.8 (/opt/ros/jazzy/share/gz_sim_vendor/cmake)
[3.103s] -- Looking for gz-sim8 -- found version 8.9.0
[3.103s] -- Searching for dependencies of gz-sim8
[3.107s] -- Looking for sdformat14 -- found version 14.8.0
[3.107s] -- Searching for dependencies of sdformat14
[3.116s] -- Checking for module 'tinyxml2'
[3.146s] --   Found tinyxml2, version 10.0.0
[3.219s] -- Looking for gz-math7 -- found version 7.5.2
[3.220s] -- Looking for gz-utils2 -- found version 2.2.1
[3.221s] -- Searching for dependencies of gz-utils2
[3.221s] -- Searching for <gz-utils2> component [cli]
[3.229s] -- Looking for gz-utils2-cli -- found version 2.2.1
[3.229s] -- Searching for dependencies of gz-utils2-cli
[3.237s] -- Looking for gz-plugin2 -- found version 2.0.4
[3.237s] -- Searching for dependencies of gz-plugin2
[3.238s] -- Looking for gz-utils2 -- found version 2.2.1
[3.240s] -- Searching for <gz-plugin2> component [loader]
[3.250s] -- Looking for gz-plugin2-loader -- found version 2.0.4
[3.251s] -- Searching for dependencies of gz-plugin2-loader
[3.252s] -- Searching for <gz-plugin2> component [register]
[3.262s] -- Looking for gz-plugin2-register -- found version 2.0.4
[3.262s] -- Searching for dependencies of gz-plugin2-register
[3.271s] -- Looking for gz-transport13 -- found version 13.4.1
[3.271s] -- Searching for dependencies of gz-transport13
[3.512s] -- Found Protobuf: /usr/lib/x86_64-linux-gnu/libprotobuf.so (found version "3.21.12") 
[3.560s] -- Config-file not installed for ZeroMQ -- checking for pkg-config
[3.568s] -- Checking for module 'libzmq >= 4'
[3.607s] --   Found libzmq, version 4.3.5
[3.681s] -- Found ZeroMQ: TRUE (Required is at least version "4") 
[3.692s] -- Checking for module 'uuid'
[3.722s] --   Found uuid, version 2.39.3
[3.785s] -- Found UUID: TRUE  
[3.786s] -- Looking for gz-utils2 -- found version 2.2.1
[3.792s] -- Looking for gz-msgs10 -- found version 10.3.2
[3.793s] -- Searching for dependencies of gz-msgs10
[3.847s] -- Looking for gz-utils2 -- found version 2.2.1
[3.848s] -- Looking for gz-math7 -- found version 7.5.2
[3.865s] -- Searching for <gz-transport13> component [log]
[3.872s] -- Looking for gz-transport13-log -- found version 13.4.1
[3.872s] -- Searching for dependencies of gz-transport13-log
[3.873s] -- Searching for <gz-transport13> component [parameters]
[3.879s] -- Looking for gz-transport13-parameters -- found version 13.4.1
[3.879s] -- Searching for dependencies of gz-transport13-parameters
[3.882s] -- Looking for gz-msgs10 -- found version 10.3.2
[3.889s] -- Looking for gz-common5 -- found version 5.7.1
[3.889s] -- Searching for dependencies of gz-common5
[3.889s] -- Looking for gz-utils2 -- found version 2.2.1
[3.891s] -- Looking for dlfcn.h - found
[3.893s] -- Looking for libdl - found
[3.895s] -- Found DL: TRUE  
[3.907s] -- Searching for <gz-common5> component [av]
[3.911s] -- Looking for gz-common5-av -- found version 5.7.1
[3.911s] -- Searching for dependencies of gz-common5-av
[3.925s] -- Checking for module 'libswscale'
[3.964s] --   Found libswscale, version 7.5.100
[4.039s] -- Found SWSCALE: TRUE  
[4.054s] -- Checking for module 'libavdevice >= 56.4.100'
[4.094s] --   Found libavdevice, version 60.3.100
[4.208s] -- Found AVDEVICE: TRUE (Required is at least version "56.4.100") 
[4.220s] -- Checking for module 'libavformat'
[4.259s] --   Found libavformat, version 60.16.100
[4.330s] -- Found AVFORMAT: TRUE  
[4.339s] -- Checking for module 'libavcodec'
[4.368s] --   Found libavcodec, version 60.31.102
[4.446s] -- Found AVCODEC: TRUE  
[4.458s] -- Checking for module 'libavutil'
[4.496s] --   Found libavutil, version 58.29.100
[4.561s] -- Found AVUTIL: TRUE  
[4.563s] -- Searching for <gz-common5> component [events]
[4.574s] -- Looking for gz-common5-events -- found version 5.7.1
[4.574s] -- Searching for dependencies of gz-common5-events
[4.575s] -- Looking for gz-math7 -- found version 7.5.2
[4.577s] -- Searching for <gz-common5> component [graphics]
[4.588s] -- Looking for gz-common5-graphics -- found version 5.7.1
[4.588s] -- Searching for dependencies of gz-common5-graphics
[4.589s] -- Looking for gz-math7 -- found version 7.5.2
[4.609s] -- Found GzAssimp: TRUE (found version "5.3.0") 
[4.611s] -- Searching for <gz-common5> component [io]
[4.616s] -- Looking for gz-common5-io -- found version 5.7.1
[4.616s] -- Searching for dependencies of gz-common5-io
[4.617s] -- Searching for <gz-common5> component [profiler]
[4.623s] -- Looking for gz-common5-profiler -- found version 5.7.1
[4.623s] -- Searching for dependencies of gz-common5-profiler
[4.630s] -- Looking for gz-fuel_tools9 -- found version 9.1.1
[4.631s] -- Searching for dependencies of gz-fuel_tools9
[4.819s] -- Found CURL: /usr/lib/x86_64-linux-gnu/libcurl.so (found version "8.5.0")  
[4.839s] -- Checking for module 'jsoncpp'
[4.870s] --   Found jsoncpp, version 1.9.5
[4.940s] -- Found JSONCPP: TRUE  
[5.022s] -- Checking for module 'yaml-0.1'
[5.055s] --   Found yaml-0.1, version 0.2.5
[5.123s] -- Found YAML: TRUE  
[5.138s] -- Checking for module 'libzip'
[5.184s] --   Found libzip, version 1.7.3
[5.279s] -- Found ZIP: TRUE  
[5.280s] -- Looking for gz-utils2 -- found version 2.2.1
[5.281s] -- Looking for gz-common5 -- found version 5.7.1
[5.282s] -- Searching for dependencies of gz-common5
[5.282s] -- Looking for gz-utils2 -- found version 2.2.1
[5.282s] -- Looking for dlfcn.h - found
[5.283s] -- Looking for libdl - found
[5.302s] -- Searching for <gz-common5> component [testing]
[5.319s] -- Looking for gz-common5-testing -- found version 5.7.1
[5.320s] -- Searching for dependencies of gz-common5-testing
[5.324s] -- Looking for gz-math7 -- found version 7.5.2
[5.325s] -- Looking for gz-msgs10 -- found version 10.3.2
[5.341s] -- Looking for gz-gui8 -- found version 8.4.0
[5.341s] -- Searching for dependencies of gz-gui8
[5.432s] -- Looking for gz-utils2 -- found version 2.2.1
[5.433s] -- Looking for gz-math7 -- found version 7.5.2
[5.434s] -- Looking for gz-common5 -- found version 5.7.1
[5.435s] -- Looking for gz-plugin2 -- found version 2.0.4
[5.436s] -- Looking for gz-transport13 -- found version 13.4.1
[5.444s] -- Looking for gz-rendering8 -- found version 8.2.2
[5.444s] -- Searching for dependencies of gz-rendering8
[5.445s] -- Looking for gz-math7 -- found version 7.5.2
[5.445s] -- Searching for dependencies of gz-math7
[5.446s] -- Looking for gz-utils2 -- found version 2.2.1
[5.446s] -- Searching for <gz-math7> component [eigen3]
[5.455s] -- Looking for gz-math7-eigen3 -- found version 7.5.2
[5.455s] -- Searching for dependencies of gz-math7-eigen3
[5.495s] -- Looking for gz-common5 -- found version 5.7.1
[5.495s] -- Searching for dependencies of gz-common5
[5.496s] -- Looking for gz-utils2 -- found version 2.2.1
[5.496s] -- Looking for dlfcn.h - found
[5.496s] -- Looking for libdl - found
[5.516s] -- Searching for <gz-common5> component [graphics]
[5.517s] -- Searching for <gz-common5> component [events]
[5.517s] -- Searching for <gz-common5> component [geospatial]
[5.530s] -- Looking for gz-common5-geospatial -- found version 5.7.1
[5.531s] -- Searching for dependencies of gz-common5-geospatial
[5.532s] -- Looking for gz-math7 -- found version 7.5.2
[5.533s] -- Looking for gz-common5 -- found version 5.7.1
[5.536s] -- Looking for gz-plugin2 -- found version 2.0.4
[5.536s] -- Searching for dependencies of gz-plugin2
[5.537s] -- Looking for gz-utils2 -- found version 2.2.1
[5.537s] -- Searching for <gz-plugin2> component [all]
[5.545s] -- Looking for all libraries of gz-plugin2 -- found version 2.0.4
[5.546s] -- Looking for gz-plugin2 -- found version 2.0.4
[5.548s] -- Looking for gz-utils2 -- found version 2.2.1
[5.587s] -- Found OpenGL: /usr/lib/x86_64-linux-gnu/libOpenGL.so  found components: OpenGL 
[5.591s] -- Looking for gz-msgs10 -- found version 10.3.2
[5.659s] -- Looking for gz-physics7 -- found version 7.5.0
[5.659s] -- Searching for dependencies of gz-physics7
[5.659s] -- Looking for gz-common5 -- found version 5.7.1
[5.660s] -- Looking for gz-math7 -- found version 7.5.2
[5.661s] -- Looking for gz-plugin2 -- found version 2.0.4
[5.661s] -- Looking for gz-utils2 -- found version 2.2.1
[5.663s] -- Searching for <gz-physics7> component [heightmap]
[5.667s] -- Looking for gz-physics7-heightmap -- found version 7.5.0
[5.667s] -- Searching for dependencies of gz-physics7-heightmap
[5.668s] -- Looking for gz-common5 -- found version 5.7.1
[5.669s] -- Searching for <gz-physics7> component [mesh]
[5.673s] -- Looking for gz-physics7-mesh -- found version 7.5.0
[5.674s] -- Searching for dependencies of gz-physics7-mesh
[5.674s] -- Looking for gz-common5 -- found version 5.7.1
[5.675s] -- Searching for <gz-physics7> component [sdf]
[5.679s] -- Looking for gz-physics7-sdf -- found version 7.5.0
[5.680s] -- Searching for dependencies of gz-physics7-sdf
[5.680s] -- Looking for sdformat14 -- found version 14.8.0
[5.688s] -- Looking for gz-sensors8 -- found version 8.2.2
[5.688s] -- Searching for dependencies of gz-sensors8
[5.739s] -- Looking for gz-math7 -- found version 7.5.2
[5.739s] -- Looking for gz-common5 -- found version 5.7.1
[5.740s] -- Looking for gz-transport13 -- found version 13.4.1
[5.740s] -- Looking for gz-rendering8 -- found version 8.2.2
[5.741s] -- Looking for gz-msgs10 -- found version 10.3.2
[5.742s] -- Looking for sdformat14 -- found version 14.8.0
[5.743s] -- Searching for <gz-sensors8> component [air_pressure]
[5.747s] -- Looking for gz-sensors8-air_pressure -- found version 8.2.2
[5.747s] -- Searching for dependencies of gz-sensors8-air_pressure
[5.748s] -- Searching for <gz-sensors8> component [air_speed]
[5.752s] -- Looking for gz-sensors8-air_speed -- found version 8.2.2
[5.753s] -- Searching for dependencies of gz-sensors8-air_speed
[5.754s] -- Searching for <gz-sensors8> component [altimeter]
[5.757s] -- Looking for gz-sensors8-altimeter -- found version 8.2.2
[5.758s] -- Searching for dependencies of gz-sensors8-altimeter
[5.758s] -- Searching for <gz-sensors8> component [imu]
[5.762s] -- Looking for gz-sensors8-imu -- found version 8.2.2
[5.763s] -- Searching for dependencies of gz-sensors8-imu
[5.764s] -- Searching for <gz-sensors8> component [force_torque]
[5.768s] -- Looking for gz-sensors8-force_torque -- found version 8.2.2
[5.768s] -- Searching for dependencies of gz-sensors8-force_torque
[5.769s] -- Searching for <gz-sensors8> component [logical_camera]
[5.774s] -- Looking for gz-sensors8-logical_camera -- found version 8.2.2
[5.774s] -- Searching for dependencies of gz-sensors8-logical_camera
[5.774s] -- Searching for <gz-sensors8> component [magnetometer]
[5.778s] -- Looking for gz-sensors8-magnetometer -- found version 8.2.2
[5.778s] -- Searching for dependencies of gz-sensors8-magnetometer
[5.779s] -- Searching for <gz-sensors8> component [navsat]
[5.783s] -- Looking for gz-sensors8-navsat -- found version 8.2.2
[5.783s] -- Searching for dependencies of gz-sensors8-navsat
[5.784s] -- Searching for <gz-sensors8> component [dvl]
[5.788s] -- Looking for gz-sensors8-dvl -- found version 8.2.2
[5.788s] -- Searching for dependencies of gz-sensors8-dvl
[5.789s] -- Looking for gz-sensors8 -- found version 8.2.2
[5.789s] -- Searching for dependencies of gz-sensors8
[5.866s] -- Looking for gz-math7 -- found version 7.5.2
[5.867s] -- Looking for gz-common5 -- found version 5.7.1
[5.868s] -- Looking for gz-transport13 -- found version 13.4.1
[5.868s] -- Looking for gz-rendering8 -- found version 8.2.2
[5.869s] -- Looking for gz-msgs10 -- found version 10.3.2
[5.870s] -- Looking for sdformat14 -- found version 14.8.0
[5.871s] -- Searching for <gz-sensors8> component [rendering]
[5.876s] -- Looking for gz-sensors8-rendering -- found version 8.2.2
[5.876s] -- Searching for dependencies of gz-sensors8-rendering
[5.879s] -- Searching for <gz-sensors8> component [rendering]
[5.879s] -- Searching for <gz-sensors8> component [lidar]
[5.883s] -- Looking for gz-sensors8-lidar -- found version 8.2.2
[5.883s] -- Searching for dependencies of gz-sensors8-lidar
[5.883s] -- Looking for gz-sensors8 -- found version 8.2.2
[5.885s] -- Searching for <gz-sensors8> component [gpu_lidar]
[5.889s] -- Looking for gz-sensors8-gpu_lidar -- found version 8.2.2
[5.889s] -- Searching for dependencies of gz-sensors8-gpu_lidar
[5.892s] -- Looking for gz-sensors8 -- found version 8.2.2
[5.892s] -- Searching for <gz-sensors8> component [camera]
[5.895s] -- Looking for gz-sensors8-camera -- found version 8.2.2
[5.895s] -- Searching for dependencies of gz-sensors8-camera
[5.895s] -- Looking for gz-sensors8 -- found version 8.2.2
[5.898s] -- Searching for <gz-sensors8> component [boundingbox_camera]
[5.905s] -- Looking for gz-sensors8-boundingbox_camera -- found version 8.2.2
[5.905s] -- Searching for dependencies of gz-sensors8-boundingbox_camera
[5.907s] -- Searching for <gz-sensors8> component [segmentation_camera]
[5.912s] -- Looking for gz-sensors8-segmentation_camera -- found version 8.2.2
[5.912s] -- Searching for dependencies of gz-sensors8-segmentation_camera
[5.913s] -- Searching for <gz-sensors8> component [depth_camera]
[5.917s] -- Looking for gz-sensors8-depth_camera -- found version 8.2.2
[5.917s] -- Searching for dependencies of gz-sensors8-depth_camera
[5.917s] -- Looking for gz-sensors8 -- found version 8.2.2
[5.918s] -- Searching for <gz-sensors8> component [rgbd_camera]
[5.922s] -- Looking for gz-sensors8-rgbd_camera -- found version 8.2.2
[5.923s] -- Searching for dependencies of gz-sensors8-rgbd_camera
[5.923s] -- Looking for gz-sensors8 -- found version 8.2.2
[5.924s] -- Searching for <gz-sensors8> component [thermal_camera]
[5.928s] -- Looking for gz-sensors8-thermal_camera -- found version 8.2.2
[5.929s] -- Searching for dependencies of gz-sensors8-thermal_camera
[5.929s] -- Looking for gz-sensors8 -- found version 8.2.2
[5.930s] -- Searching for <gz-sensors8> component [wide_angle_camera]
[5.934s] -- Looking for gz-sensors8-wide_angle_camera -- found version 8.2.2
[5.935s] -- Searching for dependencies of gz-sensors8-wide_angle_camera
[5.937s] -- Looking for gz-rendering8 -- found version 8.2.2
[5.937s] -- Looking for gz-math7 -- found version 7.5.2
[5.937s] -- Looking for gz-utils2 -- found version 2.2.1
[5.994s] -- Looking for gz-plugin2 -- found version 2.0.4
[6.148s] -- Configuring done (6.1s)
[6.195s] -- Generating done (0.0s)
[6.205s] -- Build files have been written to: /home/cardaver/turtlebot3_ws/src/build/turtlebot3_gazebo
