[0.386s] Invoking command in '/home/cardaver/turtlebot3_ws/build/turtlebot3_fake_node': CMAKE_PREFIX_PATH=/home/cardaver/turtlebot3_ws/install/turtlebot3_msgs:/home/cardaver/turtlebot3_ws/install/turtlebot3:/home/cardaver/turtlebot3_ws/install/turtlebot3_bringup:/home/cardaver/turtlebot3_ws/install/turtlebot3_node:/home/cardaver/turtlebot3_ws/install/turtlebot3_navigation2:/home/cardaver/turtlebot3_ws/install/turtlebot3_description:/home/cardaver/turtlebot3_ws/install/turtlebot3_cartographer:/home/cardaver/turtlebot3_ws/install/dynamixel_sdk_examples:/home/cardaver/turtlebot3_ws/install/dynamixel_sdk_custom_interfaces:/home/cardaver/turtlebot3_ws/install/dynamixel_sdk:/opt/ros/jazzy/opt/gz_sim_vendor:/opt/ros/jazzy/opt/gz_sensors_vendor:/opt/ros/jazzy/opt/gz_physics_vendor:/opt/ros/jazzy/opt/sdformat_vendor:/opt/ros/jazzy/opt/gz_gui_vendor:/opt/ros/jazzy/opt/gz_transport_vendor:/opt/ros/jazzy/opt/gz_rendering_vendor:/opt/ros/jazzy/opt/gz_plugin_vendor:/opt/ros/jazzy/opt/gz_fuel_tools_vendor:/opt/ros/jazzy/opt/gz_msgs_vendor:/opt/ros/jazzy/opt/gz_common_vendor:/opt/ros/jazzy/opt/gz_math_vendor:/opt/ros/jazzy/opt/gz_utils_vendor:/opt/ros/jazzy/opt/gz_tools_vendor:/opt/ros/jazzy/opt/gz_ogre_next_vendor:/opt/ros/jazzy/opt/gz_dartsim_vendor:/opt/ros/jazzy/opt/gz_cmake_vendor:/home/cardaver/turtlebot3_ws/install/turtlebot3_teleop:/home/cardaver/turtlebot3_ws/install/turtlebot3_example:/opt/ros/jazzy PS1=\[\033[01;32m\][\u@\h\[\033[01;37m\] \W\[\033[01;32m\]]\$\[\033[00m\] PYTHONPATH=/home/cardaver/turtlebot3_ws/install/turtlebot3_msgs/lib/python3.12/site-packages:/home/cardaver/turtlebot3_ws/build/turtlebot3_teleop:/home/cardaver/turtlebot3_ws/install/turtlebot3_teleop/lib/python3.12/site-packages:/home/cardaver/turtlebot3_ws/build/turtlebot3_example:/home/cardaver/turtlebot3_ws/install/turtlebot3_example/lib/python3.12/site-packages:/home/cardaver/turtlebot3_ws/install/dynamixel_sdk_custom_interfaces/lib/python3.12/site-packages:/home/cardaver/turtlebot3_ws/install/dynamixel_sdk/lib/python3.12/site-packages:/opt/ros/jazzy/lib/python3.12/site-packages /usr/bin/cmake /home/cardaver/turtlebot3_ws/src/turtlebot3_simulations/turtlebot3_fake_node -DCMAKE_INSTALL_PREFIX=/home/cardaver/turtlebot3_ws/install/turtlebot3_fake_node
[0.484s] -- The C compiler identification is GNU 13.3.0
[0.588s] -- The CXX compiler identification is GNU 13.3.0
[0.616s] -- Detecting C compiler ABI info
[0.766s] -- Detecting C compiler ABI info - done
[0.783s] -- Check for working C compiler: /usr/bin/cc - skipped
[0.786s] -- Detecting C compile features
[0.786s] -- Detecting C compile features - done
[0.804s] -- Detecting CXX compiler ABI info
[0.977s] -- Detecting CXX compiler ABI info - done
[0.990s] -- Check for working CXX compiler: /usr/bin/c++ - skipped
[0.994s] -- Detecting CXX compile features
[0.994s] -- Detecting CXX compile features - done
[1.000s] -- Found ament_cmake: 2.5.4 (/opt/ros/jazzy/share/ament_cmake/cmake)
[1.331s] -- Found Python3: /usr/bin/python3 (found version "3.12.3") found components: Interpreter 
[1.671s] -- Found geometry_msgs: 5.3.6 (/opt/ros/jazzy/share/geometry_msgs/cmake)
[1.815s] -- Found rosidl_generator_c: 4.6.6 (/opt/ros/jazzy/share/rosidl_generator_c/cmake)
[1.850s] -- Found rosidl_generator_cpp: 4.6.6 (/opt/ros/jazzy/share/rosidl_generator_cpp/cmake)
[1.903s] -- Using all available rosidl_typesupport_c: rosidl_typesupport_fastrtps_c;rosidl_typesupport_introspection_c
[1.958s] -- Using all available rosidl_typesupport_cpp: rosidl_typesupport_fastrtps_cpp;rosidl_typesupport_introspection_cpp
[2.114s] -- Found nav_msgs: 5.3.6 (/opt/ros/jazzy/share/nav_msgs/cmake)
[2.210s] -- Found rclcpp: 28.1.12 (/opt/ros/jazzy/share/rclcpp/cmake)
[2.324s] -- Found rmw_implementation_cmake: 7.3.2 (/opt/ros/jazzy/share/rmw_implementation_cmake/cmake)
[2.346s] -- Found rmw_fastrtps_cpp: 8.4.3 (/opt/ros/jazzy/share/rmw_fastrtps_cpp/cmake)
[2.571s] -- Found OpenSSL: /usr/lib/x86_64-linux-gnu/libcrypto.so (found version "3.0.13")  
[2.639s] -- Found FastRTPS: /opt/ros/jazzy/include (Required is at least version "2.13") 
[2.686s] -- Using RMW implementation 'rmw_fastrtps_cpp' as default
[2.898s] -- Found sensor_msgs: 5.3.6 (/opt/ros/jazzy/share/sensor_msgs/cmake)
[2.958s] -- Found tf2: 0.36.14 (/opt/ros/jazzy/share/tf2/cmake)
[2.973s] -- Found tf2_msgs: 0.36.14 (/opt/ros/jazzy/share/tf2_msgs/cmake)
[3.126s] -- Found turtlebot3_msgs: 2.4.0 (/home/cardaver/turtlebot3_ws/install/turtlebot3_msgs/share/turtlebot3_msgs/cmake)
[3.388s] -- Configuring done (3.0s)
[3.416s] -- Generating done (0.0s)
[3.419s] -- Build files have been written to: /home/cardaver/turtlebot3_ws/build/turtlebot3_fake_node
[3.449s] Invoked command in '/home/cardaver/turtlebot3_ws/build/turtlebot3_fake_node' returned '0': CMAKE_PREFIX_PATH=/home/cardaver/turtlebot3_ws/install/turtlebot3_msgs:/home/cardaver/turtlebot3_ws/install/turtlebot3:/home/cardaver/turtlebot3_ws/install/turtlebot3_bringup:/home/cardaver/turtlebot3_ws/install/turtlebot3_node:/home/cardaver/turtlebot3_ws/install/turtlebot3_navigation2:/home/cardaver/turtlebot3_ws/install/turtlebot3_description:/home/cardaver/turtlebot3_ws/install/turtlebot3_cartographer:/home/cardaver/turtlebot3_ws/install/dynamixel_sdk_examples:/home/cardaver/turtlebot3_ws/install/dynamixel_sdk_custom_interfaces:/home/cardaver/turtlebot3_ws/install/dynamixel_sdk:/opt/ros/jazzy/opt/gz_sim_vendor:/opt/ros/jazzy/opt/gz_sensors_vendor:/opt/ros/jazzy/opt/gz_physics_vendor:/opt/ros/jazzy/opt/sdformat_vendor:/opt/ros/jazzy/opt/gz_gui_vendor:/opt/ros/jazzy/opt/gz_transport_vendor:/opt/ros/jazzy/opt/gz_rendering_vendor:/opt/ros/jazzy/opt/gz_plugin_vendor:/opt/ros/jazzy/opt/gz_fuel_tools_vendor:/opt/ros/jazzy/opt/gz_msgs_vendor:/opt/ros/jazzy/opt/gz_common_vendor:/opt/ros/jazzy/opt/gz_math_vendor:/opt/ros/jazzy/opt/gz_utils_vendor:/opt/ros/jazzy/opt/gz_tools_vendor:/opt/ros/jazzy/opt/gz_ogre_next_vendor:/opt/ros/jazzy/opt/gz_dartsim_vendor:/opt/ros/jazzy/opt/gz_cmake_vendor:/home/cardaver/turtlebot3_ws/install/turtlebot3_teleop:/home/cardaver/turtlebot3_ws/install/turtlebot3_example:/opt/ros/jazzy PS1=\[\033[01;32m\][\u@\h\[\033[01;37m\] \W\[\033[01;32m\]]\$\[\033[00m\] PYTHONPATH=/home/cardaver/turtlebot3_ws/install/turtlebot3_msgs/lib/python3.12/site-packages:/home/cardaver/turtlebot3_ws/build/turtlebot3_teleop:/home/cardaver/turtlebot3_ws/install/turtlebot3_teleop/lib/python3.12/site-packages:/home/cardaver/turtlebot3_ws/build/turtlebot3_example:/home/cardaver/turtlebot3_ws/install/turtlebot3_example/lib/python3.12/site-packages:/home/cardaver/turtlebot3_ws/install/dynamixel_sdk_custom_interfaces/lib/python3.12/site-packages:/home/cardaver/turtlebot3_ws/install/dynamixel_sdk/lib/python3.12/site-packages:/opt/ros/jazzy/lib/python3.12/site-packages /usr/bin/cmake /home/cardaver/turtlebot3_ws/src/turtlebot3_simulations/turtlebot3_fake_node -DCMAKE_INSTALL_PREFIX=/home/cardaver/turtlebot3_ws/install/turtlebot3_fake_node
[3.450s] Invoking command in '/home/cardaver/turtlebot3_ws/build/turtlebot3_fake_node': CMAKE_PREFIX_PATH=/home/cardaver/turtlebot3_ws/install/turtlebot3_msgs:/home/cardaver/turtlebot3_ws/install/turtlebot3:/home/cardaver/turtlebot3_ws/install/turtlebot3_bringup:/home/cardaver/turtlebot3_ws/install/turtlebot3_node:/home/cardaver/turtlebot3_ws/install/turtlebot3_navigation2:/home/cardaver/turtlebot3_ws/install/turtlebot3_description:/home/cardaver/turtlebot3_ws/install/turtlebot3_cartographer:/home/cardaver/turtlebot3_ws/install/dynamixel_sdk_examples:/home/cardaver/turtlebot3_ws/install/dynamixel_sdk_custom_interfaces:/home/cardaver/turtlebot3_ws/install/dynamixel_sdk:/opt/ros/jazzy/opt/gz_sim_vendor:/opt/ros/jazzy/opt/gz_sensors_vendor:/opt/ros/jazzy/opt/gz_physics_vendor:/opt/ros/jazzy/opt/sdformat_vendor:/opt/ros/jazzy/opt/gz_gui_vendor:/opt/ros/jazzy/opt/gz_transport_vendor:/opt/ros/jazzy/opt/gz_rendering_vendor:/opt/ros/jazzy/opt/gz_plugin_vendor:/opt/ros/jazzy/opt/gz_fuel_tools_vendor:/opt/ros/jazzy/opt/gz_msgs_vendor:/opt/ros/jazzy/opt/gz_common_vendor:/opt/ros/jazzy/opt/gz_math_vendor:/opt/ros/jazzy/opt/gz_utils_vendor:/opt/ros/jazzy/opt/gz_tools_vendor:/opt/ros/jazzy/opt/gz_ogre_next_vendor:/opt/ros/jazzy/opt/gz_dartsim_vendor:/opt/ros/jazzy/opt/gz_cmake_vendor:/home/cardaver/turtlebot3_ws/install/turtlebot3_teleop:/home/cardaver/turtlebot3_ws/install/turtlebot3_example:/opt/ros/jazzy PS1=\[\033[01;32m\][\u@\h\[\033[01;37m\] \W\[\033[01;32m\]]\$\[\033[00m\] PYTHONPATH=/home/cardaver/turtlebot3_ws/install/turtlebot3_msgs/lib/python3.12/site-packages:/home/cardaver/turtlebot3_ws/build/turtlebot3_teleop:/home/cardaver/turtlebot3_ws/install/turtlebot3_teleop/lib/python3.12/site-packages:/home/cardaver/turtlebot3_ws/build/turtlebot3_example:/home/cardaver/turtlebot3_ws/install/turtlebot3_example/lib/python3.12/site-packages:/home/cardaver/turtlebot3_ws/install/dynamixel_sdk_custom_interfaces/lib/python3.12/site-packages:/home/cardaver/turtlebot3_ws/install/dynamixel_sdk/lib/python3.12/site-packages:/opt/ros/jazzy/lib/python3.12/site-packages /usr/bin/cmake --build /home/cardaver/turtlebot3_ws/build/turtlebot3_fake_node -- -j16 -l16
[3.556s] [ 50%] [32mBuilding CXX object CMakeFiles/turtlebot3_fake_node.dir/src/turtlebot3_fake_node.cpp.o[0m
[20.519s] [100%] [32m[1mLinking CXX executable turtlebot3_fake_node[0m
[21.445s] [100%] Built target turtlebot3_fake_node
[21.466s] Invoked command in '/home/cardaver/turtlebot3_ws/build/turtlebot3_fake_node' returned '0': CMAKE_PREFIX_PATH=/home/cardaver/turtlebot3_ws/install/turtlebot3_msgs:/home/cardaver/turtlebot3_ws/install/turtlebot3:/home/cardaver/turtlebot3_ws/install/turtlebot3_bringup:/home/cardaver/turtlebot3_ws/install/turtlebot3_node:/home/cardaver/turtlebot3_ws/install/turtlebot3_navigation2:/home/cardaver/turtlebot3_ws/install/turtlebot3_description:/home/cardaver/turtlebot3_ws/install/turtlebot3_cartographer:/home/cardaver/turtlebot3_ws/install/dynamixel_sdk_examples:/home/cardaver/turtlebot3_ws/install/dynamixel_sdk_custom_interfaces:/home/cardaver/turtlebot3_ws/install/dynamixel_sdk:/opt/ros/jazzy/opt/gz_sim_vendor:/opt/ros/jazzy/opt/gz_sensors_vendor:/opt/ros/jazzy/opt/gz_physics_vendor:/opt/ros/jazzy/opt/sdformat_vendor:/opt/ros/jazzy/opt/gz_gui_vendor:/opt/ros/jazzy/opt/gz_transport_vendor:/opt/ros/jazzy/opt/gz_rendering_vendor:/opt/ros/jazzy/opt/gz_plugin_vendor:/opt/ros/jazzy/opt/gz_fuel_tools_vendor:/opt/ros/jazzy/opt/gz_msgs_vendor:/opt/ros/jazzy/opt/gz_common_vendor:/opt/ros/jazzy/opt/gz_math_vendor:/opt/ros/jazzy/opt/gz_utils_vendor:/opt/ros/jazzy/opt/gz_tools_vendor:/opt/ros/jazzy/opt/gz_ogre_next_vendor:/opt/ros/jazzy/opt/gz_dartsim_vendor:/opt/ros/jazzy/opt/gz_cmake_vendor:/home/cardaver/turtlebot3_ws/install/turtlebot3_teleop:/home/cardaver/turtlebot3_ws/install/turtlebot3_example:/opt/ros/jazzy PS1=\[\033[01;32m\][\u@\h\[\033[01;37m\] \W\[\033[01;32m\]]\$\[\033[00m\] PYTHONPATH=/home/cardaver/turtlebot3_ws/install/turtlebot3_msgs/lib/python3.12/site-packages:/home/cardaver/turtlebot3_ws/build/turtlebot3_teleop:/home/cardaver/turtlebot3_ws/install/turtlebot3_teleop/lib/python3.12/site-packages:/home/cardaver/turtlebot3_ws/build/turtlebot3_example:/home/cardaver/turtlebot3_ws/install/turtlebot3_example/lib/python3.12/site-packages:/home/cardaver/turtlebot3_ws/install/dynamixel_sdk_custom_interfaces/lib/python3.12/site-packages:/home/cardaver/turtlebot3_ws/install/dynamixel_sdk/lib/python3.12/site-packages:/opt/ros/jazzy/lib/python3.12/site-packages /usr/bin/cmake --build /home/cardaver/turtlebot3_ws/build/turtlebot3_fake_node -- -j16 -l16
[21.467s] Invoking command in '/home/cardaver/turtlebot3_ws/build/turtlebot3_fake_node': CMAKE_PREFIX_PATH=/home/cardaver/turtlebot3_ws/install/turtlebot3_msgs:/home/cardaver/turtlebot3_ws/install/turtlebot3:/home/cardaver/turtlebot3_ws/install/turtlebot3_bringup:/home/cardaver/turtlebot3_ws/install/turtlebot3_node:/home/cardaver/turtlebot3_ws/install/turtlebot3_navigation2:/home/cardaver/turtlebot3_ws/install/turtlebot3_description:/home/cardaver/turtlebot3_ws/install/turtlebot3_cartographer:/home/cardaver/turtlebot3_ws/install/dynamixel_sdk_examples:/home/cardaver/turtlebot3_ws/install/dynamixel_sdk_custom_interfaces:/home/cardaver/turtlebot3_ws/install/dynamixel_sdk:/opt/ros/jazzy/opt/gz_sim_vendor:/opt/ros/jazzy/opt/gz_sensors_vendor:/opt/ros/jazzy/opt/gz_physics_vendor:/opt/ros/jazzy/opt/sdformat_vendor:/opt/ros/jazzy/opt/gz_gui_vendor:/opt/ros/jazzy/opt/gz_transport_vendor:/opt/ros/jazzy/opt/gz_rendering_vendor:/opt/ros/jazzy/opt/gz_plugin_vendor:/opt/ros/jazzy/opt/gz_fuel_tools_vendor:/opt/ros/jazzy/opt/gz_msgs_vendor:/opt/ros/jazzy/opt/gz_common_vendor:/opt/ros/jazzy/opt/gz_math_vendor:/opt/ros/jazzy/opt/gz_utils_vendor:/opt/ros/jazzy/opt/gz_tools_vendor:/opt/ros/jazzy/opt/gz_ogre_next_vendor:/opt/ros/jazzy/opt/gz_dartsim_vendor:/opt/ros/jazzy/opt/gz_cmake_vendor:/home/cardaver/turtlebot3_ws/install/turtlebot3_teleop:/home/cardaver/turtlebot3_ws/install/turtlebot3_example:/opt/ros/jazzy PS1=\[\033[01;32m\][\u@\h\[\033[01;37m\] \W\[\033[01;32m\]]\$\[\033[00m\] PYTHONPATH=/home/cardaver/turtlebot3_ws/install/turtlebot3_msgs/lib/python3.12/site-packages:/home/cardaver/turtlebot3_ws/build/turtlebot3_teleop:/home/cardaver/turtlebot3_ws/install/turtlebot3_teleop/lib/python3.12/site-packages:/home/cardaver/turtlebot3_ws/build/turtlebot3_example:/home/cardaver/turtlebot3_ws/install/turtlebot3_example/lib/python3.12/site-packages:/home/cardaver/turtlebot3_ws/install/dynamixel_sdk_custom_interfaces/lib/python3.12/site-packages:/home/cardaver/turtlebot3_ws/install/dynamixel_sdk/lib/python3.12/site-packages:/opt/ros/jazzy/lib/python3.12/site-packages /usr/bin/cmake --install /home/cardaver/turtlebot3_ws/build/turtlebot3_fake_node
[21.485s] -- Install configuration: ""
[21.485s] -- Installing: /home/cardaver/turtlebot3_ws/install/turtlebot3_fake_node/lib/turtlebot3_fake_node/turtlebot3_fake_node
[21.490s] -- Set non-toolchain portion of runtime path of "/home/cardaver/turtlebot3_ws/install/turtlebot3_fake_node/lib/turtlebot3_fake_node/turtlebot3_fake_node" to ""
[21.490s] -- Installing: /home/cardaver/turtlebot3_ws/install/turtlebot3_fake_node/share/turtlebot3_fake_node/launch
[21.490s] -- Installing: /home/cardaver/turtlebot3_ws/install/turtlebot3_fake_node/share/turtlebot3_fake_node/launch/turtlebot3_fake_node.launch.py
[21.490s] -- Installing: /home/cardaver/turtlebot3_ws/install/turtlebot3_fake_node/share/turtlebot3_fake_node/launch/rviz2.launch.py
[21.490s] -- Installing: /home/cardaver/turtlebot3_ws/install/turtlebot3_fake_node/share/turtlebot3_fake_node/param
[21.490s] -- Installing: /home/cardaver/turtlebot3_ws/install/turtlebot3_fake_node/share/turtlebot3_fake_node/param/waffle.yaml
[21.490s] -- Installing: /home/cardaver/turtlebot3_ws/install/turtlebot3_fake_node/share/turtlebot3_fake_node/param/waffle_pi.yaml
[21.491s] -- Installing: /home/cardaver/turtlebot3_ws/install/turtlebot3_fake_node/share/turtlebot3_fake_node/param/burger.yaml
[21.491s] -- Installing: /home/cardaver/turtlebot3_ws/install/turtlebot3_fake_node/include/
[21.491s] -- Installing: /home/cardaver/turtlebot3_ws/install/turtlebot3_fake_node/include//turtlebot3_fake_node
[21.491s] -- Installing: /home/cardaver/turtlebot3_ws/install/turtlebot3_fake_node/include//turtlebot3_fake_node/turtlebot3_fake_node.hpp
[21.492s] -- Installing: /home/cardaver/turtlebot3_ws/install/turtlebot3_fake_node/share/ament_index/resource_index/package_run_dependencies/turtlebot3_fake_node
[21.492s] -- Installing: /home/cardaver/turtlebot3_ws/install/turtlebot3_fake_node/share/ament_index/resource_index/parent_prefix_path/turtlebot3_fake_node
[21.493s] -- Installing: /home/cardaver/turtlebot3_ws/install/turtlebot3_fake_node/share/turtlebot3_fake_node/environment/ament_prefix_path.sh
[21.493s] -- Installing: /home/cardaver/turtlebot3_ws/install/turtlebot3_fake_node/share/turtlebot3_fake_node/environment/ament_prefix_path.dsv
[21.494s] -- Installing: /home/cardaver/turtlebot3_ws/install/turtlebot3_fake_node/share/turtlebot3_fake_node/environment/path.sh
[21.495s] -- Installing: /home/cardaver/turtlebot3_ws/install/turtlebot3_fake_node/share/turtlebot3_fake_node/environment/path.dsv
[21.495s] -- Installing: /home/cardaver/turtlebot3_ws/install/turtlebot3_fake_node/share/turtlebot3_fake_node/local_setup.bash
[21.495s] -- Installing: /home/cardaver/turtlebot3_ws/install/turtlebot3_fake_node/share/turtlebot3_fake_node/local_setup.sh
[21.495s] -- Installing: /home/cardaver/turtlebot3_ws/install/turtlebot3_fake_node/share/turtlebot3_fake_node/local_setup.zsh
[21.503s] -- Installing: /home/cardaver/turtlebot3_ws/install/turtlebot3_fake_node/share/turtlebot3_fake_node/local_setup.dsv
[21.504s] -- Installing: /home/cardaver/turtlebot3_ws/install/turtlebot3_fake_node/share/turtlebot3_fake_node/package.dsv
[21.505s] -- Installing: /home/cardaver/turtlebot3_ws/install/turtlebot3_fake_node/share/ament_index/resource_index/packages/turtlebot3_fake_node
[21.507s] -- Installing: /home/cardaver/turtlebot3_ws/install/turtlebot3_fake_node/share/turtlebot3_fake_node/cmake/ament_cmake_export_include_directories-extras.cmake
[21.509s] -- Installing: /home/cardaver/turtlebot3_ws/install/turtlebot3_fake_node/share/turtlebot3_fake_node/cmake/ament_cmake_export_dependencies-extras.cmake
[21.509s] -- Installing: /home/cardaver/turtlebot3_ws/install/turtlebot3_fake_node/share/turtlebot3_fake_node/cmake/turtlebot3_fake_nodeConfig.cmake
[21.509s] -- Installing: /home/cardaver/turtlebot3_ws/install/turtlebot3_fake_node/share/turtlebot3_fake_node/cmake/turtlebot3_fake_nodeConfig-version.cmake
[21.510s] -- Installing: /home/cardaver/turtlebot3_ws/install/turtlebot3_fake_node/share/turtlebot3_fake_node/package.xml
[21.511s] Invoked command in '/home/cardaver/turtlebot3_ws/build/turtlebot3_fake_node' returned '0': CMAKE_PREFIX_PATH=/home/cardaver/turtlebot3_ws/install/turtlebot3_msgs:/home/cardaver/turtlebot3_ws/install/turtlebot3:/home/cardaver/turtlebot3_ws/install/turtlebot3_bringup:/home/cardaver/turtlebot3_ws/install/turtlebot3_node:/home/cardaver/turtlebot3_ws/install/turtlebot3_navigation2:/home/cardaver/turtlebot3_ws/install/turtlebot3_description:/home/cardaver/turtlebot3_ws/install/turtlebot3_cartographer:/home/cardaver/turtlebot3_ws/install/dynamixel_sdk_examples:/home/cardaver/turtlebot3_ws/install/dynamixel_sdk_custom_interfaces:/home/cardaver/turtlebot3_ws/install/dynamixel_sdk:/opt/ros/jazzy/opt/gz_sim_vendor:/opt/ros/jazzy/opt/gz_sensors_vendor:/opt/ros/jazzy/opt/gz_physics_vendor:/opt/ros/jazzy/opt/sdformat_vendor:/opt/ros/jazzy/opt/gz_gui_vendor:/opt/ros/jazzy/opt/gz_transport_vendor:/opt/ros/jazzy/opt/gz_rendering_vendor:/opt/ros/jazzy/opt/gz_plugin_vendor:/opt/ros/jazzy/opt/gz_fuel_tools_vendor:/opt/ros/jazzy/opt/gz_msgs_vendor:/opt/ros/jazzy/opt/gz_common_vendor:/opt/ros/jazzy/opt/gz_math_vendor:/opt/ros/jazzy/opt/gz_utils_vendor:/opt/ros/jazzy/opt/gz_tools_vendor:/opt/ros/jazzy/opt/gz_ogre_next_vendor:/opt/ros/jazzy/opt/gz_dartsim_vendor:/opt/ros/jazzy/opt/gz_cmake_vendor:/home/cardaver/turtlebot3_ws/install/turtlebot3_teleop:/home/cardaver/turtlebot3_ws/install/turtlebot3_example:/opt/ros/jazzy PS1=\[\033[01;32m\][\u@\h\[\033[01;37m\] \W\[\033[01;32m\]]\$\[\033[00m\] PYTHONPATH=/home/cardaver/turtlebot3_ws/install/turtlebot3_msgs/lib/python3.12/site-packages:/home/cardaver/turtlebot3_ws/build/turtlebot3_teleop:/home/cardaver/turtlebot3_ws/install/turtlebot3_teleop/lib/python3.12/site-packages:/home/cardaver/turtlebot3_ws/build/turtlebot3_example:/home/cardaver/turtlebot3_ws/install/turtlebot3_example/lib/python3.12/site-packages:/home/cardaver/turtlebot3_ws/install/dynamixel_sdk_custom_interfaces/lib/python3.12/site-packages:/home/cardaver/turtlebot3_ws/install/dynamixel_sdk/lib/python3.12/site-packages:/opt/ros/jazzy/lib/python3.12/site-packages /usr/bin/cmake --install /home/cardaver/turtlebot3_ws/build/turtlebot3_fake_node
