[0.097s] Invoking command in '/home/cardaver/turtlebot3_ws/build/turtlebot3_description': CMAKE_PREFIX_PATH=${CMAKE_PREFIX_PATH}:/home/cardaver/turtlebot3_ws/install/turtlebot3_teleop:/home/cardaver/turtlebot3_ws/install/turtlebot3_example:/opt/ros/jazzy PS1=\[\033[01;32m\][\u@\h\[\033[01;37m\] \W\[\033[01;32m\]]\$\[\033[00m\] /usr/bin/cmake /home/cardaver/turtlebot3_ws/src/turtlebot3/turtlebot3_description -DCMAKE_INSTALL_PREFIX=/home/cardaver/turtlebot3_ws/install/turtlebot3_description
[0.556s] -- The C compiler identification is GNU 13.3.0
[0.557s] -- The CXX compiler identification is GNU 13.3.0
[0.557s] -- Detecting C compiler ABI info
[0.739s] -- Detecting C compiler ABI info - done
[0.753s] -- Check for working C compiler: /usr/bin/cc - skipped
[0.753s] -- Detecting C compile features
[0.756s] -- Detecting C compile features - done
[0.798s] -- Detecting CXX compiler ABI info
[1.013s] -- Detecting CXX compiler ABI info - done
[1.045s] -- Check for working CXX compiler: /usr/bin/c++ - skipped
[1.045s] -- Detecting CXX compile features
[1.046s] -- Detecting CXX compile features - done
[1.048s] -- Found ament_cmake: 2.5.4 (/opt/ros/jazzy/share/ament_cmake/cmake)
[1.633s] -- Found Python3: /usr/bin/python3 (found version "3.12.3") found components: Interpreter 
[2.131s] -- Found urdf: 2.10.0 (/opt/ros/jazzy/share/urdf/cmake)
[2.304s] -- Found TinyXML2 via Config file: /usr/lib/x86_64-linux-gnu/cmake/tinyxml2
[2.574s] -- Configuring done (2.5s)
[2.591s] -- Generating done (0.0s)
[2.591s] -- Build files have been written to: /home/cardaver/turtlebot3_ws/build/turtlebot3_description
[2.616s] Invoked command in '/home/cardaver/turtlebot3_ws/build/turtlebot3_description' returned '0': CMAKE_PREFIX_PATH=${CMAKE_PREFIX_PATH}:/home/cardaver/turtlebot3_ws/install/turtlebot3_teleop:/home/cardaver/turtlebot3_ws/install/turtlebot3_example:/opt/ros/jazzy PS1=\[\033[01;32m\][\u@\h\[\033[01;37m\] \W\[\033[01;32m\]]\$\[\033[00m\] /usr/bin/cmake /home/cardaver/turtlebot3_ws/src/turtlebot3/turtlebot3_description -DCMAKE_INSTALL_PREFIX=/home/cardaver/turtlebot3_ws/install/turtlebot3_description
[2.617s] Invoking command in '/home/cardaver/turtlebot3_ws/build/turtlebot3_description': CMAKE_PREFIX_PATH=${CMAKE_PREFIX_PATH}:/home/cardaver/turtlebot3_ws/install/turtlebot3_teleop:/home/cardaver/turtlebot3_ws/install/turtlebot3_example:/opt/ros/jazzy PS1=\[\033[01;32m\][\u@\h\[\033[01;37m\] \W\[\033[01;32m\]]\$\[\033[00m\] /usr/bin/cmake --build /home/cardaver/turtlebot3_ws/build/turtlebot3_description -- -j16 -l16
[2.692s] Invoked command in '/home/cardaver/turtlebot3_ws/build/turtlebot3_description' returned '0': CMAKE_PREFIX_PATH=${CMAKE_PREFIX_PATH}:/home/cardaver/turtlebot3_ws/install/turtlebot3_teleop:/home/cardaver/turtlebot3_ws/install/turtlebot3_example:/opt/ros/jazzy PS1=\[\033[01;32m\][\u@\h\[\033[01;37m\] \W\[\033[01;32m\]]\$\[\033[00m\] /usr/bin/cmake --build /home/cardaver/turtlebot3_ws/build/turtlebot3_description -- -j16 -l16
[2.693s] Invoking command in '/home/cardaver/turtlebot3_ws/build/turtlebot3_description': CMAKE_PREFIX_PATH=${CMAKE_PREFIX_PATH}:/home/cardaver/turtlebot3_ws/install/turtlebot3_teleop:/home/cardaver/turtlebot3_ws/install/turtlebot3_example:/opt/ros/jazzy PS1=\[\033[01;32m\][\u@\h\[\033[01;37m\] \W\[\033[01;32m\]]\$\[\033[00m\] /usr/bin/cmake --install /home/cardaver/turtlebot3_ws/build/turtlebot3_description
[2.726s] -- Install configuration: ""
[2.733s] -- Installing: /home/cardaver/turtlebot3_ws/install/turtlebot3_description/share/turtlebot3_description/meshes
[2.733s] -- Installing: /home/cardaver/turtlebot3_ws/install/turtlebot3_description/share/turtlebot3_description/meshes/sensors
[2.733s] -- Installing: /home/cardaver/turtlebot3_ws/install/turtlebot3_description/share/turtlebot3_description/meshes/sensors/r200.dae
[2.733s] -- Installing: /home/cardaver/turtlebot3_ws/install/turtlebot3_description/share/turtlebot3_description/meshes/sensors/lds.stl
[2.736s] -- Installing: /home/cardaver/turtlebot3_ws/install/turtlebot3_description/share/turtlebot3_description/meshes/sensors/astra.jpg
[2.753s] -- Installing: /home/cardaver/turtlebot3_ws/install/turtlebot3_description/share/turtlebot3_description/meshes/sensors/astra.dae
[2.779s] -- Installing: /home/cardaver/turtlebot3_ws/install/turtlebot3_description/share/turtlebot3_description/meshes/sensors/r200.jpg
[2.779s] -- Installing: /home/cardaver/turtlebot3_ws/install/turtlebot3_description/share/turtlebot3_description/meshes/bases
[2.779s] -- Installing: /home/cardaver/turtlebot3_ws/install/turtlebot3_description/share/turtlebot3_description/meshes/bases/burger_base.stl
[2.787s] -- Installing: /home/cardaver/turtlebot3_ws/install/turtlebot3_description/share/turtlebot3_description/meshes/bases/waffle_pi_base.stl
[2.802s] -- Installing: /home/cardaver/turtlebot3_ws/install/turtlebot3_description/share/turtlebot3_description/meshes/bases/waffle_base.stl
[2.861s] -- Installing: /home/cardaver/turtlebot3_ws/install/turtlebot3_description/share/turtlebot3_description/meshes/wheels
[2.863s] -- Installing: /home/cardaver/turtlebot3_ws/install/turtlebot3_description/share/turtlebot3_description/meshes/wheels/left_tire.stl
[2.868s] -- Installing: /home/cardaver/turtlebot3_ws/install/turtlebot3_description/share/turtlebot3_description/meshes/wheels/right_tire.stl
[2.870s] -- Installing: /home/cardaver/turtlebot3_ws/install/turtlebot3_description/share/turtlebot3_description/rviz
[2.871s] -- Installing: /home/cardaver/turtlebot3_ws/install/turtlebot3_description/share/turtlebot3_description/rviz/model.rviz
[2.873s] -- Installing: /home/cardaver/turtlebot3_ws/install/turtlebot3_description/share/turtlebot3_description/urdf
[2.873s] -- Installing: /home/cardaver/turtlebot3_ws/install/turtlebot3_description/share/turtlebot3_description/urdf/turtlebot3_burger.urdf
[2.875s] -- Installing: /home/cardaver/turtlebot3_ws/install/turtlebot3_description/share/turtlebot3_description/urdf/turtlebot3_waffle_pi.urdf
[2.877s] -- Installing: /home/cardaver/turtlebot3_ws/install/turtlebot3_description/share/turtlebot3_description/urdf/turtlebot3_waffle.urdf
[2.882s] -- Installing: /home/cardaver/turtlebot3_ws/install/turtlebot3_description/share/turtlebot3_description/urdf/common_properties.urdf
[2.885s] -- Installing: /home/cardaver/turtlebot3_ws/install/turtlebot3_description/share/ament_index/resource_index/package_run_dependencies/turtlebot3_description
[2.885s] -- Installing: /home/cardaver/turtlebot3_ws/install/turtlebot3_description/share/ament_index/resource_index/parent_prefix_path/turtlebot3_description
[2.886s] -- Installing: /home/cardaver/turtlebot3_ws/install/turtlebot3_description/share/turtlebot3_description/environment/ament_prefix_path.sh
[2.886s] -- Installing: /home/cardaver/turtlebot3_ws/install/turtlebot3_description/share/turtlebot3_description/environment/ament_prefix_path.dsv
[2.886s] -- Installing: /home/cardaver/turtlebot3_ws/install/turtlebot3_description/share/turtlebot3_description/environment/path.sh
[2.886s] -- Installing: /home/cardaver/turtlebot3_ws/install/turtlebot3_description/share/turtlebot3_description/environment/path.dsv
[2.887s] -- Installing: /home/cardaver/turtlebot3_ws/install/turtlebot3_description/share/turtlebot3_description/local_setup.bash
[2.887s] -- Installing: /home/cardaver/turtlebot3_ws/install/turtlebot3_description/share/turtlebot3_description/local_setup.sh
[2.887s] -- Installing: /home/cardaver/turtlebot3_ws/install/turtlebot3_description/share/turtlebot3_description/local_setup.zsh
[2.887s] -- Installing: /home/cardaver/turtlebot3_ws/install/turtlebot3_description/share/turtlebot3_description/local_setup.dsv
[2.887s] -- Installing: /home/cardaver/turtlebot3_ws/install/turtlebot3_description/share/turtlebot3_description/package.dsv
[2.887s] -- Installing: /home/cardaver/turtlebot3_ws/install/turtlebot3_description/share/ament_index/resource_index/packages/turtlebot3_description
[2.888s] -- Installing: /home/cardaver/turtlebot3_ws/install/turtlebot3_description/share/turtlebot3_description/cmake/turtlebot3_descriptionConfig.cmake
[2.888s] -- Installing: /home/cardaver/turtlebot3_ws/install/turtlebot3_description/share/turtlebot3_description/cmake/turtlebot3_descriptionConfig-version.cmake
[2.888s] -- Installing: /home/cardaver/turtlebot3_ws/install/turtlebot3_description/share/turtlebot3_description/package.xml
[2.895s] Invoked command in '/home/cardaver/turtlebot3_ws/build/turtlebot3_description' returned '0': CMAKE_PREFIX_PATH=${CMAKE_PREFIX_PATH}:/home/cardaver/turtlebot3_ws/install/turtlebot3_teleop:/home/cardaver/turtlebot3_ws/install/turtlebot3_example:/opt/ros/jazzy PS1=\[\033[01;32m\][\u@\h\[\033[01;37m\] \W\[\033[01;32m\]]\$\[\033[00m\] /usr/bin/cmake --install /home/cardaver/turtlebot3_ws/build/turtlebot3_description
