[1.417s] Invoking command in '/home/cardaver/turtlebot3_ws/src/wielokaty': PS1=\[\033[01;32m\][\u@\h\[\033[01;37m\] \W\[\033[01;32m\]]\$\[\033[00m\] PYTHONPATH=/home/cardaver/turtlebot3_ws/build/wielokaty/prefix_override:/usr/lib/python3/dist-packages/colcon_core/task/python/colcon_distutils_commands:/home/cardaver/turtlebot3_ws/install/wielokaty/lib/python3.12/site-packages:${PYTHONPATH} /usr/bin/python3 -W ignore:setup.py install is deprecated -W ignore:easy_install command is deprecated setup.py egg_info --egg-base ../../build/wielokaty build --build-base /home/cardaver/turtlebot3_ws/build/wielokaty/build install --record /home/cardaver/turtlebot3_ws/build/wielokaty/install.log --single-version-externally-managed install_data
[1.803s] running egg_info
[1.827s] writing ../../build/wielokaty/wielokaty.egg-info/PKG-INFO
[1.828s] writing dependency_links to ../../build/wielokaty/wielokaty.egg-info/dependency_links.txt
[1.828s] writing entry points to ../../build/wielokaty/wielokaty.egg-info/entry_points.txt
[1.829s] writing requirements to ../../build/wielokaty/wielokaty.egg-info/requires.txt
[1.829s] writing top-level names to ../../build/wielokaty/wielokaty.egg-info/top_level.txt
[1.876s] reading manifest file '../../build/wielokaty/wielokaty.egg-info/SOURCES.txt'
[1.877s] writing manifest file '../../build/wielokaty/wielokaty.egg-info/SOURCES.txt'
[1.877s] running build
[1.877s] running build_py
[1.877s] copying wielokaty/symulacja.py -> /home/cardaver/turtlebot3_ws/build/wielokaty/build/lib/wielokaty
[1.878s] running install
[1.885s] running install_lib
[1.909s] copying /home/cardaver/turtlebot3_ws/build/wielokaty/build/lib/wielokaty/symulacja.py -> /home/cardaver/turtlebot3_ws/install/wielokaty/lib/python3.12/site-packages/wielokaty
[1.912s] byte-compiling /home/cardaver/turtlebot3_ws/install/wielokaty/lib/python3.12/site-packages/wielokaty/symulacja.py to symulacja.cpython-312.pyc
[1.914s] running install_data
[1.914s] running install_egg_info
[1.937s] removing '/home/cardaver/turtlebot3_ws/install/wielokaty/lib/python3.12/site-packages/wielokaty-0.0.0-py3.12.egg-info' (and everything under it)
[1.938s] Copying ../../build/wielokaty/wielokaty.egg-info to /home/cardaver/turtlebot3_ws/install/wielokaty/lib/python3.12/site-packages/wielokaty-0.0.0-py3.12.egg-info
[1.940s] running install_scripts
[2.131s] Installing wiel script to /home/cardaver/turtlebot3_ws/install/wielokaty/lib/wielokaty
[2.132s] writing list of installed files to '/home/cardaver/turtlebot3_ws/build/wielokaty/install.log'
[2.263s] Invoked command in '/home/cardaver/turtlebot3_ws/src/wielokaty' returned '0': PS1=\[\033[01;32m\][\u@\h\[\033[01;37m\] \W\[\033[01;32m\]]\$\[\033[00m\] PYTHONPATH=/home/cardaver/turtlebot3_ws/build/wielokaty/prefix_override:/usr/lib/python3/dist-packages/colcon_core/task/python/colcon_distutils_commands:/home/cardaver/turtlebot3_ws/install/wielokaty/lib/python3.12/site-packages:${PYTHONPATH} /usr/bin/python3 -W ignore:setup.py install is deprecated -W ignore:easy_install command is deprecated setup.py egg_info --egg-base ../../build/wielokaty build --build-base /home/cardaver/turtlebot3_ws/build/wielokaty/build install --record /home/cardaver/turtlebot3_ws/build/wielokaty/install.log --single-version-externally-managed install_data
