[1.740s] Invoking command in '/home/cardaver/turtlebot3_ws/src/build/turtlebot3_example': AMENT_PREFIX_PATH=/home/cardaver/turtlebot3_ws/src/install/turtlebot3_msgs:${AMENT_PREFIX_PATH} CMAKE_PREFIX_PATH=/home/cardaver/turtlebot3_ws/src/install/turtlebot3_msgs:${CMAKE_PREFIX_PATH} LD_LIBRARY_PATH=/home/cardaver/turtlebot3_ws/src/install/turtlebot3_msgs/lib:${LD_LIBRARY_PATH} PS1=\[\033[01;32m\][\u@\h\[\033[01;37m\] \W\[\033[01;32m\]]\$\[\033[00m\] PYTHONPATH=/home/cardaver/turtlebot3_ws/src/build/turtlebot3_example/prefix_override:/usr/lib/python3/dist-packages/colcon_core/task/python/colcon_distutils_commands:/home/cardaver/turtlebot3_ws/src/install/turtlebot3_example/lib/python3.12/site-packages:/home/cardaver/turtlebot3_ws/src/install/turtlebot3_msgs/lib/python3.12/site-packages:${PYTHONPATH} /usr/bin/python3 -W ignore:setup.py install is deprecated -W ignore:easy_install command is deprecated setup.py develop --editable --build-directory /home/cardaver/turtlebot3_ws/src/build/turtlebot3_example/build --no-deps symlink_data
[2.324s] running develop
[2.598s] running egg_info
[2.598s] creating turtlebot3_example.egg-info
[2.622s] writing turtlebot3_example.egg-info/PKG-INFO
[2.623s] writing dependency_links to turtlebot3_example.egg-info/dependency_links.txt
[2.623s] writing entry points to turtlebot3_example.egg-info/entry_points.txt
[2.623s] writing requirements to turtlebot3_example.egg-info/requires.txt
[2.623s] writing top-level names to turtlebot3_example.egg-info/top_level.txt
[2.624s] writing manifest file 'turtlebot3_example.egg-info/SOURCES.txt'
[2.678s] reading manifest file 'turtlebot3_example.egg-info/SOURCES.txt'
[2.679s] writing manifest file 'turtlebot3_example.egg-info/SOURCES.txt'
[2.706s] running build_ext
[2.706s] Creating /home/cardaver/turtlebot3_ws/src/install/turtlebot3_example/lib/python3.12/site-packages/turtlebot3-example.egg-link (link to .)
[2.707s] Installing turtlebot3_absolute_move script to /home/cardaver/turtlebot3_ws/src/install/turtlebot3_example/lib/turtlebot3_example
[2.707s] Installing turtlebot3_interactive_marker script to /home/cardaver/turtlebot3_ws/src/install/turtlebot3_example/lib/turtlebot3_example
[2.708s] Installing turtlebot3_obstacle_detection script to /home/cardaver/turtlebot3_ws/src/install/turtlebot3_example/lib/turtlebot3_example
[2.708s] Installing turtlebot3_patrol_client script to /home/cardaver/turtlebot3_ws/src/install/turtlebot3_example/lib/turtlebot3_example
[2.708s] Installing turtlebot3_patrol_server script to /home/cardaver/turtlebot3_ws/src/install/turtlebot3_example/lib/turtlebot3_example
[2.708s] Installing turtlebot3_relative_move script to /home/cardaver/turtlebot3_ws/src/install/turtlebot3_example/lib/turtlebot3_example
[2.709s] 
[2.709s] Installed /home/cardaver/turtlebot3_ws/src/build/turtlebot3_example
[2.709s] running symlink_data
[2.709s] creating /home/cardaver/turtlebot3_ws/src/install/turtlebot3_example/share/ament_index
[2.710s] creating /home/cardaver/turtlebot3_ws/src/install/turtlebot3_example/share/ament_index/resource_index
[2.710s] creating /home/cardaver/turtlebot3_ws/src/install/turtlebot3_example/share/ament_index/resource_index/packages
[2.710s] symbolically linking /home/cardaver/turtlebot3_ws/src/build/turtlebot3_example/resource/turtlebot3_example -> /home/cardaver/turtlebot3_ws/src/install/turtlebot3_example/share/ament_index/resource_index/packages
[2.710s] symbolically linking /home/cardaver/turtlebot3_ws/src/build/turtlebot3_example/package.xml -> /home/cardaver/turtlebot3_ws/src/install/turtlebot3_example/share/turtlebot3_example
[2.781s] Invoked command in '/home/cardaver/turtlebot3_ws/src/build/turtlebot3_example' returned '0': AMENT_PREFIX_PATH=/home/cardaver/turtlebot3_ws/src/install/turtlebot3_msgs:${AMENT_PREFIX_PATH} CMAKE_PREFIX_PATH=/home/cardaver/turtlebot3_ws/src/install/turtlebot3_msgs:${CMAKE_PREFIX_PATH} LD_LIBRARY_PATH=/home/cardaver/turtlebot3_ws/src/install/turtlebot3_msgs/lib:${LD_LIBRARY_PATH} PS1=\[\033[01;32m\][\u@\h\[\033[01;37m\] \W\[\033[01;32m\]]\$\[\033[00m\] PYTHONPATH=/home/cardaver/turtlebot3_ws/src/build/turtlebot3_example/prefix_override:/usr/lib/python3/dist-packages/colcon_core/task/python/colcon_distutils_commands:/home/cardaver/turtlebot3_ws/src/install/turtlebot3_example/lib/python3.12/site-packages:/home/cardaver/turtlebot3_ws/src/install/turtlebot3_msgs/lib/python3.12/site-packages:${PYTHONPATH} /usr/bin/python3 -W ignore:setup.py install is deprecated -W ignore:easy_install command is deprecated setup.py develop --editable --build-directory /home/cardaver/turtlebot3_ws/src/build/turtlebot3_example/build --no-deps symlink_data
