[0.084s] Invoking command in '/home/cardaver/turtlebot3_ws/src/build/turtlebot3_msgs': CMAKE_PREFIX_PATH=${CMAKE_PREFIX_PATH}:/home/cardaver/turtlebot3_ws/install/wielokaty:/home/cardaver/turtlebot3_ws/install/turtlebot3_teleop:/home/cardaver/turtlebot3_ws/install/turtlebot3_example:/home/cardaver/turtlebot3_ws/install/moving_nodes:/opt/ros/jazzy PS1=\[\033[01;32m\][\u@\h\[\033[01;37m\] \W\[\033[01;32m\]]\$\[\033[00m\] /usr/bin/cmake /home/cardaver/turtlebot3_ws/src/turtlebot3_msgs -DAMENT_CMAKE_SYMLINK_INSTALL=1 -DCMAKE_INSTALL_PREFIX=/home/cardaver/turtlebot3_ws/src/install/turtlebot3_msgs
[1.029s] -- The C compiler identification is GNU 13.3.0
[1.030s] -- The CXX compiler identification is GNU 13.3.0
[1.030s] -- Detecting C compiler ABI info
[1.030s] -- Detecting C compiler ABI info - done
[1.031s] -- Check for working C compiler: /usr/bin/cc - skipped
[1.032s] -- Detecting C compile features
[1.033s] -- Detecting C compile features - done
[1.033s] -- Detecting CXX compiler ABI info
[1.034s] -- Detecting CXX compiler ABI info - done
[1.035s] -- Check for working CXX compiler: /usr/bin/c++ - skipped
[1.035s] -- Detecting CXX compile features
[1.035s] -- Detecting CXX compile features - done
[1.035s] -- Found action_msgs: 2.0.3 (/opt/ros/jazzy/share/action_msgs/cmake)
[1.126s] -- Found Python3: /usr/bin/python3 (found version "3.12.3") found components: Interpreter 
[1.252s] -- Override CMake install command with custom implementation using symlinks instead of copying resources
[1.527s] -- Found rosidl_generator_c: 4.6.6 (/opt/ros/jazzy/share/rosidl_generator_c/cmake)
[1.577s] -- Found rosidl_generator_cpp: 4.6.6 (/opt/ros/jazzy/share/rosidl_generator_cpp/cmake)
[1.629s] -- Using all available rosidl_typesupport_c: rosidl_typesupport_fastrtps_c;rosidl_typesupport_introspection_c
[1.679s] -- Using all available rosidl_typesupport_cpp: rosidl_typesupport_fastrtps_cpp;rosidl_typesupport_introspection_cpp
[1.826s] -- Found rosidl_default_generators: 1.6.0 (/opt/ros/jazzy/share/rosidl_default_generators/cmake)
[1.888s] -- Found rosidl_adapter: 4.6.6 (/opt/ros/jazzy/share/rosidl_adapter/cmake)
[1.899s] -- Found std_msgs: 5.3.6 (/opt/ros/jazzy/share/std_msgs/cmake)
[1.952s] -- Found geometry_msgs: 5.3.6 (/opt/ros/jazzy/share/geometry_msgs/cmake)
[3.190s] -- Found ament_cmake_cppcheck: 0.17.3 (/opt/ros/jazzy/share/ament_cmake_cppcheck/cmake)
[3.205s] -- Found ament_cmake_cpplint: 0.17.3 (/opt/ros/jazzy/share/ament_cmake_cpplint/cmake)
[3.225s] -- Found ament_cmake_uncrustify: 0.17.3 (/opt/ros/jazzy/share/ament_cmake_uncrustify/cmake)
[3.236s] -- Found ament_cmake_ros: 0.12.0 (/opt/ros/jazzy/share/ament_cmake_ros/cmake)
[4.952s] -- Using all available rosidl_typesupport_c: rosidl_typesupport_fastrtps_c;rosidl_typesupport_introspection_c
[5.759s] -- Using all available rosidl_typesupport_cpp: rosidl_typesupport_fastrtps_cpp;rosidl_typesupport_introspection_cpp
[5.773s] -- Found python_cmake_module: 0.11.1 (/opt/ros/jazzy/share/python_cmake_module/cmake)
[6.023s] -- Found PythonExtra: /usr/bin/python3  
[6.821s] -- Found Python3: /usr/bin/python3 (found version "3.12.3") found components: Interpreter Development NumPy Development.Module Development.Embed 
[7.033s] -- Found ament_cmake_flake8: 0.17.3 (/opt/ros/jazzy/share/ament_cmake_flake8/cmake)
[7.051s] -- Found ament_cmake_pep257: 0.17.3 (/opt/ros/jazzy/share/ament_cmake_pep257/cmake)
[7.090s] -- Configuring done (7.0s)
[7.176s] -- Generating done (0.1s)
[7.191s] -- Build files have been written to: /home/cardaver/turtlebot3_ws/src/build/turtlebot3_msgs
