[0.040s] Invoking command in '/home/cardaver/turtlebot3_ws/src/build/turtlebot3_node': AMENT_PREFIX_PATH=/home/cardaver/turtlebot3_ws/src/install/turtlebot3_msgs:/home/cardaver/turtlebot3_ws/src/install/dynamixel_sdk:${AMENT_PREFIX_PATH} CMAKE_PREFIX_PATH=/home/cardaver/turtlebot3_ws/src/install/turtlebot3_msgs:/home/cardaver/turtlebot3_ws/src/install/dynamixel_sdk:/home/cardaver/turtlebot3_ws/install/turtlebot3:/home/cardaver/turtlebot3_ws/install/turtlebot3_simulations:/home/cardaver/turtlebot3_ws/install/turtlebot3_bringup:/home/cardaver/turtlebot3_ws/install/turtlebot3_node:/home/cardaver/turtlebot3_ws/install/turtlebot3_navigation2:/home/cardaver/turtlebot3_ws/install/turtlebot3_fake_node:/home/cardaver/turtlebot3_ws/install/turtlebot3_msgs:/home/cardaver/turtlebot3_ws/install/turtlebot3_gazebo:/home/cardaver/turtlebot3_ws/install/turtlebot3_description:/home/cardaver/turtlebot3_ws/install/turtlebot3_cartographer:/home/cardaver/turtlebot3_ws/install/dynamixel_sdk_examples:/home/cardaver/turtlebot3_ws/install/dynamixel_sdk_custom_interfaces:/home/cardaver/turtlebot3_ws/install/dynamixel_sdk:/opt/ros/jazzy/opt/gz_sim_vendor:/opt/ros/jazzy/opt/gz_sensors_vendor:/opt/ros/jazzy/opt/gz_physics_vendor:/opt/ros/jazzy/opt/sdformat_vendor:/opt/ros/jazzy/opt/gz_gui_vendor:/opt/ros/jazzy/opt/gz_transport_vendor:/opt/ros/jazzy/opt/gz_rendering_vendor:/opt/ros/jazzy/opt/gz_plugin_vendor:/opt/ros/jazzy/opt/gz_fuel_tools_vendor:/opt/ros/jazzy/opt/gz_msgs_vendor:/opt/ros/jazzy/opt/gz_common_vendor:/opt/ros/jazzy/opt/gz_math_vendor:/opt/ros/jazzy/opt/gz_utils_vendor:/opt/ros/jazzy/opt/gz_tools_vendor:/opt/ros/jazzy/opt/gz_ogre_next_vendor:/opt/ros/jazzy/opt/gz_dartsim_vendor:/opt/ros/jazzy/opt/gz_cmake_vendor:/home/cardaver/turtlebot3_ws/install/wielokaty:/home/cardaver/turtlebot3_ws/install/turtlebot3_teleop:/home/cardaver/turtlebot3_ws/install/turtlebot3_example:/home/cardaver/turtlebot3_ws/install/moving_nodes:/opt/ros/jazzy LD_LIBRARY_PATH=/home/cardaver/turtlebot3_ws/src/install/turtlebot3_msgs/lib:/home/cardaver/turtlebot3_ws/src/install/dynamixel_sdk/lib:${LD_LIBRARY_PATH} PS1=\[\033[01;32m\][\u@\h\[\033[01;37m\] \W\[\033[01;32m\]]\$\[\033[00m\] PYTHONPATH=/home/cardaver/turtlebot3_ws/src/install/turtlebot3_msgs/lib/python3.12/site-packages:/home/cardaver/turtlebot3_ws/src/install/dynamixel_sdk/lib/python3.12/site-packages:${PYTHONPATH} /usr/bin/cmake /home/cardaver/turtlebot3_ws/src/turtlebot3/turtlebot3_node -DAMENT_CMAKE_SYMLINK_INSTALL=1 -DCMAKE_INSTALL_PREFIX=/home/cardaver/turtlebot3_ws/src/install/turtlebot3_node
[0.464s] -- The C compiler identification is GNU 13.3.0
[0.465s] -- The CXX compiler identification is GNU 13.3.0
[0.465s] -- Detecting C compiler ABI info
[0.465s] -- Detecting C compiler ABI info - done
[0.465s] -- Check for working C compiler: /usr/bin/cc - skipped
[0.465s] -- Detecting C compile features
[0.466s] -- Detecting C compile features - done
[0.466s] -- Detecting CXX compiler ABI info
[0.589s] -- Detecting CXX compiler ABI info - done
[0.610s] -- Check for working CXX compiler: /usr/bin/c++ - skipped
[0.610s] -- Detecting CXX compile features
[0.612s] -- Detecting CXX compile features - done
[0.623s] -- Found ament_cmake: 2.5.4 (/opt/ros/jazzy/share/ament_cmake/cmake)
[0.977s] -- Found Python3: /usr/bin/python3 (found version "3.12.3") found components: Interpreter 
[1.144s] -- Override CMake install command with custom implementation using symlinks instead of copying resources
[1.252s] -- Found dynamixel_sdk: 3.8.4 (/home/cardaver/turtlebot3_ws/src/install/dynamixel_sdk/share/dynamixel_sdk/cmake)
[1.267s] -- Found geometry_msgs: 5.3.6 (/opt/ros/jazzy/share/geometry_msgs/cmake)
[1.435s] -- Found rosidl_generator_c: 4.6.6 (/opt/ros/jazzy/share/rosidl_generator_c/cmake)
[1.485s] -- Found rosidl_generator_cpp: 4.6.6 (/opt/ros/jazzy/share/rosidl_generator_cpp/cmake)
[1.542s] -- Using all available rosidl_typesupport_c: rosidl_typesupport_fastrtps_c;rosidl_typesupport_introspection_c
[1.604s] -- Using all available rosidl_typesupport_cpp: rosidl_typesupport_fastrtps_cpp;rosidl_typesupport_introspection_cpp
[1.708s] -- Found message_filters: 4.11.8 (/opt/ros/jazzy/share/message_filters/cmake)
[1.928s] -- Found rmw_implementation_cmake: 7.3.2 (/opt/ros/jazzy/share/rmw_implementation_cmake/cmake)
[1.942s] -- Found rmw_fastrtps_cpp: 8.4.3 (/opt/ros/jazzy/share/rmw_fastrtps_cpp/cmake)
[2.144s] -- Found OpenSSL: /usr/lib/x86_64-linux-gnu/libcrypto.so (found version "3.0.13")  
[2.196s] -- Found FastRTPS: /opt/ros/jazzy/include (Required is at least version "2.13") 
[2.245s] -- Using RMW implementation 'rmw_fastrtps_cpp' as default
[2.398s] -- Found nav_msgs: 5.3.6 (/opt/ros/jazzy/share/nav_msgs/cmake)
[2.454s] -- Found sensor_msgs: 5.3.6 (/opt/ros/jazzy/share/sensor_msgs/cmake)
[2.528s] -- Found std_srvs: 5.3.6 (/opt/ros/jazzy/share/std_srvs/cmake)
[2.588s] -- Found tf2: 0.36.14 (/opt/ros/jazzy/share/tf2/cmake)
[2.606s] -- Found tf2_ros: 0.36.14 (/opt/ros/jazzy/share/tf2_ros/cmake)
[2.972s] -- Found turtlebot3_msgs: 2.4.0 (/home/cardaver/turtlebot3_ws/src/install/turtlebot3_msgs/share/turtlebot3_msgs/cmake)
[3.225s] -- Configuring done (3.2s)
[3.258s] -- Generating done (0.0s)
[3.266s] -- Build files have been written to: /home/cardaver/turtlebot3_ws/src/build/turtlebot3_node
[3.283s] Invoked command in '/home/cardaver/turtlebot3_ws/src/build/turtlebot3_node' returned '0': AMENT_PREFIX_PATH=/home/cardaver/turtlebot3_ws/src/install/turtlebot3_msgs:/home/cardaver/turtlebot3_ws/src/install/dynamixel_sdk:${AMENT_PREFIX_PATH} CMAKE_PREFIX_PATH=/home/cardaver/turtlebot3_ws/src/install/turtlebot3_msgs:/home/cardaver/turtlebot3_ws/src/install/dynamixel_sdk:/home/cardaver/turtlebot3_ws/install/turtlebot3:/home/cardaver/turtlebot3_ws/install/turtlebot3_simulations:/home/cardaver/turtlebot3_ws/install/turtlebot3_bringup:/home/cardaver/turtlebot3_ws/install/turtlebot3_node:/home/cardaver/turtlebot3_ws/install/turtlebot3_navigation2:/home/cardaver/turtlebot3_ws/install/turtlebot3_fake_node:/home/cardaver/turtlebot3_ws/install/turtlebot3_msgs:/home/cardaver/turtlebot3_ws/install/turtlebot3_gazebo:/home/cardaver/turtlebot3_ws/install/turtlebot3_description:/home/cardaver/turtlebot3_ws/install/turtlebot3_cartographer:/home/cardaver/turtlebot3_ws/install/dynamixel_sdk_examples:/home/cardaver/turtlebot3_ws/install/dynamixel_sdk_custom_interfaces:/home/cardaver/turtlebot3_ws/install/dynamixel_sdk:/opt/ros/jazzy/opt/gz_sim_vendor:/opt/ros/jazzy/opt/gz_sensors_vendor:/opt/ros/jazzy/opt/gz_physics_vendor:/opt/ros/jazzy/opt/sdformat_vendor:/opt/ros/jazzy/opt/gz_gui_vendor:/opt/ros/jazzy/opt/gz_transport_vendor:/opt/ros/jazzy/opt/gz_rendering_vendor:/opt/ros/jazzy/opt/gz_plugin_vendor:/opt/ros/jazzy/opt/gz_fuel_tools_vendor:/opt/ros/jazzy/opt/gz_msgs_vendor:/opt/ros/jazzy/opt/gz_common_vendor:/opt/ros/jazzy/opt/gz_math_vendor:/opt/ros/jazzy/opt/gz_utils_vendor:/opt/ros/jazzy/opt/gz_tools_vendor:/opt/ros/jazzy/opt/gz_ogre_next_vendor:/opt/ros/jazzy/opt/gz_dartsim_vendor:/opt/ros/jazzy/opt/gz_cmake_vendor:/home/cardaver/turtlebot3_ws/install/wielokaty:/home/cardaver/turtlebot3_ws/install/turtlebot3_teleop:/home/cardaver/turtlebot3_ws/install/turtlebot3_example:/home/cardaver/turtlebot3_ws/install/moving_nodes:/opt/ros/jazzy LD_LIBRARY_PATH=/home/cardaver/turtlebot3_ws/src/install/turtlebot3_msgs/lib:/home/cardaver/turtlebot3_ws/src/install/dynamixel_sdk/lib:${LD_LIBRARY_PATH} PS1=\[\033[01;32m\][\u@\h\[\033[01;37m\] \W\[\033[01;32m\]]\$\[\033[00m\] PYTHONPATH=/home/cardaver/turtlebot3_ws/src/install/turtlebot3_msgs/lib/python3.12/site-packages:/home/cardaver/turtlebot3_ws/src/install/dynamixel_sdk/lib/python3.12/site-packages:${PYTHONPATH} /usr/bin/cmake /home/cardaver/turtlebot3_ws/src/turtlebot3/turtlebot3_node -DAMENT_CMAKE_SYMLINK_INSTALL=1 -DCMAKE_INSTALL_PREFIX=/home/cardaver/turtlebot3_ws/src/install/turtlebot3_node
[3.285s] Invoking command in '/home/cardaver/turtlebot3_ws/src/build/turtlebot3_node': AMENT_PREFIX_PATH=/home/cardaver/turtlebot3_ws/src/install/turtlebot3_msgs:/home/cardaver/turtlebot3_ws/src/install/dynamixel_sdk:${AMENT_PREFIX_PATH} CMAKE_PREFIX_PATH=/home/cardaver/turtlebot3_ws/src/install/turtlebot3_msgs:/home/cardaver/turtlebot3_ws/src/install/dynamixel_sdk:/home/cardaver/turtlebot3_ws/install/turtlebot3:/home/cardaver/turtlebot3_ws/install/turtlebot3_simulations:/home/cardaver/turtlebot3_ws/install/turtlebot3_bringup:/home/cardaver/turtlebot3_ws/install/turtlebot3_node:/home/cardaver/turtlebot3_ws/install/turtlebot3_navigation2:/home/cardaver/turtlebot3_ws/install/turtlebot3_fake_node:/home/cardaver/turtlebot3_ws/install/turtlebot3_msgs:/home/cardaver/turtlebot3_ws/install/turtlebot3_gazebo:/home/cardaver/turtlebot3_ws/install/turtlebot3_description:/home/cardaver/turtlebot3_ws/install/turtlebot3_cartographer:/home/cardaver/turtlebot3_ws/install/dynamixel_sdk_examples:/home/cardaver/turtlebot3_ws/install/dynamixel_sdk_custom_interfaces:/home/cardaver/turtlebot3_ws/install/dynamixel_sdk:/opt/ros/jazzy/opt/gz_sim_vendor:/opt/ros/jazzy/opt/gz_sensors_vendor:/opt/ros/jazzy/opt/gz_physics_vendor:/opt/ros/jazzy/opt/sdformat_vendor:/opt/ros/jazzy/opt/gz_gui_vendor:/opt/ros/jazzy/opt/gz_transport_vendor:/opt/ros/jazzy/opt/gz_rendering_vendor:/opt/ros/jazzy/opt/gz_plugin_vendor:/opt/ros/jazzy/opt/gz_fuel_tools_vendor:/opt/ros/jazzy/opt/gz_msgs_vendor:/opt/ros/jazzy/opt/gz_common_vendor:/opt/ros/jazzy/opt/gz_math_vendor:/opt/ros/jazzy/opt/gz_utils_vendor:/opt/ros/jazzy/opt/gz_tools_vendor:/opt/ros/jazzy/opt/gz_ogre_next_vendor:/opt/ros/jazzy/opt/gz_dartsim_vendor:/opt/ros/jazzy/opt/gz_cmake_vendor:/home/cardaver/turtlebot3_ws/install/wielokaty:/home/cardaver/turtlebot3_ws/install/turtlebot3_teleop:/home/cardaver/turtlebot3_ws/install/turtlebot3_example:/home/cardaver/turtlebot3_ws/install/moving_nodes:/opt/ros/jazzy LD_LIBRARY_PATH=/home/cardaver/turtlebot3_ws/src/install/turtlebot3_msgs/lib:/home/cardaver/turtlebot3_ws/src/install/dynamixel_sdk/lib:${LD_LIBRARY_PATH} PS1=\[\033[01;32m\][\u@\h\[\033[01;37m\] \W\[\033[01;32m\]]\$\[\033[00m\] PYTHONPATH=/home/cardaver/turtlebot3_ws/src/install/turtlebot3_msgs/lib/python3.12/site-packages:/home/cardaver/turtlebot3_ws/src/install/dynamixel_sdk/lib/python3.12/site-packages:${PYTHONPATH} /usr/bin/cmake --build /home/cardaver/turtlebot3_ws/src/build/turtlebot3_node -- -j16 -l16
[3.383s] [  7%] [32mBuilding CXX object CMakeFiles/turtlebot3_node_lib.dir/src/devices/motor_power.cpp.o[0m
[3.388s] [ 14%] [32mBuilding CXX object CMakeFiles/turtlebot3_node_lib.dir/src/devices/reset.cpp.o[0m
[3.390s] [ 21%] [32mBuilding CXX object CMakeFiles/turtlebot3_node_lib.dir/src/sensors/imu.cpp.o[0m
[3.391s] [ 28%] [32mBuilding CXX object CMakeFiles/turtlebot3_node_lib.dir/src/odometry.cpp.o[0m
[3.391s] [ 35%] [32mBuilding CXX object CMakeFiles/turtlebot3_node_lib.dir/src/turtlebot3.cpp.o[0m
[3.391s] [ 42%] [32mBuilding CXX object CMakeFiles/turtlebot3_node_lib.dir/src/sensors/sensor_state.cpp.o[0m
[3.396s] [ 50%] [32mBuilding CXX object CMakeFiles/turtlebot3_node_lib.dir/src/devices/sound.cpp.o[0m
[3.396s] [ 57%] [32mBuilding CXX object CMakeFiles/turtlebot3_node_lib.dir/src/sensors/joint_state.cpp.o[0m
[3.397s] [ 64%] [32mBuilding CXX object CMakeFiles/turtlebot3_node_lib.dir/src/diff_drive_controller.cpp.o[0m
[3.397s] [ 71%] [32mBuilding CXX object CMakeFiles/turtlebot3_node_lib.dir/src/sensors/battery_state.cpp.o[0m
[3.398s] [ 78%] [32mBuilding CXX object CMakeFiles/turtlebot3_node_lib.dir/src/dynamixel_sdk_wrapper.cpp.o[0m
[24.762s] [ 85%] [32m[1mLinking CXX static library libturtlebot3_node_lib.a[0m
[25.352s] [ 85%] Built target turtlebot3_node_lib
[25.409s] [ 92%] [32mBuilding CXX object CMakeFiles/turtlebot3_ros.dir/src/node_main.cpp.o[0m
[29.584s] [100%] [32m[1mLinking CXX executable turtlebot3_ros[0m
[31.205s] [100%] Built target turtlebot3_ros
[31.221s] Invoked command in '/home/cardaver/turtlebot3_ws/src/build/turtlebot3_node' returned '0': AMENT_PREFIX_PATH=/home/cardaver/turtlebot3_ws/src/install/turtlebot3_msgs:/home/cardaver/turtlebot3_ws/src/install/dynamixel_sdk:${AMENT_PREFIX_PATH} CMAKE_PREFIX_PATH=/home/cardaver/turtlebot3_ws/src/install/turtlebot3_msgs:/home/cardaver/turtlebot3_ws/src/install/dynamixel_sdk:/home/cardaver/turtlebot3_ws/install/turtlebot3:/home/cardaver/turtlebot3_ws/install/turtlebot3_simulations:/home/cardaver/turtlebot3_ws/install/turtlebot3_bringup:/home/cardaver/turtlebot3_ws/install/turtlebot3_node:/home/cardaver/turtlebot3_ws/install/turtlebot3_navigation2:/home/cardaver/turtlebot3_ws/install/turtlebot3_fake_node:/home/cardaver/turtlebot3_ws/install/turtlebot3_msgs:/home/cardaver/turtlebot3_ws/install/turtlebot3_gazebo:/home/cardaver/turtlebot3_ws/install/turtlebot3_description:/home/cardaver/turtlebot3_ws/install/turtlebot3_cartographer:/home/cardaver/turtlebot3_ws/install/dynamixel_sdk_examples:/home/cardaver/turtlebot3_ws/install/dynamixel_sdk_custom_interfaces:/home/cardaver/turtlebot3_ws/install/dynamixel_sdk:/opt/ros/jazzy/opt/gz_sim_vendor:/opt/ros/jazzy/opt/gz_sensors_vendor:/opt/ros/jazzy/opt/gz_physics_vendor:/opt/ros/jazzy/opt/sdformat_vendor:/opt/ros/jazzy/opt/gz_gui_vendor:/opt/ros/jazzy/opt/gz_transport_vendor:/opt/ros/jazzy/opt/gz_rendering_vendor:/opt/ros/jazzy/opt/gz_plugin_vendor:/opt/ros/jazzy/opt/gz_fuel_tools_vendor:/opt/ros/jazzy/opt/gz_msgs_vendor:/opt/ros/jazzy/opt/gz_common_vendor:/opt/ros/jazzy/opt/gz_math_vendor:/opt/ros/jazzy/opt/gz_utils_vendor:/opt/ros/jazzy/opt/gz_tools_vendor:/opt/ros/jazzy/opt/gz_ogre_next_vendor:/opt/ros/jazzy/opt/gz_dartsim_vendor:/opt/ros/jazzy/opt/gz_cmake_vendor:/home/cardaver/turtlebot3_ws/install/wielokaty:/home/cardaver/turtlebot3_ws/install/turtlebot3_teleop:/home/cardaver/turtlebot3_ws/install/turtlebot3_example:/home/cardaver/turtlebot3_ws/install/moving_nodes:/opt/ros/jazzy LD_LIBRARY_PATH=/home/cardaver/turtlebot3_ws/src/install/turtlebot3_msgs/lib:/home/cardaver/turtlebot3_ws/src/install/dynamixel_sdk/lib:${LD_LIBRARY_PATH} PS1=\[\033[01;32m\][\u@\h\[\033[01;37m\] \W\[\033[01;32m\]]\$\[\033[00m\] PYTHONPATH=/home/cardaver/turtlebot3_ws/src/install/turtlebot3_msgs/lib/python3.12/site-packages:/home/cardaver/turtlebot3_ws/src/install/dynamixel_sdk/lib/python3.12/site-packages:${PYTHONPATH} /usr/bin/cmake --build /home/cardaver/turtlebot3_ws/src/build/turtlebot3_node -- -j16 -l16
[31.224s] Invoking command in '/home/cardaver/turtlebot3_ws/src/build/turtlebot3_node': AMENT_PREFIX_PATH=/home/cardaver/turtlebot3_ws/src/install/turtlebot3_msgs:/home/cardaver/turtlebot3_ws/src/install/dynamixel_sdk:${AMENT_PREFIX_PATH} CMAKE_PREFIX_PATH=/home/cardaver/turtlebot3_ws/src/install/turtlebot3_msgs:/home/cardaver/turtlebot3_ws/src/install/dynamixel_sdk:/home/cardaver/turtlebot3_ws/install/turtlebot3:/home/cardaver/turtlebot3_ws/install/turtlebot3_simulations:/home/cardaver/turtlebot3_ws/install/turtlebot3_bringup:/home/cardaver/turtlebot3_ws/install/turtlebot3_node:/home/cardaver/turtlebot3_ws/install/turtlebot3_navigation2:/home/cardaver/turtlebot3_ws/install/turtlebot3_fake_node:/home/cardaver/turtlebot3_ws/install/turtlebot3_msgs:/home/cardaver/turtlebot3_ws/install/turtlebot3_gazebo:/home/cardaver/turtlebot3_ws/install/turtlebot3_description:/home/cardaver/turtlebot3_ws/install/turtlebot3_cartographer:/home/cardaver/turtlebot3_ws/install/dynamixel_sdk_examples:/home/cardaver/turtlebot3_ws/install/dynamixel_sdk_custom_interfaces:/home/cardaver/turtlebot3_ws/install/dynamixel_sdk:/opt/ros/jazzy/opt/gz_sim_vendor:/opt/ros/jazzy/opt/gz_sensors_vendor:/opt/ros/jazzy/opt/gz_physics_vendor:/opt/ros/jazzy/opt/sdformat_vendor:/opt/ros/jazzy/opt/gz_gui_vendor:/opt/ros/jazzy/opt/gz_transport_vendor:/opt/ros/jazzy/opt/gz_rendering_vendor:/opt/ros/jazzy/opt/gz_plugin_vendor:/opt/ros/jazzy/opt/gz_fuel_tools_vendor:/opt/ros/jazzy/opt/gz_msgs_vendor:/opt/ros/jazzy/opt/gz_common_vendor:/opt/ros/jazzy/opt/gz_math_vendor:/opt/ros/jazzy/opt/gz_utils_vendor:/opt/ros/jazzy/opt/gz_tools_vendor:/opt/ros/jazzy/opt/gz_ogre_next_vendor:/opt/ros/jazzy/opt/gz_dartsim_vendor:/opt/ros/jazzy/opt/gz_cmake_vendor:/home/cardaver/turtlebot3_ws/install/wielokaty:/home/cardaver/turtlebot3_ws/install/turtlebot3_teleop:/home/cardaver/turtlebot3_ws/install/turtlebot3_example:/home/cardaver/turtlebot3_ws/install/moving_nodes:/opt/ros/jazzy LD_LIBRARY_PATH=/home/cardaver/turtlebot3_ws/src/install/turtlebot3_msgs/lib:/home/cardaver/turtlebot3_ws/src/install/dynamixel_sdk/lib:${LD_LIBRARY_PATH} PS1=\[\033[01;32m\][\u@\h\[\033[01;37m\] \W\[\033[01;32m\]]\$\[\033[00m\] PYTHONPATH=/home/cardaver/turtlebot3_ws/src/install/turtlebot3_msgs/lib/python3.12/site-packages:/home/cardaver/turtlebot3_ws/src/install/dynamixel_sdk/lib/python3.12/site-packages:${PYTHONPATH} /usr/bin/cmake --install /home/cardaver/turtlebot3_ws/src/build/turtlebot3_node
[31.238s] -- Install configuration: ""
[31.238s] -- Execute custom install script
[31.240s] -- Symlinking: /home/cardaver/turtlebot3_ws/src/install/turtlebot3_node/share/turtlebot3_node/param/burger.yaml
[31.259s] -- Symlinking: /home/cardaver/turtlebot3_ws/src/install/turtlebot3_node/share/turtlebot3_node/param/waffle.yaml
[31.275s] -- Symlinking: /home/cardaver/turtlebot3_ws/src/install/turtlebot3_node/share/turtlebot3_node/param/waffle_pi.yaml
[31.287s] -- Symlinking: /home/cardaver/turtlebot3_ws/src/install/turtlebot3_node/lib/turtlebot3_node/turtlebot3_ros
[31.303s] -- Symlinking: /home/cardaver/turtlebot3_ws/src/install/turtlebot3_node/share/ament_index/resource_index/package_run_dependencies/turtlebot3_node
[31.321s] -- Symlinking: /home/cardaver/turtlebot3_ws/src/install/turtlebot3_node/share/ament_index/resource_index/parent_prefix_path/turtlebot3_node
[31.337s] -- Symlinking: /home/cardaver/turtlebot3_ws/src/install/turtlebot3_node/share/turtlebot3_node/environment/ament_prefix_path.sh
[31.350s] -- Symlinking: /home/cardaver/turtlebot3_ws/src/install/turtlebot3_node/share/turtlebot3_node/environment/ament_prefix_path.dsv
[31.369s] -- Symlinking: /home/cardaver/turtlebot3_ws/src/install/turtlebot3_node/share/turtlebot3_node/environment/path.sh
[31.383s] -- Symlinking: /home/cardaver/turtlebot3_ws/src/install/turtlebot3_node/share/turtlebot3_node/environment/path.dsv
[31.397s] -- Symlinking: /home/cardaver/turtlebot3_ws/src/install/turtlebot3_node/share/turtlebot3_node/local_setup.bash
[31.410s] -- Symlinking: /home/cardaver/turtlebot3_ws/src/install/turtlebot3_node/share/turtlebot3_node/local_setup.sh
[31.423s] -- Symlinking: /home/cardaver/turtlebot3_ws/src/install/turtlebot3_node/share/turtlebot3_node/local_setup.zsh
[31.436s] -- Symlinking: /home/cardaver/turtlebot3_ws/src/install/turtlebot3_node/share/turtlebot3_node/local_setup.dsv
[31.450s] -- Symlinking: /home/cardaver/turtlebot3_ws/src/install/turtlebot3_node/share/turtlebot3_node/package.dsv
[31.466s] -- Symlinking: /home/cardaver/turtlebot3_ws/src/install/turtlebot3_node/share/ament_index/resource_index/packages/turtlebot3_node
[31.478s] -- Symlinking: /home/cardaver/turtlebot3_ws/src/install/turtlebot3_node/share/turtlebot3_node/cmake/ament_cmake_export_dependencies-extras.cmake
[31.497s] -- Symlinking: /home/cardaver/turtlebot3_ws/src/install/turtlebot3_node/share/turtlebot3_node/cmake/ament_cmake_export_include_directories-extras.cmake
[31.511s] -- Symlinking: /home/cardaver/turtlebot3_ws/src/install/turtlebot3_node/share/turtlebot3_node/cmake/turtlebot3_nodeConfig.cmake
[31.527s] -- Symlinking: /home/cardaver/turtlebot3_ws/src/install/turtlebot3_node/share/turtlebot3_node/cmake/turtlebot3_nodeConfig-version.cmake
[31.539s] -- Symlinking: /home/cardaver/turtlebot3_ws/src/install/turtlebot3_node/share/turtlebot3_node/package.xml
[31.559s] Invoked command in '/home/cardaver/turtlebot3_ws/src/build/turtlebot3_node' returned '0': AMENT_PREFIX_PATH=/home/cardaver/turtlebot3_ws/src/install/turtlebot3_msgs:/home/cardaver/turtlebot3_ws/src/install/dynamixel_sdk:${AMENT_PREFIX_PATH} CMAKE_PREFIX_PATH=/home/cardaver/turtlebot3_ws/src/install/turtlebot3_msgs:/home/cardaver/turtlebot3_ws/src/install/dynamixel_sdk:/home/cardaver/turtlebot3_ws/install/turtlebot3:/home/cardaver/turtlebot3_ws/install/turtlebot3_simulations:/home/cardaver/turtlebot3_ws/install/turtlebot3_bringup:/home/cardaver/turtlebot3_ws/install/turtlebot3_node:/home/cardaver/turtlebot3_ws/install/turtlebot3_navigation2:/home/cardaver/turtlebot3_ws/install/turtlebot3_fake_node:/home/cardaver/turtlebot3_ws/install/turtlebot3_msgs:/home/cardaver/turtlebot3_ws/install/turtlebot3_gazebo:/home/cardaver/turtlebot3_ws/install/turtlebot3_description:/home/cardaver/turtlebot3_ws/install/turtlebot3_cartographer:/home/cardaver/turtlebot3_ws/install/dynamixel_sdk_examples:/home/cardaver/turtlebot3_ws/install/dynamixel_sdk_custom_interfaces:/home/cardaver/turtlebot3_ws/install/dynamixel_sdk:/opt/ros/jazzy/opt/gz_sim_vendor:/opt/ros/jazzy/opt/gz_sensors_vendor:/opt/ros/jazzy/opt/gz_physics_vendor:/opt/ros/jazzy/opt/sdformat_vendor:/opt/ros/jazzy/opt/gz_gui_vendor:/opt/ros/jazzy/opt/gz_transport_vendor:/opt/ros/jazzy/opt/gz_rendering_vendor:/opt/ros/jazzy/opt/gz_plugin_vendor:/opt/ros/jazzy/opt/gz_fuel_tools_vendor:/opt/ros/jazzy/opt/gz_msgs_vendor:/opt/ros/jazzy/opt/gz_common_vendor:/opt/ros/jazzy/opt/gz_math_vendor:/opt/ros/jazzy/opt/gz_utils_vendor:/opt/ros/jazzy/opt/gz_tools_vendor:/opt/ros/jazzy/opt/gz_ogre_next_vendor:/opt/ros/jazzy/opt/gz_dartsim_vendor:/opt/ros/jazzy/opt/gz_cmake_vendor:/home/cardaver/turtlebot3_ws/install/wielokaty:/home/cardaver/turtlebot3_ws/install/turtlebot3_teleop:/home/cardaver/turtlebot3_ws/install/turtlebot3_example:/home/cardaver/turtlebot3_ws/install/moving_nodes:/opt/ros/jazzy LD_LIBRARY_PATH=/home/cardaver/turtlebot3_ws/src/install/turtlebot3_msgs/lib:/home/cardaver/turtlebot3_ws/src/install/dynamixel_sdk/lib:${LD_LIBRARY_PATH} PS1=\[\033[01;32m\][\u@\h\[\033[01;37m\] \W\[\033[01;32m\]]\$\[\033[00m\] PYTHONPATH=/home/cardaver/turtlebot3_ws/src/install/turtlebot3_msgs/lib/python3.12/site-packages:/home/cardaver/turtlebot3_ws/src/install/dynamixel_sdk/lib/python3.12/site-packages:${PYTHONPATH} /usr/bin/cmake --install /home/cardaver/turtlebot3_ws/src/build/turtlebot3_node
