[0.103s] Invoking command in '/home/cardaver/turtlebot3_ws/src/build/turtlebot3_gazebo': CMAKE_PREFIX_PATH=${CMAKE_PREFIX_PATH}:/home/cardaver/turtlebot3_ws/install/wielokaty:/home/cardaver/turtlebot3_ws/install/turtlebot3_teleop:/home/cardaver/turtlebot3_ws/install/turtlebot3_example:/home/cardaver/turtlebot3_ws/install/moving_nodes:/opt/ros/jazzy PS1=\[\033[01;32m\][\u@\h\[\033[01;37m\] \W\[\033[01;32m\]]\$\[\033[00m\] /usr/bin/cmake /home/cardaver/turtlebot3_ws/src/turtlebot3_simulations/turtlebot3_gazebo -DCMAKE_INSTALL_PREFIX=/home/cardaver/turtlebot3_ws/src/install/turtlebot3_gazebo
[1.092s] -- Found ament_cmake: 2.5.4 (/opt/ros/jazzy/share/ament_cmake/cmake)
[1.092s] -- Override CMake install command with custom implementation using symlinks instead of copying resources
[1.092s] -- Found ros_gz_sim: 1.0.16 (/opt/ros/jazzy/share/ros_gz_sim/cmake)
[1.092s] -- Found rosidl_generator_c: 4.6.6 (/opt/ros/jazzy/share/rosidl_generator_c/cmake)
[1.093s] -- Found rosidl_generator_cpp: 4.6.6 (/opt/ros/jazzy/share/rosidl_generator_cpp/cmake)
[1.093s] -- Using all available rosidl_typesupport_c: rosidl_typesupport_fastrtps_c;rosidl_typesupport_introspection_c
[1.093s] -- Using all available rosidl_typesupport_cpp: rosidl_typesupport_fastrtps_cpp;rosidl_typesupport_introspection_cpp
[1.093s] -- Found rmw_implementation_cmake: 7.3.2 (/opt/ros/jazzy/share/rmw_implementation_cmake/cmake)
[1.093s] -- Found rmw_fastrtps_cpp: 8.4.3 (/opt/ros/jazzy/share/rmw_fastrtps_cpp/cmake)
[1.093s] -- Using RMW implementation 'rmw_fastrtps_cpp' as default
[1.276s] -- Found nav_msgs: 5.3.6 (/opt/ros/jazzy/share/nav_msgs/cmake)
[1.314s] -- Found sensor_msgs: 5.3.6 (/opt/ros/jazzy/share/sensor_msgs/cmake)
[1.347s] -- Found gz_math_vendor: 0.0.8 (/opt/ros/jazzy/share/gz_math_vendor/cmake)
[1.350s] -- Looking for gz-math7 -- found version 7.5.2
[1.358s] -- Searching for dependencies of gz-math7
[1.358s] -- Looking for gz-utils2 -- found version 2.2.1
[1.359s] -- Searching for dependencies of gz-utils2
[1.361s] -- Found gz_sim_vendor: 0.0.8 (/opt/ros/jazzy/share/gz_sim_vendor/cmake)
[1.377s] -- Looking for gz-sim8 -- found version 8.9.0
[1.378s] -- Searching for dependencies of gz-sim8
[1.378s] -- Looking for sdformat14 -- found version 14.8.0
[1.378s] -- Searching for dependencies of sdformat14
[1.387s] -- Checking for module 'tinyxml2'
[1.417s] --   Found tinyxml2, version 10.0.0
[1.468s] -- Looking for gz-math7 -- found version 7.5.2
[1.469s] -- Looking for gz-utils2 -- found version 2.2.1
[1.470s] -- Searching for dependencies of gz-utils2
[1.470s] -- Searching for <gz-utils2> component [cli]
[1.471s] -- Looking for gz-utils2-cli -- found version 2.2.1
[1.471s] -- Searching for dependencies of gz-utils2-cli
[1.474s] -- Looking for gz-plugin2 -- found version 2.0.4
[1.474s] -- Searching for dependencies of gz-plugin2
[1.475s] -- Looking for gz-utils2 -- found version 2.2.1
[1.476s] -- Searching for <gz-plugin2> component [loader]
[1.477s] -- Looking for gz-plugin2-loader -- found version 2.0.4
[1.478s] -- Searching for dependencies of gz-plugin2-loader
[1.479s] -- Searching for <gz-plugin2> component [register]
[1.479s] -- Looking for gz-plugin2-register -- found version 2.0.4
[1.480s] -- Searching for dependencies of gz-plugin2-register
[1.482s] -- Looking for gz-transport13 -- found version 13.4.1
[1.482s] -- Searching for dependencies of gz-transport13
[1.599s] -- Config-file not installed for ZeroMQ -- checking for pkg-config
[1.607s] -- Checking for module 'libzmq >= 4'
[1.638s] --   Found libzmq, version 4.3.5
[1.719s] -- Checking for module 'uuid'
[1.749s] --   Found uuid, version 2.39.3
[1.807s] -- Looking for gz-utils2 -- found version 2.2.1
[1.808s] -- Looking for gz-msgs10 -- found version 10.3.2
[1.808s] -- Searching for dependencies of gz-msgs10
[1.865s] -- Looking for gz-utils2 -- found version 2.2.1
[1.865s] -- Looking for gz-math7 -- found version 7.5.2
[1.878s] -- Searching for <gz-transport13> component [log]
[1.879s] -- Looking for gz-transport13-log -- found version 13.4.1
[1.879s] -- Searching for dependencies of gz-transport13-log
[1.880s] -- Searching for <gz-transport13> component [parameters]
[1.881s] -- Looking for gz-transport13-parameters -- found version 13.4.1
[1.881s] -- Searching for dependencies of gz-transport13-parameters
[1.883s] -- Looking for gz-msgs10 -- found version 10.3.2
[1.884s] -- Looking for gz-common5 -- found version 5.7.1
[1.884s] -- Searching for dependencies of gz-common5
[1.885s] -- Looking for gz-utils2 -- found version 2.2.1
[1.885s] -- Looking for dlfcn.h - found
[1.885s] -- Looking for libdl - found
[1.900s] -- Searching for <gz-common5> component [av]
[1.901s] -- Looking for gz-common5-av -- found version 5.7.1
[1.901s] -- Searching for dependencies of gz-common5-av
[1.911s] -- Checking for module 'libswscale'
[1.941s] --   Found libswscale, version 7.5.100
[2.007s] -- Checking for module 'libavdevice >= 56.4.100'
[2.042s] --   Found libavdevice, version 60.3.100
[2.148s] -- Checking for module 'libavformat'
[2.183s] --   Found libavformat, version 60.16.100
[2.260s] -- Checking for module 'libavcodec'
[2.287s] --   Found libavcodec, version 60.31.102
[2.356s] -- Checking for module 'libavutil'
[2.389s] --   Found libavutil, version 58.29.100
[2.453s] -- Searching for <gz-common5> component [events]
[2.454s] -- Looking for gz-common5-events -- found version 5.7.1
[2.454s] -- Searching for dependencies of gz-common5-events
[2.455s] -- Looking for gz-math7 -- found version 7.5.2
[2.456s] -- Searching for <gz-common5> component [graphics]
[2.456s] -- Looking for gz-common5-graphics -- found version 5.7.1
[2.457s] -- Searching for dependencies of gz-common5-graphics
[2.457s] -- Looking for gz-math7 -- found version 7.5.2
[2.464s] -- Searching for <gz-common5> component [io]
[2.464s] -- Looking for gz-common5-io -- found version 5.7.1
[2.465s] -- Searching for dependencies of gz-common5-io
[2.466s] -- Searching for <gz-common5> component [profiler]
[2.468s] -- Looking for gz-common5-profiler -- found version 5.7.1
[2.468s] -- Searching for dependencies of gz-common5-profiler
[2.470s] -- Looking for gz-fuel_tools9 -- found version 9.1.1
[2.470s] -- Searching for dependencies of gz-fuel_tools9
[2.566s] -- Checking for module 'jsoncpp'
[2.597s] --   Found jsoncpp, version 1.9.5
[2.698s] -- Checking for module 'yaml-0.1'
[2.727s] --   Found yaml-0.1, version 0.2.5
[2.794s] -- Checking for module 'libzip'
[2.833s] --   Found libzip, version 1.7.3
[2.906s] -- Looking for gz-utils2 -- found version 2.2.1
[2.907s] -- Looking for gz-common5 -- found version 5.7.1
[2.907s] -- Searching for dependencies of gz-common5
[2.908s] -- Looking for gz-utils2 -- found version 2.2.1
[2.909s] -- Looking for dlfcn.h - found
[2.909s] -- Looking for libdl - found
[2.926s] -- Searching for <gz-common5> component [testing]
[2.927s] -- Looking for gz-common5-testing -- found version 5.7.1
[2.927s] -- Searching for dependencies of gz-common5-testing
[2.928s] -- Looking for gz-math7 -- found version 7.5.2
[2.929s] -- Looking for gz-msgs10 -- found version 10.3.2
[2.931s] -- Looking for gz-gui8 -- found version 8.4.0
[2.931s] -- Searching for dependencies of gz-gui8
[2.997s] -- Looking for gz-utils2 -- found version 2.2.1
[2.998s] -- Looking for gz-math7 -- found version 7.5.2
[2.998s] -- Looking for gz-common5 -- found version 5.7.1
[2.999s] -- Looking for gz-plugin2 -- found version 2.0.4
[2.999s] -- Looking for gz-transport13 -- found version 13.4.1
[3.000s] -- Looking for gz-rendering8 -- found version 8.2.2
[3.000s] -- Searching for dependencies of gz-rendering8
[3.001s] -- Looking for gz-math7 -- found version 7.5.2
[3.001s] -- Searching for dependencies of gz-math7
[3.002s] -- Looking for gz-utils2 -- found version 2.2.1
[3.002s] -- Searching for <gz-math7> component [eigen3]
[3.003s] -- Looking for gz-math7-eigen3 -- found version 7.5.2
[3.003s] -- Searching for dependencies of gz-math7-eigen3
[3.007s] -- Looking for gz-common5 -- found version 5.7.1
[3.007s] -- Searching for dependencies of gz-common5
[3.008s] -- Looking for gz-utils2 -- found version 2.2.1
[3.008s] -- Looking for dlfcn.h - found
[3.009s] -- Looking for libdl - found
[3.024s] -- Searching for <gz-common5> component [graphics]
[3.024s] -- Searching for <gz-common5> component [events]
[3.024s] -- Searching for <gz-common5> component [geospatial]
[3.025s] -- Looking for gz-common5-geospatial -- found version 5.7.1
[3.025s] -- Searching for dependencies of gz-common5-geospatial
[3.026s] -- Looking for gz-math7 -- found version 7.5.2
[3.027s] -- Looking for gz-common5 -- found version 5.7.1
[3.029s] -- Looking for gz-plugin2 -- found version 2.0.4
[3.029s] -- Searching for dependencies of gz-plugin2
[3.030s] -- Looking for gz-utils2 -- found version 2.2.1
[3.030s] -- Searching for <gz-plugin2> component [all]
[3.031s] -- Looking for all libraries of gz-plugin2 -- found version 2.0.4
[3.032s] -- Looking for gz-plugin2 -- found version 2.0.4
[3.034s] -- Looking for gz-utils2 -- found version 2.2.1
[3.039s] -- Looking for gz-msgs10 -- found version 10.3.2
[3.065s] -- Looking for gz-physics7 -- found version 7.5.0
[3.065s] -- Searching for dependencies of gz-physics7
[3.065s] -- Looking for gz-common5 -- found version 5.7.1
[3.066s] -- Looking for gz-math7 -- found version 7.5.2
[3.066s] -- Looking for gz-plugin2 -- found version 2.0.4
[3.067s] -- Looking for gz-utils2 -- found version 2.2.1
[3.068s] -- Searching for <gz-physics7> component [heightmap]
[3.069s] -- Looking for gz-physics7-heightmap -- found version 7.5.0
[3.069s] -- Searching for dependencies of gz-physics7-heightmap
[3.070s] -- Looking for gz-common5 -- found version 5.7.1
[3.070s] -- Searching for <gz-physics7> component [mesh]
[3.071s] -- Looking for gz-physics7-mesh -- found version 7.5.0
[3.071s] -- Searching for dependencies of gz-physics7-mesh
[3.072s] -- Looking for gz-common5 -- found version 5.7.1
[3.073s] -- Searching for <gz-physics7> component [sdf]
[3.073s] -- Looking for gz-physics7-sdf -- found version 7.5.0
[3.074s] -- Searching for dependencies of gz-physics7-sdf
[3.074s] -- Looking for sdformat14 -- found version 14.8.0
[3.075s] -- Looking for gz-sensors8 -- found version 8.2.2
[3.076s] -- Searching for dependencies of gz-sensors8
[3.128s] -- Looking for gz-math7 -- found version 7.5.2
[3.128s] -- Looking for gz-common5 -- found version 5.7.1
[3.129s] -- Looking for gz-transport13 -- found version 13.4.1
[3.130s] -- Looking for gz-rendering8 -- found version 8.2.2
[3.131s] -- Looking for gz-msgs10 -- found version 10.3.2
[3.132s] -- Looking for sdformat14 -- found version 14.8.0
[3.133s] -- Searching for <gz-sensors8> component [air_pressure]
[3.134s] -- Looking for gz-sensors8-air_pressure -- found version 8.2.2
[3.134s] -- Searching for dependencies of gz-sensors8-air_pressure
[3.135s] -- Searching for <gz-sensors8> component [air_speed]
[3.136s] -- Looking for gz-sensors8-air_speed -- found version 8.2.2
[3.137s] -- Searching for dependencies of gz-sensors8-air_speed
[3.137s] -- Searching for <gz-sensors8> component [altimeter]
[3.138s] -- Looking for gz-sensors8-altimeter -- found version 8.2.2
[3.138s] -- Searching for dependencies of gz-sensors8-altimeter
[3.139s] -- Searching for <gz-sensors8> component [imu]
[3.140s] -- Looking for gz-sensors8-imu -- found version 8.2.2
[3.140s] -- Searching for dependencies of gz-sensors8-imu
[3.141s] -- Searching for <gz-sensors8> component [force_torque]
[3.142s] -- Looking for gz-sensors8-force_torque -- found version 8.2.2
[3.142s] -- Searching for dependencies of gz-sensors8-force_torque
[3.143s] -- Searching for <gz-sensors8> component [logical_camera]
[3.144s] -- Looking for gz-sensors8-logical_camera -- found version 8.2.2
[3.144s] -- Searching for dependencies of gz-sensors8-logical_camera
[3.145s] -- Searching for <gz-sensors8> component [magnetometer]
[3.145s] -- Looking for gz-sensors8-magnetometer -- found version 8.2.2
[3.146s] -- Searching for dependencies of gz-sensors8-magnetometer
[3.146s] -- Searching for <gz-sensors8> component [navsat]
[3.147s] -- Looking for gz-sensors8-navsat -- found version 8.2.2
[3.147s] -- Searching for dependencies of gz-sensors8-navsat
[3.148s] -- Searching for <gz-sensors8> component [dvl]
[3.148s] -- Looking for gz-sensors8-dvl -- found version 8.2.2
[3.148s] -- Searching for dependencies of gz-sensors8-dvl
[3.149s] -- Looking for gz-sensors8 -- found version 8.2.2
[3.149s] -- Searching for dependencies of gz-sensors8
[3.209s] -- Looking for gz-math7 -- found version 7.5.2
[3.209s] -- Looking for gz-common5 -- found version 5.7.1
[3.210s] -- Looking for gz-transport13 -- found version 13.4.1
[3.210s] -- Looking for gz-rendering8 -- found version 8.2.2
[3.211s] -- Looking for gz-msgs10 -- found version 10.3.2
[3.211s] -- Looking for sdformat14 -- found version 14.8.0
[3.212s] -- Searching for <gz-sensors8> component [rendering]
[3.212s] -- Looking for gz-sensors8-rendering -- found version 8.2.2
[3.213s] -- Searching for dependencies of gz-sensors8-rendering
[3.214s] -- Searching for <gz-sensors8> component [rendering]
[3.214s] -- Searching for <gz-sensors8> component [lidar]
[3.216s] -- Looking for gz-sensors8-lidar -- found version 8.2.2
[3.217s] -- Searching for dependencies of gz-sensors8-lidar
[3.217s] -- Looking for gz-sensors8 -- found version 8.2.2
[3.218s] -- Searching for <gz-sensors8> component [gpu_lidar]
[3.218s] -- Looking for gz-sensors8-gpu_lidar -- found version 8.2.2
[3.219s] -- Searching for dependencies of gz-sensors8-gpu_lidar
[3.219s] -- Looking for gz-sensors8 -- found version 8.2.2
[3.220s] -- Searching for <gz-sensors8> component [camera]
[3.221s] -- Looking for gz-sensors8-camera -- found version 8.2.2
[3.221s] -- Searching for dependencies of gz-sensors8-camera
[3.221s] -- Looking for gz-sensors8 -- found version 8.2.2
[3.222s] -- Searching for <gz-sensors8> component [boundingbox_camera]
[3.223s] -- Looking for gz-sensors8-boundingbox_camera -- found version 8.2.2
[3.223s] -- Searching for dependencies of gz-sensors8-boundingbox_camera
[3.224s] -- Searching for <gz-sensors8> component [segmentation_camera]
[3.225s] -- Looking for gz-sensors8-segmentation_camera -- found version 8.2.2
[3.225s] -- Searching for dependencies of gz-sensors8-segmentation_camera
[3.226s] -- Searching for <gz-sensors8> component [depth_camera]
[3.227s] -- Looking for gz-sensors8-depth_camera -- found version 8.2.2
[3.227s] -- Searching for dependencies of gz-sensors8-depth_camera
[3.227s] -- Looking for gz-sensors8 -- found version 8.2.2
[3.228s] -- Searching for <gz-sensors8> component [rgbd_camera]
[3.229s] -- Looking for gz-sensors8-rgbd_camera -- found version 8.2.2
[3.229s] -- Searching for dependencies of gz-sensors8-rgbd_camera
[3.230s] -- Looking for gz-sensors8 -- found version 8.2.2
[3.232s] -- Searching for <gz-sensors8> component [thermal_camera]
[3.233s] -- Looking for gz-sensors8-thermal_camera -- found version 8.2.2
[3.234s] -- Searching for dependencies of gz-sensors8-thermal_camera
[3.234s] -- Looking for gz-sensors8 -- found version 8.2.2
[3.235s] -- Searching for <gz-sensors8> component [wide_angle_camera]
[3.236s] -- Looking for gz-sensors8-wide_angle_camera -- found version 8.2.2
[3.236s] -- Searching for dependencies of gz-sensors8-wide_angle_camera
[3.237s] -- Looking for gz-rendering8 -- found version 8.2.2
[3.238s] -- Looking for gz-math7 -- found version 7.5.2
[3.238s] -- Looking for gz-utils2 -- found version 2.2.1
[3.294s] -- Looking for gz-plugin2 -- found version 2.0.4
[3.430s] -- Configuring done (3.3s)
[3.477s] -- Generating done (0.0s)
[3.489s] -- Build files have been written to: /home/cardaver/turtlebot3_ws/src/build/turtlebot3_gazebo
