[0.067s] Invoking command in '/home/cardaver/turtlebot3_ws/src/build/turtlebot3_description': CMAKE_PREFIX_PATH=${CMAKE_PREFIX_PATH}:/home/cardaver/turtlebot3_ws/install/wielokaty:/home/cardaver/turtlebot3_ws/install/turtlebot3_teleop:/home/cardaver/turtlebot3_ws/install/turtlebot3_example:/home/cardaver/turtlebot3_ws/install/moving_nodes:/opt/ros/jazzy PS1=\[\033[01;32m\][\u@\h\[\033[01;37m\] \W\[\033[01;32m\]]\$\[\033[00m\] /usr/bin/cmake --build /home/cardaver/turtlebot3_ws/src/build/turtlebot3_description -- -j16 -l16
[1.271s] Invoked command in '/home/cardaver/turtlebot3_ws/src/build/turtlebot3_description' returned '0': CMAKE_PREFIX_PATH=${CMAKE_PREFIX_PATH}:/home/cardaver/turtlebot3_ws/install/wielokaty:/home/cardaver/turtlebot3_ws/install/turtlebot3_teleop:/home/cardaver/turtlebot3_ws/install/turtlebot3_example:/home/cardaver/turtlebot3_ws/install/moving_nodes:/opt/ros/jazzy PS1=\[\033[01;32m\][\u@\h\[\033[01;37m\] \W\[\033[01;32m\]]\$\[\033[00m\] /usr/bin/cmake --build /home/cardaver/turtlebot3_ws/src/build/turtlebot3_description -- -j16 -l16
[1.288s] Invoking command in '/home/cardaver/turtlebot3_ws/src/build/turtlebot3_description': CMAKE_PREFIX_PATH=${CMAKE_PREFIX_PATH}:/home/cardaver/turtlebot3_ws/install/wielokaty:/home/cardaver/turtlebot3_ws/install/turtlebot3_teleop:/home/cardaver/turtlebot3_ws/install/turtlebot3_example:/home/cardaver/turtlebot3_ws/install/moving_nodes:/opt/ros/jazzy PS1=\[\033[01;32m\][\u@\h\[\033[01;37m\] \W\[\033[01;32m\]]\$\[\033[00m\] /usr/bin/cmake --install /home/cardaver/turtlebot3_ws/src/build/turtlebot3_description
[1.791s] -- Install configuration: ""
[1.791s] -- Installing: /home/cardaver/turtlebot3_ws/src/install/turtlebot3_description/share/turtlebot3_description/meshes
[1.792s] -- Installing: /home/cardaver/turtlebot3_ws/src/install/turtlebot3_description/share/turtlebot3_description/meshes/sensors
[1.792s] -- Installing: /home/cardaver/turtlebot3_ws/src/install/turtlebot3_description/share/turtlebot3_description/meshes/sensors/r200.dae
[1.792s] -- Installing: /home/cardaver/turtlebot3_ws/src/install/turtlebot3_description/share/turtlebot3_description/meshes/sensors/lds.stl
[1.792s] -- Installing: /home/cardaver/turtlebot3_ws/src/install/turtlebot3_description/share/turtlebot3_description/meshes/sensors/astra.jpg
[1.792s] -- Installing: /home/cardaver/turtlebot3_ws/src/install/turtlebot3_description/share/turtlebot3_description/meshes/sensors/astra.dae
[1.793s] -- Installing: /home/cardaver/turtlebot3_ws/src/install/turtlebot3_description/share/turtlebot3_description/meshes/sensors/r200.jpg
[1.793s] -- Installing: /home/cardaver/turtlebot3_ws/src/install/turtlebot3_description/share/turtlebot3_description/meshes/bases
[1.793s] -- Installing: /home/cardaver/turtlebot3_ws/src/install/turtlebot3_description/share/turtlebot3_description/meshes/bases/burger_base.stl
[1.793s] -- Installing: /home/cardaver/turtlebot3_ws/src/install/turtlebot3_description/share/turtlebot3_description/meshes/bases/waffle_pi_base.stl
[1.793s] -- Installing: /home/cardaver/turtlebot3_ws/src/install/turtlebot3_description/share/turtlebot3_description/meshes/bases/waffle_base.stl
[1.793s] -- Installing: /home/cardaver/turtlebot3_ws/src/install/turtlebot3_description/share/turtlebot3_description/meshes/wheels
[1.794s] -- Installing: /home/cardaver/turtlebot3_ws/src/install/turtlebot3_description/share/turtlebot3_description/meshes/wheels/left_tire.stl
[1.794s] -- Installing: /home/cardaver/turtlebot3_ws/src/install/turtlebot3_description/share/turtlebot3_description/meshes/wheels/right_tire.stl
[1.794s] -- Installing: /home/cardaver/turtlebot3_ws/src/install/turtlebot3_description/share/turtlebot3_description/rviz
[1.794s] -- Installing: /home/cardaver/turtlebot3_ws/src/install/turtlebot3_description/share/turtlebot3_description/rviz/model.rviz
[1.794s] -- Installing: /home/cardaver/turtlebot3_ws/src/install/turtlebot3_description/share/turtlebot3_description/urdf
[1.795s] -- Installing: /home/cardaver/turtlebot3_ws/src/install/turtlebot3_description/share/turtlebot3_description/urdf/turtlebot3_burger.urdf
[1.795s] -- Installing: /home/cardaver/turtlebot3_ws/src/install/turtlebot3_description/share/turtlebot3_description/urdf/turtlebot3_waffle_pi.urdf
[1.795s] -- Installing: /home/cardaver/turtlebot3_ws/src/install/turtlebot3_description/share/turtlebot3_description/urdf/turtlebot3_waffle.urdf
[1.795s] -- Installing: /home/cardaver/turtlebot3_ws/src/install/turtlebot3_description/share/turtlebot3_description/urdf/common_properties.urdf
[1.795s] -- Installing: /home/cardaver/turtlebot3_ws/src/install/turtlebot3_description/share/ament_index/resource_index/package_run_dependencies/turtlebot3_description
[1.796s] -- Installing: /home/cardaver/turtlebot3_ws/src/install/turtlebot3_description/share/ament_index/resource_index/parent_prefix_path/turtlebot3_description
[1.796s] -- Installing: /home/cardaver/turtlebot3_ws/src/install/turtlebot3_description/share/turtlebot3_description/environment/ament_prefix_path.sh
[1.796s] -- Installing: /home/cardaver/turtlebot3_ws/src/install/turtlebot3_description/share/turtlebot3_description/environment/ament_prefix_path.dsv
[1.796s] -- Installing: /home/cardaver/turtlebot3_ws/src/install/turtlebot3_description/share/turtlebot3_description/environment/path.sh
[1.796s] -- Installing: /home/cardaver/turtlebot3_ws/src/install/turtlebot3_description/share/turtlebot3_description/environment/path.dsv
[1.796s] -- Installing: /home/cardaver/turtlebot3_ws/src/install/turtlebot3_description/share/turtlebot3_description/local_setup.bash
[1.797s] -- Installing: /home/cardaver/turtlebot3_ws/src/install/turtlebot3_description/share/turtlebot3_description/local_setup.sh
[1.797s] -- Installing: /home/cardaver/turtlebot3_ws/src/install/turtlebot3_description/share/turtlebot3_description/local_setup.zsh
[1.797s] -- Installing: /home/cardaver/turtlebot3_ws/src/install/turtlebot3_description/share/turtlebot3_description/local_setup.dsv
[1.797s] -- Installing: /home/cardaver/turtlebot3_ws/src/install/turtlebot3_description/share/turtlebot3_description/package.dsv
[1.797s] -- Installing: /home/cardaver/turtlebot3_ws/src/install/turtlebot3_description/share/ament_index/resource_index/packages/turtlebot3_description
[1.798s] -- Installing: /home/cardaver/turtlebot3_ws/src/install/turtlebot3_description/share/turtlebot3_description/cmake/turtlebot3_descriptionConfig.cmake
[1.798s] -- Installing: /home/cardaver/turtlebot3_ws/src/install/turtlebot3_description/share/turtlebot3_description/cmake/turtlebot3_descriptionConfig-version.cmake
[1.798s] -- Installing: /home/cardaver/turtlebot3_ws/src/install/turtlebot3_description/share/turtlebot3_description/package.xml
