[0.126s] Invoking command in '/home/cardaver/turtlebot3_ws/src/build/turtlebot3_gazebo': CMAKE_PREFIX_PATH=${CMAKE_PREFIX_PATH}:/home/cardaver/turtlebot3_ws/install/wielokaty:/home/cardaver/turtlebot3_ws/install/turtlebot3_teleop:/home/cardaver/turtlebot3_ws/install/turtlebot3_example:/home/cardaver/turtlebot3_ws/install/moving_nodes:/opt/ros/jazzy PS1=\[\033[01;32m\][\u@\h\[\033[01;37m\] \W\[\033[01;32m\]]\$\[\033[00m\] /usr/bin/cmake /home/cardaver/turtlebot3_ws/src/turtlebot3_simulations/turtlebot3_gazebo -DAMENT_CMAKE_SYMLINK_INSTALL=1 -DCMAKE_INSTALL_PREFIX=/home/cardaver/turtlebot3_ws/src/install/turtlebot3_gazebo
[0.957s] -- Found ament_cmake: 2.5.4 (/opt/ros/jazzy/share/ament_cmake/cmake)
[0.958s] -- Override CMake install command with custom implementation using symlinks instead of copying resources
[0.959s] -- Found ros_gz_sim: 1.0.16 (/opt/ros/jazzy/share/ros_gz_sim/cmake)
[0.959s] -- Found rosidl_generator_c: 4.6.6 (/opt/ros/jazzy/share/rosidl_generator_c/cmake)
[0.959s] -- Found rosidl_generator_cpp: 4.6.6 (/opt/ros/jazzy/share/rosidl_generator_cpp/cmake)
[0.959s] -- Using all available rosidl_typesupport_c: rosidl_typesupport_fastrtps_c;rosidl_typesupport_introspection_c
[0.959s] -- Using all available rosidl_typesupport_cpp: rosidl_typesupport_fastrtps_cpp;rosidl_typesupport_introspection_cpp
[0.959s] -- Found rmw_implementation_cmake: 7.3.2 (/opt/ros/jazzy/share/rmw_implementation_cmake/cmake)
[0.960s] -- Found rmw_fastrtps_cpp: 8.4.3 (/opt/ros/jazzy/share/rmw_fastrtps_cpp/cmake)
[0.960s] -- Using RMW implementation 'rmw_fastrtps_cpp' as default
[1.272s] -- Found nav_msgs: 5.3.6 (/opt/ros/jazzy/share/nav_msgs/cmake)
[1.324s] -- Found sensor_msgs: 5.3.6 (/opt/ros/jazzy/share/sensor_msgs/cmake)
[1.372s] -- Found gz_math_vendor: 0.0.8 (/opt/ros/jazzy/share/gz_math_vendor/cmake)
[1.376s] -- Looking for gz-math7 -- found version 7.5.2
[1.386s] -- Searching for dependencies of gz-math7
[1.387s] -- Looking for gz-utils2 -- found version 2.2.1
[1.387s] -- Searching for dependencies of gz-utils2
[1.390s] -- Found gz_sim_vendor: 0.0.8 (/opt/ros/jazzy/share/gz_sim_vendor/cmake)
[1.416s] -- Looking for gz-sim8 -- found version 8.9.0
[1.416s] -- Searching for dependencies of gz-sim8
[1.418s] -- Looking for sdformat14 -- found version 14.8.0
[1.419s] -- Searching for dependencies of sdformat14
[1.427s] -- Checking for module 'tinyxml2'
[1.465s] --   Found tinyxml2, version 10.0.0
[1.542s] -- Looking for gz-math7 -- found version 7.5.2
[1.543s] -- Looking for gz-utils2 -- found version 2.2.1
[1.544s] -- Searching for dependencies of gz-utils2
[1.544s] -- Searching for <gz-utils2> component [cli]
[1.545s] -- Looking for gz-utils2-cli -- found version 2.2.1
[1.545s] -- Searching for dependencies of gz-utils2-cli
[1.548s] -- Looking for gz-plugin2 -- found version 2.0.4
[1.548s] -- Searching for dependencies of gz-plugin2
[1.549s] -- Looking for gz-utils2 -- found version 2.2.1
[1.552s] -- Searching for <gz-plugin2> component [loader]
[1.552s] -- Looking for gz-plugin2-loader -- found version 2.0.4
[1.552s] -- Searching for dependencies of gz-plugin2-loader
[1.553s] -- Searching for <gz-plugin2> component [register]
[1.554s] -- Looking for gz-plugin2-register -- found version 2.0.4
[1.554s] -- Searching for dependencies of gz-plugin2-register
[1.556s] -- Looking for gz-transport13 -- found version 13.4.1
[1.556s] -- Searching for dependencies of gz-transport13
[1.694s] -- Config-file not installed for ZeroMQ -- checking for pkg-config
[1.700s] -- Checking for module 'libzmq >= 4'
[1.729s] --   Found libzmq, version 4.3.5
[1.806s] -- Checking for module 'uuid'
[1.834s] --   Found uuid, version 2.39.3
[1.888s] -- Looking for gz-utils2 -- found version 2.2.1
[1.888s] -- Looking for gz-msgs10 -- found version 10.3.2
[1.888s] -- Searching for dependencies of gz-msgs10
[1.950s] -- Looking for gz-utils2 -- found version 2.2.1
[1.951s] -- Looking for gz-math7 -- found version 7.5.2
[1.966s] -- Searching for <gz-transport13> component [log]
[1.967s] -- Looking for gz-transport13-log -- found version 13.4.1
[1.967s] -- Searching for dependencies of gz-transport13-log
[1.968s] -- Searching for <gz-transport13> component [parameters]
[1.969s] -- Looking for gz-transport13-parameters -- found version 13.4.1
[1.969s] -- Searching for dependencies of gz-transport13-parameters
[1.971s] -- Looking for gz-msgs10 -- found version 10.3.2
[1.972s] -- Looking for gz-common5 -- found version 5.7.1
[1.972s] -- Searching for dependencies of gz-common5
[1.973s] -- Looking for gz-utils2 -- found version 2.2.1
[1.974s] -- Looking for dlfcn.h - found
[1.974s] -- Looking for libdl - found
[1.987s] -- Searching for <gz-common5> component [av]
[1.987s] -- Looking for gz-common5-av -- found version 5.7.1
[1.988s] -- Searching for dependencies of gz-common5-av
[1.997s] -- Checking for module 'libswscale'
[2.027s] --   Found libswscale, version 7.5.100
[2.095s] -- Checking for module 'libavdevice >= 56.4.100'
[2.124s] --   Found libavdevice, version 60.3.100
[2.209s] -- Checking for module 'libavformat'
[2.239s] --   Found libavformat, version 60.16.100
[2.312s] -- Checking for module 'libavcodec'
[2.346s] --   Found libavcodec, version 60.31.102
[2.433s] -- Checking for module 'libavutil'
[2.475s] --   Found libavutil, version 58.29.100
[2.538s] -- Searching for <gz-common5> component [events]
[2.539s] -- Looking for gz-common5-events -- found version 5.7.1
[2.539s] -- Searching for dependencies of gz-common5-events
[2.539s] -- Looking for gz-math7 -- found version 7.5.2
[2.540s] -- Searching for <gz-common5> component [graphics]
[2.541s] -- Looking for gz-common5-graphics -- found version 5.7.1
[2.541s] -- Searching for dependencies of gz-common5-graphics
[2.541s] -- Looking for gz-math7 -- found version 7.5.2
[2.546s] -- Searching for <gz-common5> component [io]
[2.546s] -- Looking for gz-common5-io -- found version 5.7.1
[2.547s] -- Searching for dependencies of gz-common5-io
[2.548s] -- Searching for <gz-common5> component [profiler]
[2.549s] -- Looking for gz-common5-profiler -- found version 5.7.1
[2.549s] -- Searching for dependencies of gz-common5-profiler
[2.551s] -- Looking for gz-fuel_tools9 -- found version 9.1.1
[2.552s] -- Searching for dependencies of gz-fuel_tools9
[2.652s] -- Checking for module 'jsoncpp'
[2.690s] --   Found jsoncpp, version 1.9.5
[2.813s] -- Checking for module 'yaml-0.1'
[2.845s] --   Found yaml-0.1, version 0.2.5
[2.917s] -- Checking for module 'libzip'
[2.948s] --   Found libzip, version 1.7.3
[3.004s] -- Looking for gz-utils2 -- found version 2.2.1
[3.005s] -- Looking for gz-common5 -- found version 5.7.1
[3.005s] -- Searching for dependencies of gz-common5
[3.006s] -- Looking for gz-utils2 -- found version 2.2.1
[3.007s] -- Looking for dlfcn.h - found
[3.007s] -- Looking for libdl - found
[3.021s] -- Searching for <gz-common5> component [testing]
[3.022s] -- Looking for gz-common5-testing -- found version 5.7.1
[3.022s] -- Searching for dependencies of gz-common5-testing
[3.024s] -- Looking for gz-math7 -- found version 7.5.2
[3.025s] -- Looking for gz-msgs10 -- found version 10.3.2
[3.027s] -- Looking for gz-gui8 -- found version 8.4.0
[3.028s] -- Searching for dependencies of gz-gui8
[3.103s] -- Looking for gz-utils2 -- found version 2.2.1
[3.103s] -- Looking for gz-math7 -- found version 7.5.2
[3.104s] -- Looking for gz-common5 -- found version 5.7.1
[3.104s] -- Looking for gz-plugin2 -- found version 2.0.4
[3.105s] -- Looking for gz-transport13 -- found version 13.4.1
[3.105s] -- Looking for gz-rendering8 -- found version 8.2.2
[3.106s] -- Searching for dependencies of gz-rendering8
[3.106s] -- Looking for gz-math7 -- found version 7.5.2
[3.106s] -- Searching for dependencies of gz-math7
[3.107s] -- Looking for gz-utils2 -- found version 2.2.1
[3.107s] -- Searching for <gz-math7> component [eigen3]
[3.107s] -- Looking for gz-math7-eigen3 -- found version 7.5.2
[3.107s] -- Searching for dependencies of gz-math7-eigen3
[3.110s] -- Looking for gz-common5 -- found version 5.7.1
[3.110s] -- Searching for dependencies of gz-common5
[3.110s] -- Looking for gz-utils2 -- found version 2.2.1
[3.111s] -- Looking for dlfcn.h - found
[3.111s] -- Looking for libdl - found
[3.128s] -- Searching for <gz-common5> component [graphics]
[3.128s] -- Searching for <gz-common5> component [events]
[3.128s] -- Searching for <gz-common5> component [geospatial]
[3.129s] -- Looking for gz-common5-geospatial -- found version 5.7.1
[3.130s] -- Searching for dependencies of gz-common5-geospatial
[3.130s] -- Looking for gz-math7 -- found version 7.5.2
[3.131s] -- Looking for gz-common5 -- found version 5.7.1
[3.134s] -- Looking for gz-plugin2 -- found version 2.0.4
[3.134s] -- Searching for dependencies of gz-plugin2
[3.135s] -- Looking for gz-utils2 -- found version 2.2.1
[3.136s] -- Searching for <gz-plugin2> component [all]
[3.137s] -- Looking for all libraries of gz-plugin2 -- found version 2.0.4
[3.138s] -- Looking for gz-plugin2 -- found version 2.0.4
[3.140s] -- Looking for gz-utils2 -- found version 2.2.1
[3.147s] -- Looking for gz-msgs10 -- found version 10.3.2
[3.173s] -- Looking for gz-physics7 -- found version 7.5.0
[3.174s] -- Searching for dependencies of gz-physics7
[3.174s] -- Looking for gz-common5 -- found version 5.7.1
[3.174s] -- Looking for gz-math7 -- found version 7.5.2
[3.175s] -- Looking for gz-plugin2 -- found version 2.0.4
[3.175s] -- Looking for gz-utils2 -- found version 2.2.1
[3.177s] -- Searching for <gz-physics7> component [heightmap]
[3.177s] -- Looking for gz-physics7-heightmap -- found version 7.5.0
[3.178s] -- Searching for dependencies of gz-physics7-heightmap
[3.178s] -- Looking for gz-common5 -- found version 5.7.1
[3.179s] -- Searching for <gz-physics7> component [mesh]
[3.179s] -- Looking for gz-physics7-mesh -- found version 7.5.0
[3.179s] -- Searching for dependencies of gz-physics7-mesh
[3.180s] -- Looking for gz-common5 -- found version 5.7.1
[3.181s] -- Searching for <gz-physics7> component [sdf]
[3.181s] -- Looking for gz-physics7-sdf -- found version 7.5.0
[3.181s] -- Searching for dependencies of gz-physics7-sdf
[3.182s] -- Looking for sdformat14 -- found version 14.8.0
[3.183s] -- Looking for gz-sensors8 -- found version 8.2.2
[3.184s] -- Searching for dependencies of gz-sensors8
[3.240s] -- Looking for gz-math7 -- found version 7.5.2
[3.241s] -- Looking for gz-common5 -- found version 5.7.1
[3.242s] -- Looking for gz-transport13 -- found version 13.4.1
[3.243s] -- Looking for gz-rendering8 -- found version 8.2.2
[3.243s] -- Looking for gz-msgs10 -- found version 10.3.2
[3.244s] -- Looking for sdformat14 -- found version 14.8.0
[3.245s] -- Searching for <gz-sensors8> component [air_pressure]
[3.246s] -- Looking for gz-sensors8-air_pressure -- found version 8.2.2
[3.246s] -- Searching for dependencies of gz-sensors8-air_pressure
[3.247s] -- Searching for <gz-sensors8> component [air_speed]
[3.247s] -- Looking for gz-sensors8-air_speed -- found version 8.2.2
[3.247s] -- Searching for dependencies of gz-sensors8-air_speed
[3.248s] -- Searching for <gz-sensors8> component [altimeter]
[3.249s] -- Looking for gz-sensors8-altimeter -- found version 8.2.2
[3.249s] -- Searching for dependencies of gz-sensors8-altimeter
[3.250s] -- Searching for <gz-sensors8> component [imu]
[3.250s] -- Looking for gz-sensors8-imu -- found version 8.2.2
[3.251s] -- Searching for dependencies of gz-sensors8-imu
[3.251s] -- Searching for <gz-sensors8> component [force_torque]
[3.252s] -- Looking for gz-sensors8-force_torque -- found version 8.2.2
[3.252s] -- Searching for dependencies of gz-sensors8-force_torque
[3.253s] -- Searching for <gz-sensors8> component [logical_camera]
[3.253s] -- Looking for gz-sensors8-logical_camera -- found version 8.2.2
[3.254s] -- Searching for dependencies of gz-sensors8-logical_camera
[3.254s] -- Searching for <gz-sensors8> component [magnetometer]
[3.255s] -- Looking for gz-sensors8-magnetometer -- found version 8.2.2
[3.256s] -- Searching for dependencies of gz-sensors8-magnetometer
[3.257s] -- Searching for <gz-sensors8> component [navsat]
[3.258s] -- Looking for gz-sensors8-navsat -- found version 8.2.2
[3.258s] -- Searching for dependencies of gz-sensors8-navsat
[3.259s] -- Searching for <gz-sensors8> component [dvl]
[3.259s] -- Looking for gz-sensors8-dvl -- found version 8.2.2
[3.260s] -- Searching for dependencies of gz-sensors8-dvl
[3.260s] -- Looking for gz-sensors8 -- found version 8.2.2
[3.260s] -- Searching for dependencies of gz-sensors8
[3.312s] -- Looking for gz-math7 -- found version 7.5.2
[3.312s] -- Looking for gz-common5 -- found version 5.7.1
[3.313s] -- Looking for gz-transport13 -- found version 13.4.1
[3.314s] -- Looking for gz-rendering8 -- found version 8.2.2
[3.315s] -- Looking for gz-msgs10 -- found version 10.3.2
[3.316s] -- Looking for sdformat14 -- found version 14.8.0
[3.316s] -- Searching for <gz-sensors8> component [rendering]
[3.317s] -- Looking for gz-sensors8-rendering -- found version 8.2.2
[3.318s] -- Searching for dependencies of gz-sensors8-rendering
[3.320s] -- Searching for <gz-sensors8> component [rendering]
[3.321s] -- Searching for <gz-sensors8> component [lidar]
[3.324s] -- Looking for gz-sensors8-lidar -- found version 8.2.2
[3.324s] -- Searching for dependencies of gz-sensors8-lidar
[3.325s] -- Looking for gz-sensors8 -- found version 8.2.2
[3.326s] -- Searching for <gz-sensors8> component [gpu_lidar]
[3.327s] -- Looking for gz-sensors8-gpu_lidar -- found version 8.2.2
[3.328s] -- Searching for dependencies of gz-sensors8-gpu_lidar
[3.329s] -- Looking for gz-sensors8 -- found version 8.2.2
[3.330s] -- Searching for <gz-sensors8> component [camera]
[3.331s] -- Looking for gz-sensors8-camera -- found version 8.2.2
[3.332s] -- Searching for dependencies of gz-sensors8-camera
[3.332s] -- Looking for gz-sensors8 -- found version 8.2.2
[3.334s] -- Searching for <gz-sensors8> component [boundingbox_camera]
[3.335s] -- Looking for gz-sensors8-boundingbox_camera -- found version 8.2.2
[3.335s] -- Searching for dependencies of gz-sensors8-boundingbox_camera
[3.336s] -- Searching for <gz-sensors8> component [segmentation_camera]
[3.337s] -- Looking for gz-sensors8-segmentation_camera -- found version 8.2.2
[3.337s] -- Searching for dependencies of gz-sensors8-segmentation_camera
[3.338s] -- Searching for <gz-sensors8> component [depth_camera]
[3.339s] -- Looking for gz-sensors8-depth_camera -- found version 8.2.2
[3.339s] -- Searching for dependencies of gz-sensors8-depth_camera
[3.339s] -- Looking for gz-sensors8 -- found version 8.2.2
[3.340s] -- Searching for <gz-sensors8> component [rgbd_camera]
[3.341s] -- Looking for gz-sensors8-rgbd_camera -- found version 8.2.2
[3.341s] -- Searching for dependencies of gz-sensors8-rgbd_camera
[3.342s] -- Looking for gz-sensors8 -- found version 8.2.2
[3.343s] -- Searching for <gz-sensors8> component [thermal_camera]
[3.344s] -- Looking for gz-sensors8-thermal_camera -- found version 8.2.2
[3.344s] -- Searching for dependencies of gz-sensors8-thermal_camera
[3.345s] -- Looking for gz-sensors8 -- found version 8.2.2
[3.346s] -- Searching for <gz-sensors8> component [wide_angle_camera]
[3.346s] -- Looking for gz-sensors8-wide_angle_camera -- found version 8.2.2
[3.346s] -- Searching for dependencies of gz-sensors8-wide_angle_camera
[3.348s] -- Looking for gz-rendering8 -- found version 8.2.2
[3.348s] -- Looking for gz-math7 -- found version 7.5.2
[3.349s] -- Looking for gz-utils2 -- found version 2.2.1
[3.409s] -- Looking for gz-plugin2 -- found version 2.0.4
[3.554s] -- Configuring done (3.4s)
[3.598s] -- Generating done (0.0s)
[3.610s] -- Build files have been written to: /home/cardaver/turtlebot3_ws/src/build/turtlebot3_gazebo
