[1.472s] Invoking command in '/home/cardaver/turtlebot3_ws/src/turtlebot3/turtlebot3_example': CMAKE_PREFIX_PATH=/home/cardaver/turtlebot3_ws/install/turtlebot3_msgs:/home/cardaver/turtlebot3_ws/install/turtlebot3:/home/cardaver/turtlebot3_ws/install/turtlebot3_bringup:/home/cardaver/turtlebot3_ws/install/turtlebot3_node:/home/cardaver/turtlebot3_ws/install/turtlebot3_navigation2:/home/cardaver/turtlebot3_ws/install/turtlebot3_description:/home/cardaver/turtlebot3_ws/install/turtlebot3_cartographer:/home/cardaver/turtlebot3_ws/install/dynamixel_sdk_examples:/home/cardaver/turtlebot3_ws/install/dynamixel_sdk_custom_interfaces:/home/cardaver/turtlebot3_ws/install/dynamixel_sdk:/opt/ros/jazzy/opt/gz_sim_vendor:/opt/ros/jazzy/opt/gz_sensors_vendor:/opt/ros/jazzy/opt/gz_physics_vendor:/opt/ros/jazzy/opt/sdformat_vendor:/opt/ros/jazzy/opt/gz_gui_vendor:/opt/ros/jazzy/opt/gz_transport_vendor:/opt/ros/jazzy/opt/gz_rendering_vendor:/opt/ros/jazzy/opt/gz_plugin_vendor:/opt/ros/jazzy/opt/gz_fuel_tools_vendor:/opt/ros/jazzy/opt/gz_msgs_vendor:/opt/ros/jazzy/opt/gz_common_vendor:/opt/ros/jazzy/opt/gz_math_vendor:/opt/ros/jazzy/opt/gz_utils_vendor:/opt/ros/jazzy/opt/gz_tools_vendor:/opt/ros/jazzy/opt/gz_ogre_next_vendor:/opt/ros/jazzy/opt/gz_dartsim_vendor:/opt/ros/jazzy/opt/gz_cmake_vendor PS1=\[\033[01;32m\][\u@\h\[\033[01;37m\] \W\[\033[01;32m\]]\$\[\033[00m\] PYTHONPATH=/home/cardaver/turtlebot3_ws/build/turtlebot3_example/prefix_override:/usr/lib/python3/dist-packages/colcon_core/task/python/colcon_distutils_commands:/home/cardaver/turtlebot3_ws/install/turtlebot3_example/lib/python3.12/site-packages:/home/cardaver/turtlebot3_ws/install/turtlebot3_msgs/lib/python3.12/site-packages:/home/cardaver/turtlebot3_ws/build/turtlebot3_teleop:/home/cardaver/turtlebot3_ws/install/turtlebot3_teleop/lib/python3.12/site-packages:/home/cardaver/turtlebot3_ws/build/turtlebot3_example:/home/cardaver/turtlebot3_ws/install/turtlebot3_example/lib/python3.12/site-packages:/home/cardaver/turtlebot3_ws/install/dynamixel_sdk_custom_interfaces/lib/python3.12/site-packages:/home/cardaver/turtlebot3_ws/install/dynamixel_sdk/lib/python3.12/site-packages:/opt/ros/jazzy/lib/python3.12/site-packages /usr/bin/python3 -W ignore:setup.py install is deprecated -W ignore:easy_install command is deprecated setup.py egg_info --egg-base ../../../build/turtlebot3_example build --build-base /home/cardaver/turtlebot3_ws/build/turtlebot3_example/build install --record /home/cardaver/turtlebot3_ws/build/turtlebot3_example/install.log --single-version-externally-managed install_data
[1.869s] running egg_info
[1.869s] creating ../../../build/turtlebot3_example/turtlebot3_example.egg-info
[1.900s] writing ../../../build/turtlebot3_example/turtlebot3_example.egg-info/PKG-INFO
[1.900s] writing dependency_links to ../../../build/turtlebot3_example/turtlebot3_example.egg-info/dependency_links.txt
[1.900s] writing entry points to ../../../build/turtlebot3_example/turtlebot3_example.egg-info/entry_points.txt
[1.900s] writing requirements to ../../../build/turtlebot3_example/turtlebot3_example.egg-info/requires.txt
[1.900s] writing top-level names to ../../../build/turtlebot3_example/turtlebot3_example.egg-info/top_level.txt
[1.901s] writing manifest file '../../../build/turtlebot3_example/turtlebot3_example.egg-info/SOURCES.txt'
[1.972s] reading manifest file '../../../build/turtlebot3_example/turtlebot3_example.egg-info/SOURCES.txt'
[1.973s] writing manifest file '../../../build/turtlebot3_example/turtlebot3_example.egg-info/SOURCES.txt'
[1.974s] running build
[1.974s] running build_py
[1.974s] creating /home/cardaver/turtlebot3_ws/build/turtlebot3_example/build
[1.975s] creating /home/cardaver/turtlebot3_ws/build/turtlebot3_example/build/lib
[1.975s] creating /home/cardaver/turtlebot3_ws/build/turtlebot3_example/build/lib/turtlebot3_example
[1.975s] copying turtlebot3_example/__init__.py -> /home/cardaver/turtlebot3_ws/build/turtlebot3_example/build/lib/turtlebot3_example
[1.975s] creating /home/cardaver/turtlebot3_ws/build/turtlebot3_example/build/lib/turtlebot3_example/turtlebot3_relative_move
[1.975s] copying turtlebot3_example/turtlebot3_relative_move/__init__.py -> /home/cardaver/turtlebot3_ws/build/turtlebot3_example/build/lib/turtlebot3_example/turtlebot3_relative_move
[1.975s] copying turtlebot3_example/turtlebot3_relative_move/turtlebot3_relative_move.py -> /home/cardaver/turtlebot3_ws/build/turtlebot3_example/build/lib/turtlebot3_example/turtlebot3_relative_move
[1.975s] creating /home/cardaver/turtlebot3_ws/build/turtlebot3_example/build/lib/turtlebot3_example/turtlebot3_absolute_move
[1.976s] copying turtlebot3_example/turtlebot3_absolute_move/__init__.py -> /home/cardaver/turtlebot3_ws/build/turtlebot3_example/build/lib/turtlebot3_example/turtlebot3_absolute_move
[1.976s] copying turtlebot3_example/turtlebot3_absolute_move/turtlebot3_absolute_move.py -> /home/cardaver/turtlebot3_ws/build/turtlebot3_example/build/lib/turtlebot3_example/turtlebot3_absolute_move
[1.977s] creating /home/cardaver/turtlebot3_ws/build/turtlebot3_example/build/lib/turtlebot3_example/turtlebot3_patrol
[1.978s] copying turtlebot3_example/turtlebot3_patrol/turtlebot3_patrol_client.py -> /home/cardaver/turtlebot3_ws/build/turtlebot3_example/build/lib/turtlebot3_example/turtlebot3_patrol
[1.978s] copying turtlebot3_example/turtlebot3_patrol/__init__.py -> /home/cardaver/turtlebot3_ws/build/turtlebot3_example/build/lib/turtlebot3_example/turtlebot3_patrol
[1.978s] copying turtlebot3_example/turtlebot3_patrol/turtlebot3_patrol_server.py -> /home/cardaver/turtlebot3_ws/build/turtlebot3_example/build/lib/turtlebot3_example/turtlebot3_patrol
[1.978s] creating /home/cardaver/turtlebot3_ws/build/turtlebot3_example/build/lib/turtlebot3_example/turtlebot3_obstacle_detection
[1.979s] copying turtlebot3_example/turtlebot3_obstacle_detection/__init__.py -> /home/cardaver/turtlebot3_ws/build/turtlebot3_example/build/lib/turtlebot3_example/turtlebot3_obstacle_detection
[1.979s] copying turtlebot3_example/turtlebot3_obstacle_detection/turtlebot3_obstacle_detection.py -> /home/cardaver/turtlebot3_ws/build/turtlebot3_example/build/lib/turtlebot3_example/turtlebot3_obstacle_detection
[1.979s] creating /home/cardaver/turtlebot3_ws/build/turtlebot3_example/build/lib/turtlebot3_example/turtlebot3_interactive_marker
[1.979s] copying turtlebot3_example/turtlebot3_interactive_marker/__init__.py -> /home/cardaver/turtlebot3_ws/build/turtlebot3_example/build/lib/turtlebot3_example/turtlebot3_interactive_marker
[1.980s] copying turtlebot3_example/turtlebot3_interactive_marker/turtlebot3_interactive_marker.py -> /home/cardaver/turtlebot3_ws/build/turtlebot3_example/build/lib/turtlebot3_example/turtlebot3_interactive_marker
[1.981s] running install
[1.993s] running install_lib
[2.022s] creating /home/cardaver/turtlebot3_ws/install/turtlebot3_example/lib/python3.12/site-packages/turtlebot3_example
[2.022s] copying /home/cardaver/turtlebot3_ws/build/turtlebot3_example/build/lib/turtlebot3_example/__init__.py -> /home/cardaver/turtlebot3_ws/install/turtlebot3_example/lib/python3.12/site-packages/turtlebot3_example
[2.022s] creating /home/cardaver/turtlebot3_ws/install/turtlebot3_example/lib/python3.12/site-packages/turtlebot3_example/turtlebot3_relative_move
[2.022s] copying /home/cardaver/turtlebot3_ws/build/turtlebot3_example/build/lib/turtlebot3_example/turtlebot3_relative_move/__init__.py -> /home/cardaver/turtlebot3_ws/install/turtlebot3_example/lib/python3.12/site-packages/turtlebot3_example/turtlebot3_relative_move
[2.022s] copying /home/cardaver/turtlebot3_ws/build/turtlebot3_example/build/lib/turtlebot3_example/turtlebot3_relative_move/turtlebot3_relative_move.py -> /home/cardaver/turtlebot3_ws/install/turtlebot3_example/lib/python3.12/site-packages/turtlebot3_example/turtlebot3_relative_move
[2.022s] creating /home/cardaver/turtlebot3_ws/install/turtlebot3_example/lib/python3.12/site-packages/turtlebot3_example/turtlebot3_absolute_move
[2.022s] copying /home/cardaver/turtlebot3_ws/build/turtlebot3_example/build/lib/turtlebot3_example/turtlebot3_absolute_move/__init__.py -> /home/cardaver/turtlebot3_ws/install/turtlebot3_example/lib/python3.12/site-packages/turtlebot3_example/turtlebot3_absolute_move
[2.022s] copying /home/cardaver/turtlebot3_ws/build/turtlebot3_example/build/lib/turtlebot3_example/turtlebot3_absolute_move/turtlebot3_absolute_move.py -> /home/cardaver/turtlebot3_ws/install/turtlebot3_example/lib/python3.12/site-packages/turtlebot3_example/turtlebot3_absolute_move
[2.023s] creating /home/cardaver/turtlebot3_ws/install/turtlebot3_example/lib/python3.12/site-packages/turtlebot3_example/turtlebot3_patrol
[2.023s] copying /home/cardaver/turtlebot3_ws/build/turtlebot3_example/build/lib/turtlebot3_example/turtlebot3_patrol/turtlebot3_patrol_client.py -> /home/cardaver/turtlebot3_ws/install/turtlebot3_example/lib/python3.12/site-packages/turtlebot3_example/turtlebot3_patrol
[2.023s] copying /home/cardaver/turtlebot3_ws/build/turtlebot3_example/build/lib/turtlebot3_example/turtlebot3_patrol/__init__.py -> /home/cardaver/turtlebot3_ws/install/turtlebot3_example/lib/python3.12/site-packages/turtlebot3_example/turtlebot3_patrol
[2.023s] copying /home/cardaver/turtlebot3_ws/build/turtlebot3_example/build/lib/turtlebot3_example/turtlebot3_patrol/turtlebot3_patrol_server.py -> /home/cardaver/turtlebot3_ws/install/turtlebot3_example/lib/python3.12/site-packages/turtlebot3_example/turtlebot3_patrol
[2.023s] creating /home/cardaver/turtlebot3_ws/install/turtlebot3_example/lib/python3.12/site-packages/turtlebot3_example/turtlebot3_obstacle_detection
[2.023s] copying /home/cardaver/turtlebot3_ws/build/turtlebot3_example/build/lib/turtlebot3_example/turtlebot3_obstacle_detection/__init__.py -> /home/cardaver/turtlebot3_ws/install/turtlebot3_example/lib/python3.12/site-packages/turtlebot3_example/turtlebot3_obstacle_detection
[2.024s] copying /home/cardaver/turtlebot3_ws/build/turtlebot3_example/build/lib/turtlebot3_example/turtlebot3_obstacle_detection/turtlebot3_obstacle_detection.py -> /home/cardaver/turtlebot3_ws/install/turtlebot3_example/lib/python3.12/site-packages/turtlebot3_example/turtlebot3_obstacle_detection
[2.024s] creating /home/cardaver/turtlebot3_ws/install/turtlebot3_example/lib/python3.12/site-packages/turtlebot3_example/turtlebot3_interactive_marker
[2.024s] copying /home/cardaver/turtlebot3_ws/build/turtlebot3_example/build/lib/turtlebot3_example/turtlebot3_interactive_marker/__init__.py -> /home/cardaver/turtlebot3_ws/install/turtlebot3_example/lib/python3.12/site-packages/turtlebot3_example/turtlebot3_interactive_marker
[2.027s] copying /home/cardaver/turtlebot3_ws/build/turtlebot3_example/build/lib/turtlebot3_example/turtlebot3_interactive_marker/turtlebot3_interactive_marker.py -> /home/cardaver/turtlebot3_ws/install/turtlebot3_example/lib/python3.12/site-packages/turtlebot3_example/turtlebot3_interactive_marker
[2.027s] byte-compiling /home/cardaver/turtlebot3_ws/install/turtlebot3_example/lib/python3.12/site-packages/turtlebot3_example/__init__.py to __init__.cpython-312.pyc
[2.027s] byte-compiling /home/cardaver/turtlebot3_ws/install/turtlebot3_example/lib/python3.12/site-packages/turtlebot3_example/turtlebot3_relative_move/__init__.py to __init__.cpython-312.pyc
[2.027s] byte-compiling /home/cardaver/turtlebot3_ws/install/turtlebot3_example/lib/python3.12/site-packages/turtlebot3_example/turtlebot3_relative_move/turtlebot3_relative_move.py to turtlebot3_relative_move.cpython-312.pyc
[2.031s] byte-compiling /home/cardaver/turtlebot3_ws/install/turtlebot3_example/lib/python3.12/site-packages/turtlebot3_example/turtlebot3_absolute_move/__init__.py to __init__.cpython-312.pyc
[2.031s] byte-compiling /home/cardaver/turtlebot3_ws/install/turtlebot3_example/lib/python3.12/site-packages/turtlebot3_example/turtlebot3_absolute_move/turtlebot3_absolute_move.py to turtlebot3_absolute_move.cpython-312.pyc
[2.032s] byte-compiling /home/cardaver/turtlebot3_ws/install/turtlebot3_example/lib/python3.12/site-packages/turtlebot3_example/turtlebot3_patrol/turtlebot3_patrol_client.py to turtlebot3_patrol_client.cpython-312.pyc
[2.033s] byte-compiling /home/cardaver/turtlebot3_ws/install/turtlebot3_example/lib/python3.12/site-packages/turtlebot3_example/turtlebot3_patrol/__init__.py to __init__.cpython-312.pyc
[2.033s] byte-compiling /home/cardaver/turtlebot3_ws/install/turtlebot3_example/lib/python3.12/site-packages/turtlebot3_example/turtlebot3_patrol/turtlebot3_patrol_server.py to turtlebot3_patrol_server.cpython-312.pyc
[2.035s] byte-compiling /home/cardaver/turtlebot3_ws/install/turtlebot3_example/lib/python3.12/site-packages/turtlebot3_example/turtlebot3_obstacle_detection/__init__.py to __init__.cpython-312.pyc
[2.035s] byte-compiling /home/cardaver/turtlebot3_ws/install/turtlebot3_example/lib/python3.12/site-packages/turtlebot3_example/turtlebot3_obstacle_detection/turtlebot3_obstacle_detection.py to turtlebot3_obstacle_detection.cpython-312.pyc
[2.036s] byte-compiling /home/cardaver/turtlebot3_ws/install/turtlebot3_example/lib/python3.12/site-packages/turtlebot3_example/turtlebot3_interactive_marker/__init__.py to __init__.cpython-312.pyc
[2.041s] byte-compiling /home/cardaver/turtlebot3_ws/install/turtlebot3_example/lib/python3.12/site-packages/turtlebot3_example/turtlebot3_interactive_marker/turtlebot3_interactive_marker.py to turtlebot3_interactive_marker.cpython-312.pyc
[2.043s] running install_data
[2.044s] creating /home/cardaver/turtlebot3_ws/install/turtlebot3_example/share/ament_index
[2.045s] creating /home/cardaver/turtlebot3_ws/install/turtlebot3_example/share/ament_index/resource_index
[2.045s] creating /home/cardaver/turtlebot3_ws/install/turtlebot3_example/share/ament_index/resource_index/packages
[2.045s] copying resource/turtlebot3_example -> /home/cardaver/turtlebot3_ws/install/turtlebot3_example/share/ament_index/resource_index/packages
[2.045s] copying package.xml -> /home/cardaver/turtlebot3_ws/install/turtlebot3_example/share/turtlebot3_example
[2.045s] running install_egg_info
[2.073s] Copying ../../../build/turtlebot3_example/turtlebot3_example.egg-info to /home/cardaver/turtlebot3_ws/install/turtlebot3_example/lib/python3.12/site-packages/turtlebot3_example-2.3.3-py3.12.egg-info
[2.074s] running install_scripts
[2.258s] Installing turtlebot3_absolute_move script to /home/cardaver/turtlebot3_ws/install/turtlebot3_example/lib/turtlebot3_example
[2.261s] Installing turtlebot3_interactive_marker script to /home/cardaver/turtlebot3_ws/install/turtlebot3_example/lib/turtlebot3_example
[2.262s] Installing turtlebot3_obstacle_detection script to /home/cardaver/turtlebot3_ws/install/turtlebot3_example/lib/turtlebot3_example
[2.262s] Installing turtlebot3_patrol_client script to /home/cardaver/turtlebot3_ws/install/turtlebot3_example/lib/turtlebot3_example
[2.262s] Installing turtlebot3_patrol_server script to /home/cardaver/turtlebot3_ws/install/turtlebot3_example/lib/turtlebot3_example
[2.263s] Installing turtlebot3_relative_move script to /home/cardaver/turtlebot3_ws/install/turtlebot3_example/lib/turtlebot3_example
[2.263s] writing list of installed files to '/home/cardaver/turtlebot3_ws/build/turtlebot3_example/install.log'
[2.336s] Invoked command in '/home/cardaver/turtlebot3_ws/src/turtlebot3/turtlebot3_example' returned '0': CMAKE_PREFIX_PATH=/home/cardaver/turtlebot3_ws/install/turtlebot3_msgs:/home/cardaver/turtlebot3_ws/install/turtlebot3:/home/cardaver/turtlebot3_ws/install/turtlebot3_bringup:/home/cardaver/turtlebot3_ws/install/turtlebot3_node:/home/cardaver/turtlebot3_ws/install/turtlebot3_navigation2:/home/cardaver/turtlebot3_ws/install/turtlebot3_description:/home/cardaver/turtlebot3_ws/install/turtlebot3_cartographer:/home/cardaver/turtlebot3_ws/install/dynamixel_sdk_examples:/home/cardaver/turtlebot3_ws/install/dynamixel_sdk_custom_interfaces:/home/cardaver/turtlebot3_ws/install/dynamixel_sdk:/opt/ros/jazzy/opt/gz_sim_vendor:/opt/ros/jazzy/opt/gz_sensors_vendor:/opt/ros/jazzy/opt/gz_physics_vendor:/opt/ros/jazzy/opt/sdformat_vendor:/opt/ros/jazzy/opt/gz_gui_vendor:/opt/ros/jazzy/opt/gz_transport_vendor:/opt/ros/jazzy/opt/gz_rendering_vendor:/opt/ros/jazzy/opt/gz_plugin_vendor:/opt/ros/jazzy/opt/gz_fuel_tools_vendor:/opt/ros/jazzy/opt/gz_msgs_vendor:/opt/ros/jazzy/opt/gz_common_vendor:/opt/ros/jazzy/opt/gz_math_vendor:/opt/ros/jazzy/opt/gz_utils_vendor:/opt/ros/jazzy/opt/gz_tools_vendor:/opt/ros/jazzy/opt/gz_ogre_next_vendor:/opt/ros/jazzy/opt/gz_dartsim_vendor:/opt/ros/jazzy/opt/gz_cmake_vendor PS1=\[\033[01;32m\][\u@\h\[\033[01;37m\] \W\[\033[01;32m\]]\$\[\033[00m\] PYTHONPATH=/home/cardaver/turtlebot3_ws/build/turtlebot3_example/prefix_override:/usr/lib/python3/dist-packages/colcon_core/task/python/colcon_distutils_commands:/home/cardaver/turtlebot3_ws/install/turtlebot3_example/lib/python3.12/site-packages:/home/cardaver/turtlebot3_ws/install/turtlebot3_msgs/lib/python3.12/site-packages:/home/cardaver/turtlebot3_ws/build/turtlebot3_teleop:/home/cardaver/turtlebot3_ws/install/turtlebot3_teleop/lib/python3.12/site-packages:/home/cardaver/turtlebot3_ws/build/turtlebot3_example:/home/cardaver/turtlebot3_ws/install/turtlebot3_example/lib/python3.12/site-packages:/home/cardaver/turtlebot3_ws/install/dynamixel_sdk_custom_interfaces/lib/python3.12/site-packages:/home/cardaver/turtlebot3_ws/install/dynamixel_sdk/lib/python3.12/site-packages:/opt/ros/jazzy/lib/python3.12/site-packages /usr/bin/python3 -W ignore:setup.py install is deprecated -W ignore:easy_install command is deprecated setup.py egg_info --egg-base ../../../build/turtlebot3_example build --build-base /home/cardaver/turtlebot3_ws/build/turtlebot3_example/build install --record /home/cardaver/turtlebot3_ws/build/turtlebot3_example/install.log --single-version-externally-managed install_data
