[3.021s] Invoking command in '/home/cardaver/turtlebot3_ws/src/build/turtlebot3_teleop': PS1=\[\033[01;32m\][\u@\h\[\033[01;37m\] \W\[\033[01;32m\]]\$\[\033[00m\] PYTHONPATH=/home/cardaver/turtlebot3_ws/src/build/turtlebot3_teleop/prefix_override:/usr/lib/python3/dist-packages/colcon_core/task/python/colcon_distutils_commands:/home/cardaver/turtlebot3_ws/src/install/turtlebot3_teleop/lib/python3.12/site-packages:${PYTHONPATH} /usr/bin/python3 -W ignore:setup.py install is deprecated -W ignore:easy_install command is deprecated setup.py develop --editable --build-directory /home/cardaver/turtlebot3_ws/src/build/turtlebot3_teleop/build --no-deps symlink_data
[3.758s] running develop
[4.217s] running egg_info
[4.218s] creating turtlebot3_teleop.egg-info
[4.263s] writing turtlebot3_teleop.egg-info/PKG-INFO
[4.263s] writing dependency_links to turtlebot3_teleop.egg-info/dependency_links.txt
[4.263s] writing entry points to turtlebot3_teleop.egg-info/entry_points.txt
[4.264s] writing requirements to turtlebot3_teleop.egg-info/requires.txt
[4.264s] writing top-level names to turtlebot3_teleop.egg-info/top_level.txt
[4.264s] writing manifest file 'turtlebot3_teleop.egg-info/SOURCES.txt'
[4.360s] reading manifest file 'turtlebot3_teleop.egg-info/SOURCES.txt'
[4.361s] writing manifest file 'turtlebot3_teleop.egg-info/SOURCES.txt'
[4.413s] running build_ext
[4.413s] Creating /home/cardaver/turtlebot3_ws/src/install/turtlebot3_teleop/lib/python3.12/site-packages/turtlebot3-teleop.egg-link (link to .)
[4.414s] Installing teleop_keyboard script to /home/cardaver/turtlebot3_ws/src/install/turtlebot3_teleop/lib/turtlebot3_teleop
[4.414s] 
[4.415s] Installed /home/cardaver/turtlebot3_ws/src/build/turtlebot3_teleop
[4.415s] running symlink_data
[4.415s] creating /home/cardaver/turtlebot3_ws/src/install/turtlebot3_teleop/share/ament_index
[4.415s] creating /home/cardaver/turtlebot3_ws/src/install/turtlebot3_teleop/share/ament_index/resource_index
[4.416s] creating /home/cardaver/turtlebot3_ws/src/install/turtlebot3_teleop/share/ament_index/resource_index/packages
[4.416s] symbolically linking /home/cardaver/turtlebot3_ws/src/build/turtlebot3_teleop/resource/turtlebot3_teleop -> /home/cardaver/turtlebot3_ws/src/install/turtlebot3_teleop/share/ament_index/resource_index/packages
[4.417s] symbolically linking /home/cardaver/turtlebot3_ws/src/build/turtlebot3_teleop/package.xml -> /home/cardaver/turtlebot3_ws/src/install/turtlebot3_teleop/share/turtlebot3_teleop
[4.482s] Invoked command in '/home/cardaver/turtlebot3_ws/src/build/turtlebot3_teleop' returned '0': PS1=\[\033[01;32m\][\u@\h\[\033[01;37m\] \W\[\033[01;32m\]]\$\[\033[00m\] PYTHONPATH=/home/cardaver/turtlebot3_ws/src/build/turtlebot3_teleop/prefix_override:/usr/lib/python3/dist-packages/colcon_core/task/python/colcon_distutils_commands:/home/cardaver/turtlebot3_ws/src/install/turtlebot3_teleop/lib/python3.12/site-packages:${PYTHONPATH} /usr/bin/python3 -W ignore:setup.py install is deprecated -W ignore:easy_install command is deprecated setup.py develop --editable --build-directory /home/cardaver/turtlebot3_ws/src/build/turtlebot3_teleop/build --no-deps symlink_data
