[0.443s] Invoking command in '/home/cardaver/turtlebot3_ws/src/build/turtlebot3_fake_node': AMENT_PREFIX_PATH=/home/cardaver/turtlebot3_ws/src/install/turtlebot3_msgs:${AMENT_PREFIX_PATH} CMAKE_PREFIX_PATH=/home/cardaver/turtlebot3_ws/src/install/turtlebot3_msgs:/home/cardaver/turtlebot3_ws/install/turtlebot3:/home/cardaver/turtlebot3_ws/install/turtlebot3_simulations:/home/cardaver/turtlebot3_ws/install/turtlebot3_bringup:/home/cardaver/turtlebot3_ws/install/turtlebot3_node:/home/cardaver/turtlebot3_ws/install/turtlebot3_navigation2:/home/cardaver/turtlebot3_ws/install/turtlebot3_fake_node:/home/cardaver/turtlebot3_ws/install/turtlebot3_msgs:/home/cardaver/turtlebot3_ws/install/turtlebot3_gazebo:/home/cardaver/turtlebot3_ws/install/turtlebot3_description:/home/cardaver/turtlebot3_ws/install/turtlebot3_cartographer:/home/cardaver/turtlebot3_ws/install/dynamixel_sdk_examples:/home/cardaver/turtlebot3_ws/install/dynamixel_sdk_custom_interfaces:/home/cardaver/turtlebot3_ws/install/dynamixel_sdk:/opt/ros/jazzy/opt/gz_sim_vendor:/opt/ros/jazzy/opt/gz_sensors_vendor:/opt/ros/jazzy/opt/gz_physics_vendor:/opt/ros/jazzy/opt/sdformat_vendor:/opt/ros/jazzy/opt/gz_gui_vendor:/opt/ros/jazzy/opt/gz_transport_vendor:/opt/ros/jazzy/opt/gz_rendering_vendor:/opt/ros/jazzy/opt/gz_plugin_vendor:/opt/ros/jazzy/opt/gz_fuel_tools_vendor:/opt/ros/jazzy/opt/gz_msgs_vendor:/opt/ros/jazzy/opt/gz_common_vendor:/opt/ros/jazzy/opt/gz_math_vendor:/opt/ros/jazzy/opt/gz_utils_vendor:/opt/ros/jazzy/opt/gz_tools_vendor:/opt/ros/jazzy/opt/gz_ogre_next_vendor:/opt/ros/jazzy/opt/gz_dartsim_vendor:/opt/ros/jazzy/opt/gz_cmake_vendor:/home/cardaver/turtlebot3_ws/install/wielokaty:/home/cardaver/turtlebot3_ws/install/turtlebot3_teleop:/home/cardaver/turtlebot3_ws/install/turtlebot3_example:/home/cardaver/turtlebot3_ws/install/moving_nodes:/opt/ros/jazzy LD_LIBRARY_PATH=/home/cardaver/turtlebot3_ws/src/install/turtlebot3_msgs/lib:${LD_LIBRARY_PATH} PS1=\[\033[01;32m\][\u@\h\[\033[01;37m\] \W\[\033[01;32m\]]\$\[\033[00m\] PYTHONPATH=/home/cardaver/turtlebot3_ws/src/install/turtlebot3_msgs/lib/python3.12/site-packages:${PYTHONPATH} /usr/bin/cmake /home/cardaver/turtlebot3_ws/src/turtlebot3_simulations/turtlebot3_fake_node -DAMENT_CMAKE_SYMLINK_INSTALL=1 -DCMAKE_INSTALL_PREFIX=/home/cardaver/turtlebot3_ws/src/install/turtlebot3_fake_node
[0.536s] -- The C compiler identification is GNU 13.3.0
[0.632s] -- The CXX compiler identification is GNU 13.3.0
[0.659s] -- Detecting C compiler ABI info
[0.802s] -- Detecting C compiler ABI info - done
[0.816s] -- Check for working C compiler: /usr/bin/cc - skipped
[0.817s] -- Detecting C compile features
[0.817s] -- Detecting C compile features - done
[0.830s] -- Detecting CXX compiler ABI info
[0.989s] -- Detecting CXX compiler ABI info - done
[1.012s] -- Check for working CXX compiler: /usr/bin/c++ - skipped
[1.012s] -- Detecting CXX compile features
[1.014s] -- Detecting CXX compile features - done
[1.025s] -- Found ament_cmake: 2.5.4 (/opt/ros/jazzy/share/ament_cmake/cmake)
[1.388s] -- Found Python3: /usr/bin/python3 (found version "3.12.3") found components: Interpreter 
[1.533s] -- Override CMake install command with custom implementation using symlinks instead of copying resources
[1.644s] -- Found geometry_msgs: 5.3.6 (/opt/ros/jazzy/share/geometry_msgs/cmake)
[1.808s] -- Found rosidl_generator_c: 4.6.6 (/opt/ros/jazzy/share/rosidl_generator_c/cmake)
[1.857s] -- Found rosidl_generator_cpp: 4.6.6 (/opt/ros/jazzy/share/rosidl_generator_cpp/cmake)
[1.914s] -- Using all available rosidl_typesupport_c: rosidl_typesupport_fastrtps_c;rosidl_typesupport_introspection_c
[1.974s] -- Using all available rosidl_typesupport_cpp: rosidl_typesupport_fastrtps_cpp;rosidl_typesupport_introspection_cpp
[2.120s] -- Found nav_msgs: 5.3.6 (/opt/ros/jazzy/share/nav_msgs/cmake)
[2.234s] -- Found rclcpp: 28.1.12 (/opt/ros/jazzy/share/rclcpp/cmake)
[2.394s] -- Found rmw_implementation_cmake: 7.3.2 (/opt/ros/jazzy/share/rmw_implementation_cmake/cmake)
[2.407s] -- Found rmw_fastrtps_cpp: 8.4.3 (/opt/ros/jazzy/share/rmw_fastrtps_cpp/cmake)
[2.615s] -- Found OpenSSL: /usr/lib/x86_64-linux-gnu/libcrypto.so (found version "3.0.13")  
[2.669s] -- Found FastRTPS: /opt/ros/jazzy/include (Required is at least version "2.13") 
[2.721s] -- Using RMW implementation 'rmw_fastrtps_cpp' as default
[2.927s] -- Found sensor_msgs: 5.3.6 (/opt/ros/jazzy/share/sensor_msgs/cmake)
[3.035s] -- Found tf2: 0.36.14 (/opt/ros/jazzy/share/tf2/cmake)
[3.036s] -- Found tf2_msgs: 0.36.14 (/opt/ros/jazzy/share/tf2_msgs/cmake)
[3.111s] -- Found turtlebot3_msgs: 2.4.0 (/home/cardaver/turtlebot3_ws/src/install/turtlebot3_msgs/share/turtlebot3_msgs/cmake)
[3.317s] -- Configuring done (2.9s)
[3.340s] -- Generating done (0.0s)
[3.349s] -- Build files have been written to: /home/cardaver/turtlebot3_ws/src/build/turtlebot3_fake_node
[3.370s] Invoked command in '/home/cardaver/turtlebot3_ws/src/build/turtlebot3_fake_node' returned '0': AMENT_PREFIX_PATH=/home/cardaver/turtlebot3_ws/src/install/turtlebot3_msgs:${AMENT_PREFIX_PATH} CMAKE_PREFIX_PATH=/home/cardaver/turtlebot3_ws/src/install/turtlebot3_msgs:/home/cardaver/turtlebot3_ws/install/turtlebot3:/home/cardaver/turtlebot3_ws/install/turtlebot3_simulations:/home/cardaver/turtlebot3_ws/install/turtlebot3_bringup:/home/cardaver/turtlebot3_ws/install/turtlebot3_node:/home/cardaver/turtlebot3_ws/install/turtlebot3_navigation2:/home/cardaver/turtlebot3_ws/install/turtlebot3_fake_node:/home/cardaver/turtlebot3_ws/install/turtlebot3_msgs:/home/cardaver/turtlebot3_ws/install/turtlebot3_gazebo:/home/cardaver/turtlebot3_ws/install/turtlebot3_description:/home/cardaver/turtlebot3_ws/install/turtlebot3_cartographer:/home/cardaver/turtlebot3_ws/install/dynamixel_sdk_examples:/home/cardaver/turtlebot3_ws/install/dynamixel_sdk_custom_interfaces:/home/cardaver/turtlebot3_ws/install/dynamixel_sdk:/opt/ros/jazzy/opt/gz_sim_vendor:/opt/ros/jazzy/opt/gz_sensors_vendor:/opt/ros/jazzy/opt/gz_physics_vendor:/opt/ros/jazzy/opt/sdformat_vendor:/opt/ros/jazzy/opt/gz_gui_vendor:/opt/ros/jazzy/opt/gz_transport_vendor:/opt/ros/jazzy/opt/gz_rendering_vendor:/opt/ros/jazzy/opt/gz_plugin_vendor:/opt/ros/jazzy/opt/gz_fuel_tools_vendor:/opt/ros/jazzy/opt/gz_msgs_vendor:/opt/ros/jazzy/opt/gz_common_vendor:/opt/ros/jazzy/opt/gz_math_vendor:/opt/ros/jazzy/opt/gz_utils_vendor:/opt/ros/jazzy/opt/gz_tools_vendor:/opt/ros/jazzy/opt/gz_ogre_next_vendor:/opt/ros/jazzy/opt/gz_dartsim_vendor:/opt/ros/jazzy/opt/gz_cmake_vendor:/home/cardaver/turtlebot3_ws/install/wielokaty:/home/cardaver/turtlebot3_ws/install/turtlebot3_teleop:/home/cardaver/turtlebot3_ws/install/turtlebot3_example:/home/cardaver/turtlebot3_ws/install/moving_nodes:/opt/ros/jazzy LD_LIBRARY_PATH=/home/cardaver/turtlebot3_ws/src/install/turtlebot3_msgs/lib:${LD_LIBRARY_PATH} PS1=\[\033[01;32m\][\u@\h\[\033[01;37m\] \W\[\033[01;32m\]]\$\[\033[00m\] PYTHONPATH=/home/cardaver/turtlebot3_ws/src/install/turtlebot3_msgs/lib/python3.12/site-packages:${PYTHONPATH} /usr/bin/cmake /home/cardaver/turtlebot3_ws/src/turtlebot3_simulations/turtlebot3_fake_node -DAMENT_CMAKE_SYMLINK_INSTALL=1 -DCMAKE_INSTALL_PREFIX=/home/cardaver/turtlebot3_ws/src/install/turtlebot3_fake_node
[3.372s] Invoking command in '/home/cardaver/turtlebot3_ws/src/build/turtlebot3_fake_node': AMENT_PREFIX_PATH=/home/cardaver/turtlebot3_ws/src/install/turtlebot3_msgs:${AMENT_PREFIX_PATH} CMAKE_PREFIX_PATH=/home/cardaver/turtlebot3_ws/src/install/turtlebot3_msgs:/home/cardaver/turtlebot3_ws/install/turtlebot3:/home/cardaver/turtlebot3_ws/install/turtlebot3_simulations:/home/cardaver/turtlebot3_ws/install/turtlebot3_bringup:/home/cardaver/turtlebot3_ws/install/turtlebot3_node:/home/cardaver/turtlebot3_ws/install/turtlebot3_navigation2:/home/cardaver/turtlebot3_ws/install/turtlebot3_fake_node:/home/cardaver/turtlebot3_ws/install/turtlebot3_msgs:/home/cardaver/turtlebot3_ws/install/turtlebot3_gazebo:/home/cardaver/turtlebot3_ws/install/turtlebot3_description:/home/cardaver/turtlebot3_ws/install/turtlebot3_cartographer:/home/cardaver/turtlebot3_ws/install/dynamixel_sdk_examples:/home/cardaver/turtlebot3_ws/install/dynamixel_sdk_custom_interfaces:/home/cardaver/turtlebot3_ws/install/dynamixel_sdk:/opt/ros/jazzy/opt/gz_sim_vendor:/opt/ros/jazzy/opt/gz_sensors_vendor:/opt/ros/jazzy/opt/gz_physics_vendor:/opt/ros/jazzy/opt/sdformat_vendor:/opt/ros/jazzy/opt/gz_gui_vendor:/opt/ros/jazzy/opt/gz_transport_vendor:/opt/ros/jazzy/opt/gz_rendering_vendor:/opt/ros/jazzy/opt/gz_plugin_vendor:/opt/ros/jazzy/opt/gz_fuel_tools_vendor:/opt/ros/jazzy/opt/gz_msgs_vendor:/opt/ros/jazzy/opt/gz_common_vendor:/opt/ros/jazzy/opt/gz_math_vendor:/opt/ros/jazzy/opt/gz_utils_vendor:/opt/ros/jazzy/opt/gz_tools_vendor:/opt/ros/jazzy/opt/gz_ogre_next_vendor:/opt/ros/jazzy/opt/gz_dartsim_vendor:/opt/ros/jazzy/opt/gz_cmake_vendor:/home/cardaver/turtlebot3_ws/install/wielokaty:/home/cardaver/turtlebot3_ws/install/turtlebot3_teleop:/home/cardaver/turtlebot3_ws/install/turtlebot3_example:/home/cardaver/turtlebot3_ws/install/moving_nodes:/opt/ros/jazzy LD_LIBRARY_PATH=/home/cardaver/turtlebot3_ws/src/install/turtlebot3_msgs/lib:${LD_LIBRARY_PATH} PS1=\[\033[01;32m\][\u@\h\[\033[01;37m\] \W\[\033[01;32m\]]\$\[\033[00m\] PYTHONPATH=/home/cardaver/turtlebot3_ws/src/install/turtlebot3_msgs/lib/python3.12/site-packages:${PYTHONPATH} /usr/bin/cmake --build /home/cardaver/turtlebot3_ws/src/build/turtlebot3_fake_node -- -j16 -l16
[3.523s] [ 50%] [32mBuilding CXX object CMakeFiles/turtlebot3_fake_node.dir/src/turtlebot3_fake_node.cpp.o[0m
[19.909s] [100%] [32m[1mLinking CXX executable turtlebot3_fake_node[0m
[20.492s] [100%] Built target turtlebot3_fake_node
[20.510s] Invoked command in '/home/cardaver/turtlebot3_ws/src/build/turtlebot3_fake_node' returned '0': AMENT_PREFIX_PATH=/home/cardaver/turtlebot3_ws/src/install/turtlebot3_msgs:${AMENT_PREFIX_PATH} CMAKE_PREFIX_PATH=/home/cardaver/turtlebot3_ws/src/install/turtlebot3_msgs:/home/cardaver/turtlebot3_ws/install/turtlebot3:/home/cardaver/turtlebot3_ws/install/turtlebot3_simulations:/home/cardaver/turtlebot3_ws/install/turtlebot3_bringup:/home/cardaver/turtlebot3_ws/install/turtlebot3_node:/home/cardaver/turtlebot3_ws/install/turtlebot3_navigation2:/home/cardaver/turtlebot3_ws/install/turtlebot3_fake_node:/home/cardaver/turtlebot3_ws/install/turtlebot3_msgs:/home/cardaver/turtlebot3_ws/install/turtlebot3_gazebo:/home/cardaver/turtlebot3_ws/install/turtlebot3_description:/home/cardaver/turtlebot3_ws/install/turtlebot3_cartographer:/home/cardaver/turtlebot3_ws/install/dynamixel_sdk_examples:/home/cardaver/turtlebot3_ws/install/dynamixel_sdk_custom_interfaces:/home/cardaver/turtlebot3_ws/install/dynamixel_sdk:/opt/ros/jazzy/opt/gz_sim_vendor:/opt/ros/jazzy/opt/gz_sensors_vendor:/opt/ros/jazzy/opt/gz_physics_vendor:/opt/ros/jazzy/opt/sdformat_vendor:/opt/ros/jazzy/opt/gz_gui_vendor:/opt/ros/jazzy/opt/gz_transport_vendor:/opt/ros/jazzy/opt/gz_rendering_vendor:/opt/ros/jazzy/opt/gz_plugin_vendor:/opt/ros/jazzy/opt/gz_fuel_tools_vendor:/opt/ros/jazzy/opt/gz_msgs_vendor:/opt/ros/jazzy/opt/gz_common_vendor:/opt/ros/jazzy/opt/gz_math_vendor:/opt/ros/jazzy/opt/gz_utils_vendor:/opt/ros/jazzy/opt/gz_tools_vendor:/opt/ros/jazzy/opt/gz_ogre_next_vendor:/opt/ros/jazzy/opt/gz_dartsim_vendor:/opt/ros/jazzy/opt/gz_cmake_vendor:/home/cardaver/turtlebot3_ws/install/wielokaty:/home/cardaver/turtlebot3_ws/install/turtlebot3_teleop:/home/cardaver/turtlebot3_ws/install/turtlebot3_example:/home/cardaver/turtlebot3_ws/install/moving_nodes:/opt/ros/jazzy LD_LIBRARY_PATH=/home/cardaver/turtlebot3_ws/src/install/turtlebot3_msgs/lib:${LD_LIBRARY_PATH} PS1=\[\033[01;32m\][\u@\h\[\033[01;37m\] \W\[\033[01;32m\]]\$\[\033[00m\] PYTHONPATH=/home/cardaver/turtlebot3_ws/src/install/turtlebot3_msgs/lib/python3.12/site-packages:${PYTHONPATH} /usr/bin/cmake --build /home/cardaver/turtlebot3_ws/src/build/turtlebot3_fake_node -- -j16 -l16
[20.512s] Invoking command in '/home/cardaver/turtlebot3_ws/src/build/turtlebot3_fake_node': AMENT_PREFIX_PATH=/home/cardaver/turtlebot3_ws/src/install/turtlebot3_msgs:${AMENT_PREFIX_PATH} CMAKE_PREFIX_PATH=/home/cardaver/turtlebot3_ws/src/install/turtlebot3_msgs:/home/cardaver/turtlebot3_ws/install/turtlebot3:/home/cardaver/turtlebot3_ws/install/turtlebot3_simulations:/home/cardaver/turtlebot3_ws/install/turtlebot3_bringup:/home/cardaver/turtlebot3_ws/install/turtlebot3_node:/home/cardaver/turtlebot3_ws/install/turtlebot3_navigation2:/home/cardaver/turtlebot3_ws/install/turtlebot3_fake_node:/home/cardaver/turtlebot3_ws/install/turtlebot3_msgs:/home/cardaver/turtlebot3_ws/install/turtlebot3_gazebo:/home/cardaver/turtlebot3_ws/install/turtlebot3_description:/home/cardaver/turtlebot3_ws/install/turtlebot3_cartographer:/home/cardaver/turtlebot3_ws/install/dynamixel_sdk_examples:/home/cardaver/turtlebot3_ws/install/dynamixel_sdk_custom_interfaces:/home/cardaver/turtlebot3_ws/install/dynamixel_sdk:/opt/ros/jazzy/opt/gz_sim_vendor:/opt/ros/jazzy/opt/gz_sensors_vendor:/opt/ros/jazzy/opt/gz_physics_vendor:/opt/ros/jazzy/opt/sdformat_vendor:/opt/ros/jazzy/opt/gz_gui_vendor:/opt/ros/jazzy/opt/gz_transport_vendor:/opt/ros/jazzy/opt/gz_rendering_vendor:/opt/ros/jazzy/opt/gz_plugin_vendor:/opt/ros/jazzy/opt/gz_fuel_tools_vendor:/opt/ros/jazzy/opt/gz_msgs_vendor:/opt/ros/jazzy/opt/gz_common_vendor:/opt/ros/jazzy/opt/gz_math_vendor:/opt/ros/jazzy/opt/gz_utils_vendor:/opt/ros/jazzy/opt/gz_tools_vendor:/opt/ros/jazzy/opt/gz_ogre_next_vendor:/opt/ros/jazzy/opt/gz_dartsim_vendor:/opt/ros/jazzy/opt/gz_cmake_vendor:/home/cardaver/turtlebot3_ws/install/wielokaty:/home/cardaver/turtlebot3_ws/install/turtlebot3_teleop:/home/cardaver/turtlebot3_ws/install/turtlebot3_example:/home/cardaver/turtlebot3_ws/install/moving_nodes:/opt/ros/jazzy LD_LIBRARY_PATH=/home/cardaver/turtlebot3_ws/src/install/turtlebot3_msgs/lib:${LD_LIBRARY_PATH} PS1=\[\033[01;32m\][\u@\h\[\033[01;37m\] \W\[\033[01;32m\]]\$\[\033[00m\] PYTHONPATH=/home/cardaver/turtlebot3_ws/src/install/turtlebot3_msgs/lib/python3.12/site-packages:${PYTHONPATH} /usr/bin/cmake --install /home/cardaver/turtlebot3_ws/src/build/turtlebot3_fake_node
[20.526s] -- Install configuration: ""
[20.526s] -- Execute custom install script
[20.527s] -- Symlinking: /home/cardaver/turtlebot3_ws/src/install/turtlebot3_fake_node/lib/turtlebot3_fake_node/turtlebot3_fake_node
[20.545s] -- Symlinking: /home/cardaver/turtlebot3_ws/src/install/turtlebot3_fake_node/share/turtlebot3_fake_node/launch/rviz2.launch.py
[20.557s] -- Symlinking: /home/cardaver/turtlebot3_ws/src/install/turtlebot3_fake_node/share/turtlebot3_fake_node/launch/turtlebot3_fake_node.launch.py
[20.572s] -- Symlinking: /home/cardaver/turtlebot3_ws/src/install/turtlebot3_fake_node/share/turtlebot3_fake_node/param/burger.yaml
[20.588s] -- Symlinking: /home/cardaver/turtlebot3_ws/src/install/turtlebot3_fake_node/share/turtlebot3_fake_node/param/waffle.yaml
[20.600s] -- Symlinking: /home/cardaver/turtlebot3_ws/src/install/turtlebot3_fake_node/share/turtlebot3_fake_node/param/waffle_pi.yaml
[20.615s] -- Symlinking: /home/cardaver/turtlebot3_ws/src/install/turtlebot3_fake_node/include//turtlebot3_fake_node/turtlebot3_fake_node.hpp
[20.628s] -- Symlinking: /home/cardaver/turtlebot3_ws/src/install/turtlebot3_fake_node/share/ament_index/resource_index/package_run_dependencies/turtlebot3_fake_node
[20.642s] -- Symlinking: /home/cardaver/turtlebot3_ws/src/install/turtlebot3_fake_node/share/ament_index/resource_index/parent_prefix_path/turtlebot3_fake_node
[20.654s] -- Symlinking: /home/cardaver/turtlebot3_ws/src/install/turtlebot3_fake_node/share/turtlebot3_fake_node/environment/ament_prefix_path.sh
[20.669s] -- Symlinking: /home/cardaver/turtlebot3_ws/src/install/turtlebot3_fake_node/share/turtlebot3_fake_node/environment/ament_prefix_path.dsv
[20.680s] -- Symlinking: /home/cardaver/turtlebot3_ws/src/install/turtlebot3_fake_node/share/turtlebot3_fake_node/environment/path.sh
[20.692s] -- Symlinking: /home/cardaver/turtlebot3_ws/src/install/turtlebot3_fake_node/share/turtlebot3_fake_node/environment/path.dsv
[20.703s] -- Symlinking: /home/cardaver/turtlebot3_ws/src/install/turtlebot3_fake_node/share/turtlebot3_fake_node/local_setup.bash
[20.715s] -- Symlinking: /home/cardaver/turtlebot3_ws/src/install/turtlebot3_fake_node/share/turtlebot3_fake_node/local_setup.sh
[20.731s] -- Symlinking: /home/cardaver/turtlebot3_ws/src/install/turtlebot3_fake_node/share/turtlebot3_fake_node/local_setup.zsh
[20.748s] -- Symlinking: /home/cardaver/turtlebot3_ws/src/install/turtlebot3_fake_node/share/turtlebot3_fake_node/local_setup.dsv
[20.764s] -- Symlinking: /home/cardaver/turtlebot3_ws/src/install/turtlebot3_fake_node/share/turtlebot3_fake_node/package.dsv
[20.780s] -- Symlinking: /home/cardaver/turtlebot3_ws/src/install/turtlebot3_fake_node/share/ament_index/resource_index/packages/turtlebot3_fake_node
[20.796s] -- Symlinking: /home/cardaver/turtlebot3_ws/src/install/turtlebot3_fake_node/share/turtlebot3_fake_node/cmake/ament_cmake_export_include_directories-extras.cmake
[20.808s] -- Symlinking: /home/cardaver/turtlebot3_ws/src/install/turtlebot3_fake_node/share/turtlebot3_fake_node/cmake/ament_cmake_export_dependencies-extras.cmake
[20.818s] -- Symlinking: /home/cardaver/turtlebot3_ws/src/install/turtlebot3_fake_node/share/turtlebot3_fake_node/cmake/turtlebot3_fake_nodeConfig.cmake
[20.834s] -- Symlinking: /home/cardaver/turtlebot3_ws/src/install/turtlebot3_fake_node/share/turtlebot3_fake_node/cmake/turtlebot3_fake_nodeConfig-version.cmake
[20.852s] -- Symlinking: /home/cardaver/turtlebot3_ws/src/install/turtlebot3_fake_node/share/turtlebot3_fake_node/package.xml
[20.871s] Invoked command in '/home/cardaver/turtlebot3_ws/src/build/turtlebot3_fake_node' returned '0': AMENT_PREFIX_PATH=/home/cardaver/turtlebot3_ws/src/install/turtlebot3_msgs:${AMENT_PREFIX_PATH} CMAKE_PREFIX_PATH=/home/cardaver/turtlebot3_ws/src/install/turtlebot3_msgs:/home/cardaver/turtlebot3_ws/install/turtlebot3:/home/cardaver/turtlebot3_ws/install/turtlebot3_simulations:/home/cardaver/turtlebot3_ws/install/turtlebot3_bringup:/home/cardaver/turtlebot3_ws/install/turtlebot3_node:/home/cardaver/turtlebot3_ws/install/turtlebot3_navigation2:/home/cardaver/turtlebot3_ws/install/turtlebot3_fake_node:/home/cardaver/turtlebot3_ws/install/turtlebot3_msgs:/home/cardaver/turtlebot3_ws/install/turtlebot3_gazebo:/home/cardaver/turtlebot3_ws/install/turtlebot3_description:/home/cardaver/turtlebot3_ws/install/turtlebot3_cartographer:/home/cardaver/turtlebot3_ws/install/dynamixel_sdk_examples:/home/cardaver/turtlebot3_ws/install/dynamixel_sdk_custom_interfaces:/home/cardaver/turtlebot3_ws/install/dynamixel_sdk:/opt/ros/jazzy/opt/gz_sim_vendor:/opt/ros/jazzy/opt/gz_sensors_vendor:/opt/ros/jazzy/opt/gz_physics_vendor:/opt/ros/jazzy/opt/sdformat_vendor:/opt/ros/jazzy/opt/gz_gui_vendor:/opt/ros/jazzy/opt/gz_transport_vendor:/opt/ros/jazzy/opt/gz_rendering_vendor:/opt/ros/jazzy/opt/gz_plugin_vendor:/opt/ros/jazzy/opt/gz_fuel_tools_vendor:/opt/ros/jazzy/opt/gz_msgs_vendor:/opt/ros/jazzy/opt/gz_common_vendor:/opt/ros/jazzy/opt/gz_math_vendor:/opt/ros/jazzy/opt/gz_utils_vendor:/opt/ros/jazzy/opt/gz_tools_vendor:/opt/ros/jazzy/opt/gz_ogre_next_vendor:/opt/ros/jazzy/opt/gz_dartsim_vendor:/opt/ros/jazzy/opt/gz_cmake_vendor:/home/cardaver/turtlebot3_ws/install/wielokaty:/home/cardaver/turtlebot3_ws/install/turtlebot3_teleop:/home/cardaver/turtlebot3_ws/install/turtlebot3_example:/home/cardaver/turtlebot3_ws/install/moving_nodes:/opt/ros/jazzy LD_LIBRARY_PATH=/home/cardaver/turtlebot3_ws/src/install/turtlebot3_msgs/lib:${LD_LIBRARY_PATH} PS1=\[\033[01;32m\][\u@\h\[\033[01;37m\] \W\[\033[01;32m\]]\$\[\033[00m\] PYTHONPATH=/home/cardaver/turtlebot3_ws/src/install/turtlebot3_msgs/lib/python3.12/site-packages:${PYTHONPATH} /usr/bin/cmake --install /home/cardaver/turtlebot3_ws/src/build/turtlebot3_fake_node
