[0.098s] Invoking command in '/home/cardaver/turtlebot3_ws/build/dynamixel_sdk': CMAKE_PREFIX_PATH=${CMAKE_PREFIX_PATH}:/home/cardaver/turtlebot3_ws/install/turtlebot3_teleop:/home/cardaver/turtlebot3_ws/install/turtlebot3_example:/opt/ros/jazzy PS1=\[\033[01;32m\][\u@\h\[\033[01;37m\] \W\[\033[01;32m\]]\$\[\033[00m\] /usr/bin/cmake /home/cardaver/turtlebot3_ws/src/DynamixelSDK/ros/dynamixel_sdk -DCMAKE_INSTALL_PREFIX=/home/cardaver/turtlebot3_ws/install/dynamixel_sdk
[0.555s] -- The C compiler identification is GNU 13.3.0
[0.555s] -- The CXX compiler identification is GNU 13.3.0
[0.555s] -- Detecting C compiler ABI info
[0.716s] -- Detecting C compiler ABI info - done
[0.745s] -- Check for working C compiler: /usr/bin/cc - skipped
[0.745s] -- Detecting C compile features
[0.745s] -- Detecting C compile features - done
[0.771s] -- Detecting CXX compiler ABI info
[1.058s] -- Detecting CXX compiler ABI info - done
[1.081s] -- Check for working CXX compiler: /usr/bin/c++ - skipped
[1.081s] -- Detecting CXX compile features
[1.084s] -- Detecting CXX compile features - done
[1.098s] -- Found ament_cmake: 2.5.4 (/opt/ros/jazzy/share/ament_cmake/cmake)
[1.618s] -- Found Python3: /usr/bin/python3 (found version "3.12.3") found components: Interpreter 
[2.625s] -- Configuring done (2.5s)
[2.631s] -- Generating done (0.0s)
[2.640s] -- Build files have been written to: /home/cardaver/turtlebot3_ws/build/dynamixel_sdk
[2.696s] Invoked command in '/home/cardaver/turtlebot3_ws/build/dynamixel_sdk' returned '0': CMAKE_PREFIX_PATH=${CMAKE_PREFIX_PATH}:/home/cardaver/turtlebot3_ws/install/turtlebot3_teleop:/home/cardaver/turtlebot3_ws/install/turtlebot3_example:/opt/ros/jazzy PS1=\[\033[01;32m\][\u@\h\[\033[01;37m\] \W\[\033[01;32m\]]\$\[\033[00m\] /usr/bin/cmake /home/cardaver/turtlebot3_ws/src/DynamixelSDK/ros/dynamixel_sdk -DCMAKE_INSTALL_PREFIX=/home/cardaver/turtlebot3_ws/install/dynamixel_sdk
[2.697s] Invoking command in '/home/cardaver/turtlebot3_ws/build/dynamixel_sdk': CMAKE_PREFIX_PATH=${CMAKE_PREFIX_PATH}:/home/cardaver/turtlebot3_ws/install/turtlebot3_teleop:/home/cardaver/turtlebot3_ws/install/turtlebot3_example:/opt/ros/jazzy PS1=\[\033[01;32m\][\u@\h\[\033[01;37m\] \W\[\033[01;32m\]]\$\[\033[00m\] /usr/bin/cmake --build /home/cardaver/turtlebot3_ws/build/dynamixel_sdk -- -j16 -l16
[2.863s] [  7%] [32mBuilding CXX object CMakeFiles/dynamixel_sdk.dir/src/dynamixel_sdk/packet_handler.cpp.o[0m
[3.085s] [ 15%] [32mBuilding CXX object CMakeFiles/dynamixel_sdk.dir/src/dynamixel_sdk/port_handler_linux.cpp.o[0m
[3.202s] [ 23%] [32mBuilding CXX object CMakeFiles/dynamixel_sdk.dir/src/dynamixel_sdk/port_handler.cpp.o[0m
[3.246s] [ 30%] [32mBuilding CXX object CMakeFiles/dynamixel_sdk.dir/src/dynamixel_sdk/group_handler.cpp.o[0m
[3.503s] [ 38%] [32mBuilding CXX object CMakeFiles/dynamixel_sdk.dir/src/dynamixel_sdk/group_fast_sync_read.cpp.o[0m
[3.917s] [ 46%] [32mBuilding CXX object CMakeFiles/dynamixel_sdk.dir/src/dynamixel_sdk/group_fast_bulk_read.cpp.o[0m
[4.363s] [ 53%] [32mBuilding CXX object CMakeFiles/dynamixel_sdk.dir/src/dynamixel_sdk/group_bulk_write.cpp.o[0m
[4.968s] [ 61%] [32mBuilding CXX object CMakeFiles/dynamixel_sdk.dir/src/dynamixel_sdk/group_bulk_read.cpp.o[0m
[5.569s] [ 69%] [32mBuilding CXX object CMakeFiles/dynamixel_sdk.dir/src/dynamixel_sdk/group_sync_write.cpp.o[0m
[6.044s] [ 76%] [32mBuilding CXX object CMakeFiles/dynamixel_sdk.dir/src/dynamixel_sdk/group_sync_read.cpp.o[0m
[6.623s] [ 84%] [32mBuilding CXX object CMakeFiles/dynamixel_sdk.dir/src/dynamixel_sdk/protocol2_packet_handler.cpp.o[0m
[7.022s] [ 92%] [32mBuilding CXX object CMakeFiles/dynamixel_sdk.dir/src/dynamixel_sdk/protocol1_packet_handler.cpp.o[0m
[7.361s] [100%] [32m[1mLinking CXX shared library libdynamixel_sdk.so[0m
[7.570s] [100%] Built target dynamixel_sdk
[7.667s] [100%] Built target ament_cmake_python_copy_dynamixel_sdk
[8.077s] running egg_info
[8.081s] creating dynamixel_sdk.egg-info
[8.109s] writing dynamixel_sdk.egg-info/PKG-INFO
[8.110s] writing dependency_links to dynamixel_sdk.egg-info/dependency_links.txt
[8.110s] writing top-level names to dynamixel_sdk.egg-info/top_level.txt
[8.110s] writing manifest file 'dynamixel_sdk.egg-info/SOURCES.txt'
[8.195s] reading manifest file 'dynamixel_sdk.egg-info/SOURCES.txt'
[8.195s] writing manifest file 'dynamixel_sdk.egg-info/SOURCES.txt'
[8.273s] [100%] Built target ament_cmake_python_build_dynamixel_sdk_egg
[8.300s] Invoked command in '/home/cardaver/turtlebot3_ws/build/dynamixel_sdk' returned '0': CMAKE_PREFIX_PATH=${CMAKE_PREFIX_PATH}:/home/cardaver/turtlebot3_ws/install/turtlebot3_teleop:/home/cardaver/turtlebot3_ws/install/turtlebot3_example:/opt/ros/jazzy PS1=\[\033[01;32m\][\u@\h\[\033[01;37m\] \W\[\033[01;32m\]]\$\[\033[00m\] /usr/bin/cmake --build /home/cardaver/turtlebot3_ws/build/dynamixel_sdk -- -j16 -l16
[8.307s] Invoking command in '/home/cardaver/turtlebot3_ws/build/dynamixel_sdk': CMAKE_PREFIX_PATH=${CMAKE_PREFIX_PATH}:/home/cardaver/turtlebot3_ws/install/turtlebot3_teleop:/home/cardaver/turtlebot3_ws/install/turtlebot3_example:/opt/ros/jazzy PS1=\[\033[01;32m\][\u@\h\[\033[01;37m\] \W\[\033[01;32m\]]\$\[\033[00m\] /usr/bin/cmake --install /home/cardaver/turtlebot3_ws/build/dynamixel_sdk
[8.317s] -- Install configuration: ""
[8.317s] -- Installing: /home/cardaver/turtlebot3_ws/install/dynamixel_sdk/include/
[8.317s] -- Installing: /home/cardaver/turtlebot3_ws/install/dynamixel_sdk/include//dynamixel_sdk
[8.317s] -- Installing: /home/cardaver/turtlebot3_ws/install/dynamixel_sdk/include//dynamixel_sdk/port_handler_arduino.h
[8.317s] -- Installing: /home/cardaver/turtlebot3_ws/install/dynamixel_sdk/include//dynamixel_sdk/port_handler_linux.h
[8.318s] -- Installing: /home/cardaver/turtlebot3_ws/install/dynamixel_sdk/include//dynamixel_sdk/group_bulk_write.h
[8.320s] -- Installing: /home/cardaver/turtlebot3_ws/install/dynamixel_sdk/include//dynamixel_sdk/protocol1_packet_handler.h
[8.320s] -- Installing: /home/cardaver/turtlebot3_ws/install/dynamixel_sdk/include//dynamixel_sdk/dynamixel_sdk.h
[8.320s] -- Installing: /home/cardaver/turtlebot3_ws/install/dynamixel_sdk/include//dynamixel_sdk/port_handler_mac.h
[8.320s] -- Installing: /home/cardaver/turtlebot3_ws/install/dynamixel_sdk/include//dynamixel_sdk/group_fast_sync_read.h
[8.321s] -- Installing: /home/cardaver/turtlebot3_ws/install/dynamixel_sdk/include//dynamixel_sdk/group_handler.h
[8.322s] -- Installing: /home/cardaver/turtlebot3_ws/install/dynamixel_sdk/include//dynamixel_sdk/group_sync_write.h
[8.322s] -- Installing: /home/cardaver/turtlebot3_ws/install/dynamixel_sdk/include//dynamixel_sdk/group_sync_read.h
[8.324s] -- Installing: /home/cardaver/turtlebot3_ws/install/dynamixel_sdk/include//dynamixel_sdk/group_fast_bulk_read.h
[8.324s] -- Installing: /home/cardaver/turtlebot3_ws/install/dynamixel_sdk/include//dynamixel_sdk/protocol2_packet_handler.h
[8.324s] -- Installing: /home/cardaver/turtlebot3_ws/install/dynamixel_sdk/include//dynamixel_sdk/group_bulk_read.h
[8.324s] -- Installing: /home/cardaver/turtlebot3_ws/install/dynamixel_sdk/include//dynamixel_sdk/packet_handler.h
[8.324s] -- Installing: /home/cardaver/turtlebot3_ws/install/dynamixel_sdk/include//dynamixel_sdk/port_handler_windows.h
[8.324s] -- Installing: /home/cardaver/turtlebot3_ws/install/dynamixel_sdk/include//dynamixel_sdk/port_handler.h
[8.324s] -- Installing: /home/cardaver/turtlebot3_ws/install/dynamixel_sdk/lib/libdynamixel_sdk.so
[8.324s] -- Installing: /home/cardaver/turtlebot3_ws/install/dynamixel_sdk/share/dynamixel_sdk/environment/pythonpath.sh
[8.324s] -- Installing: /home/cardaver/turtlebot3_ws/install/dynamixel_sdk/share/dynamixel_sdk/environment/pythonpath.dsv
[8.326s] -- Installing: /home/cardaver/turtlebot3_ws/install/dynamixel_sdk/lib/python3.12/site-packages/dynamixel_sdk-3.8.4-py3.12.egg-info
[8.326s] -- Installing: /home/cardaver/turtlebot3_ws/install/dynamixel_sdk/lib/python3.12/site-packages/dynamixel_sdk-3.8.4-py3.12.egg-info/dependency_links.txt
[8.326s] -- Installing: /home/cardaver/turtlebot3_ws/install/dynamixel_sdk/lib/python3.12/site-packages/dynamixel_sdk-3.8.4-py3.12.egg-info/SOURCES.txt
[8.326s] -- Installing: /home/cardaver/turtlebot3_ws/install/dynamixel_sdk/lib/python3.12/site-packages/dynamixel_sdk-3.8.4-py3.12.egg-info/PKG-INFO
[8.326s] -- Installing: /home/cardaver/turtlebot3_ws/install/dynamixel_sdk/lib/python3.12/site-packages/dynamixel_sdk-3.8.4-py3.12.egg-info/top_level.txt
[8.326s] -- Installing: /home/cardaver/turtlebot3_ws/install/dynamixel_sdk/lib/python3.12/site-packages/dynamixel_sdk
[8.326s] -- Installing: /home/cardaver/turtlebot3_ws/install/dynamixel_sdk/lib/python3.12/site-packages/dynamixel_sdk/robotis_def.py
[8.326s] -- Installing: /home/cardaver/turtlebot3_ws/install/dynamixel_sdk/lib/python3.12/site-packages/dynamixel_sdk/group_bulk_write.py
[8.327s] -- Installing: /home/cardaver/turtlebot3_ws/install/dynamixel_sdk/lib/python3.12/site-packages/dynamixel_sdk/group_handler.cpp
[8.327s] -- Installing: /home/cardaver/turtlebot3_ws/install/dynamixel_sdk/lib/python3.12/site-packages/dynamixel_sdk/group_bulk_read.py
[8.327s] -- Installing: /home/cardaver/turtlebot3_ws/install/dynamixel_sdk/lib/python3.12/site-packages/dynamixel_sdk/__init__.py
[8.327s] -- Installing: /home/cardaver/turtlebot3_ws/install/dynamixel_sdk/lib/python3.12/site-packages/dynamixel_sdk/port_handler.cpp
[8.327s] -- Installing: /home/cardaver/turtlebot3_ws/install/dynamixel_sdk/lib/python3.12/site-packages/dynamixel_sdk/port_handler_windows.cpp
[8.327s] -- Installing: /home/cardaver/turtlebot3_ws/install/dynamixel_sdk/lib/python3.12/site-packages/dynamixel_sdk/packet_handler.py
[8.327s] -- Installing: /home/cardaver/turtlebot3_ws/install/dynamixel_sdk/lib/python3.12/site-packages/dynamixel_sdk/group_sync_read.py
[8.327s] -- Installing: /home/cardaver/turtlebot3_ws/install/dynamixel_sdk/lib/python3.12/site-packages/dynamixel_sdk/port_handler_linux.cpp
[8.327s] -- Installing: /home/cardaver/turtlebot3_ws/install/dynamixel_sdk/lib/python3.12/site-packages/dynamixel_sdk/group_sync_write.py
[8.327s] -- Installing: /home/cardaver/turtlebot3_ws/install/dynamixel_sdk/lib/python3.12/site-packages/dynamixel_sdk/port_handler_mac.cpp
[8.328s] -- Installing: /home/cardaver/turtlebot3_ws/install/dynamixel_sdk/lib/python3.12/site-packages/dynamixel_sdk/port_handler_arduino.cpp
[8.328s] -- Installing: /home/cardaver/turtlebot3_ws/install/dynamixel_sdk/lib/python3.12/site-packages/dynamixel_sdk/protocol1_packet_handler.cpp
[8.328s] -- Installing: /home/cardaver/turtlebot3_ws/install/dynamixel_sdk/lib/python3.12/site-packages/dynamixel_sdk/group_sync_read.cpp
[8.328s] -- Installing: /home/cardaver/turtlebot3_ws/install/dynamixel_sdk/lib/python3.12/site-packages/dynamixel_sdk/port_handler.py
[8.328s] -- Installing: /home/cardaver/turtlebot3_ws/install/dynamixel_sdk/lib/python3.12/site-packages/dynamixel_sdk/protocol1_packet_handler.py
[8.328s] -- Installing: /home/cardaver/turtlebot3_ws/install/dynamixel_sdk/lib/python3.12/site-packages/dynamixel_sdk/group_bulk_read.cpp
[8.328s] -- Installing: /home/cardaver/turtlebot3_ws/install/dynamixel_sdk/lib/python3.12/site-packages/dynamixel_sdk/protocol2_packet_handler.cpp
[8.328s] -- Installing: /home/cardaver/turtlebot3_ws/install/dynamixel_sdk/lib/python3.12/site-packages/dynamixel_sdk/group_fast_bulk_read.cpp
[8.328s] -- Installing: /home/cardaver/turtlebot3_ws/install/dynamixel_sdk/lib/python3.12/site-packages/dynamixel_sdk/group_sync_write.cpp
[8.328s] -- Installing: /home/cardaver/turtlebot3_ws/install/dynamixel_sdk/lib/python3.12/site-packages/dynamixel_sdk/group_bulk_write.cpp
[8.329s] -- Installing: /home/cardaver/turtlebot3_ws/install/dynamixel_sdk/lib/python3.12/site-packages/dynamixel_sdk/packet_handler.cpp
[8.329s] -- Installing: /home/cardaver/turtlebot3_ws/install/dynamixel_sdk/lib/python3.12/site-packages/dynamixel_sdk/protocol2_packet_handler.py
[8.329s] -- Installing: /home/cardaver/turtlebot3_ws/install/dynamixel_sdk/lib/python3.12/site-packages/dynamixel_sdk/group_fast_sync_read.cpp
[8.420s] Listing '/home/cardaver/turtlebot3_ws/install/dynamixel_sdk/lib/python3.12/site-packages/dynamixel_sdk'...
[8.421s] Compiling '/home/cardaver/turtlebot3_ws/install/dynamixel_sdk/lib/python3.12/site-packages/dynamixel_sdk/__init__.py'...
[8.421s] Compiling '/home/cardaver/turtlebot3_ws/install/dynamixel_sdk/lib/python3.12/site-packages/dynamixel_sdk/group_bulk_read.py'...
[8.421s] Compiling '/home/cardaver/turtlebot3_ws/install/dynamixel_sdk/lib/python3.12/site-packages/dynamixel_sdk/group_bulk_write.py'...
[8.421s] Compiling '/home/cardaver/turtlebot3_ws/install/dynamixel_sdk/lib/python3.12/site-packages/dynamixel_sdk/group_sync_read.py'...
[8.425s] Compiling '/home/cardaver/turtlebot3_ws/install/dynamixel_sdk/lib/python3.12/site-packages/dynamixel_sdk/group_sync_write.py'...
[8.425s] Compiling '/home/cardaver/turtlebot3_ws/install/dynamixel_sdk/lib/python3.12/site-packages/dynamixel_sdk/packet_handler.py'...
[8.425s] Compiling '/home/cardaver/turtlebot3_ws/install/dynamixel_sdk/lib/python3.12/site-packages/dynamixel_sdk/port_handler.py'...
[8.425s] Compiling '/home/cardaver/turtlebot3_ws/install/dynamixel_sdk/lib/python3.12/site-packages/dynamixel_sdk/protocol1_packet_handler.py'...
[8.425s] Compiling '/home/cardaver/turtlebot3_ws/install/dynamixel_sdk/lib/python3.12/site-packages/dynamixel_sdk/protocol2_packet_handler.py'...
[8.425s] Compiling '/home/cardaver/turtlebot3_ws/install/dynamixel_sdk/lib/python3.12/site-packages/dynamixel_sdk/robotis_def.py'...
[8.433s] -- Installing: /home/cardaver/turtlebot3_ws/install/dynamixel_sdk/share/dynamixel_sdk/environment/library_path.sh
[8.435s] -- Installing: /home/cardaver/turtlebot3_ws/install/dynamixel_sdk/share/dynamixel_sdk/environment/library_path.dsv
[8.435s] -- Installing: /home/cardaver/turtlebot3_ws/install/dynamixel_sdk/share/ament_index/resource_index/package_run_dependencies/dynamixel_sdk
[8.435s] -- Installing: /home/cardaver/turtlebot3_ws/install/dynamixel_sdk/share/ament_index/resource_index/parent_prefix_path/dynamixel_sdk
[8.435s] -- Installing: /home/cardaver/turtlebot3_ws/install/dynamixel_sdk/share/dynamixel_sdk/environment/ament_prefix_path.sh
[8.435s] -- Installing: /home/cardaver/turtlebot3_ws/install/dynamixel_sdk/share/dynamixel_sdk/environment/ament_prefix_path.dsv
[8.435s] -- Installing: /home/cardaver/turtlebot3_ws/install/dynamixel_sdk/share/dynamixel_sdk/environment/path.sh
[8.435s] -- Installing: /home/cardaver/turtlebot3_ws/install/dynamixel_sdk/share/dynamixel_sdk/environment/path.dsv
[8.436s] -- Installing: /home/cardaver/turtlebot3_ws/install/dynamixel_sdk/share/dynamixel_sdk/local_setup.bash
[8.436s] -- Installing: /home/cardaver/turtlebot3_ws/install/dynamixel_sdk/share/dynamixel_sdk/local_setup.sh
[8.437s] -- Installing: /home/cardaver/turtlebot3_ws/install/dynamixel_sdk/share/dynamixel_sdk/local_setup.zsh
[8.437s] -- Installing: /home/cardaver/turtlebot3_ws/install/dynamixel_sdk/share/dynamixel_sdk/local_setup.dsv
[8.437s] -- Installing: /home/cardaver/turtlebot3_ws/install/dynamixel_sdk/share/dynamixel_sdk/package.dsv
[8.437s] -- Installing: /home/cardaver/turtlebot3_ws/install/dynamixel_sdk/share/ament_index/resource_index/packages/dynamixel_sdk
[8.437s] -- Installing: /home/cardaver/turtlebot3_ws/install/dynamixel_sdk/share/dynamixel_sdk/cmake/dynamixel_sdkExport.cmake
[8.439s] -- Installing: /home/cardaver/turtlebot3_ws/install/dynamixel_sdk/share/dynamixel_sdk/cmake/dynamixel_sdkExport-noconfig.cmake
[8.439s] -- Installing: /home/cardaver/turtlebot3_ws/install/dynamixel_sdk/share/dynamixel_sdk/cmake/ament_cmake_export_targets-extras.cmake
[8.439s] -- Installing: /home/cardaver/turtlebot3_ws/install/dynamixel_sdk/share/dynamixel_sdk/cmake/ament_cmake_export_include_directories-extras.cmake
[8.439s] -- Installing: /home/cardaver/turtlebot3_ws/install/dynamixel_sdk/share/dynamixel_sdk/cmake/ament_cmake_export_libraries-extras.cmake
[8.439s] -- Installing: /home/cardaver/turtlebot3_ws/install/dynamixel_sdk/share/dynamixel_sdk/cmake/dynamixel_sdkConfig.cmake
[8.439s] -- Installing: /home/cardaver/turtlebot3_ws/install/dynamixel_sdk/share/dynamixel_sdk/cmake/dynamixel_sdkConfig-version.cmake
[8.439s] -- Installing: /home/cardaver/turtlebot3_ws/install/dynamixel_sdk/share/dynamixel_sdk/package.xml
[8.442s] Invoked command in '/home/cardaver/turtlebot3_ws/build/dynamixel_sdk' returned '0': CMAKE_PREFIX_PATH=${CMAKE_PREFIX_PATH}:/home/cardaver/turtlebot3_ws/install/turtlebot3_teleop:/home/cardaver/turtlebot3_ws/install/turtlebot3_example:/opt/ros/jazzy PS1=\[\033[01;32m\][\u@\h\[\033[01;37m\] \W\[\033[01;32m\]]\$\[\033[00m\] /usr/bin/cmake --install /home/cardaver/turtlebot3_ws/build/dynamixel_sdk
