[0.058s] Invoking command in '/home/cardaver/turtlebot3_ws/src/build/turtlebot3_gazebo': CMAKE_PREFIX_PATH=${CMAKE_PREFIX_PATH}:/home/cardaver/turtlebot3_ws/install/wielokaty:/home/cardaver/turtlebot3_ws/install/turtlebot3_teleop:/home/cardaver/turtlebot3_ws/install/turtlebot3_example:/home/cardaver/turtlebot3_ws/install/moving_nodes:/opt/ros/jazzy PS1=\[\033[01;32m\][\u@\h\[\033[01;37m\] \W\[\033[01;32m\]]\$\[\033[00m\] /usr/bin/cmake /home/cardaver/turtlebot3_ws/src/turtlebot3_simulations/turtlebot3_gazebo -DCMAKE_INSTALL_PREFIX=/home/cardaver/turtlebot3_ws/src/install/turtlebot3_gazebo
[1.045s] -- The C compiler identification is GNU 13.3.0
[1.046s] -- The CXX compiler identification is GNU 13.3.0
[1.046s] -- Detecting C compiler ABI info
[1.046s] -- Detecting C compiler ABI info - done
[1.046s] -- Check for working C compiler: /usr/bin/cc - skipped
[1.046s] -- Detecting C compile features
[1.046s] -- Detecting C compile features - done
[1.047s] -- Detecting CXX compiler ABI info
[1.047s] -- Detecting CXX compiler ABI info - done
[1.047s] -- Check for working CXX compiler: /usr/bin/c++ - skipped
[1.047s] -- Detecting CXX compile features
[1.047s] -- Detecting CXX compile features - done
[1.047s] -- Found ament_cmake: 2.5.4 (/opt/ros/jazzy/share/ament_cmake/cmake)
[1.047s] -- Found Python3: /usr/bin/python3 (found version "3.12.3") found components: Interpreter 
[1.285s] -- Found ros_gz_sim: 1.0.16 (/opt/ros/jazzy/share/ros_gz_sim/cmake)
[1.453s] -- Found rosidl_generator_c: 4.6.6 (/opt/ros/jazzy/share/rosidl_generator_c/cmake)
[1.483s] -- Found rosidl_generator_cpp: 4.6.6 (/opt/ros/jazzy/share/rosidl_generator_cpp/cmake)
[1.525s] -- Using all available rosidl_typesupport_c: rosidl_typesupport_fastrtps_c;rosidl_typesupport_introspection_c
[1.568s] -- Using all available rosidl_typesupport_cpp: rosidl_typesupport_fastrtps_cpp;rosidl_typesupport_introspection_cpp
[1.713s] -- Found rmw_implementation_cmake: 7.3.2 (/opt/ros/jazzy/share/rmw_implementation_cmake/cmake)
[1.721s] -- Found rmw_fastrtps_cpp: 8.4.3 (/opt/ros/jazzy/share/rmw_fastrtps_cpp/cmake)
[1.885s] -- Found OpenSSL: /usr/lib/x86_64-linux-gnu/libcrypto.so (found version "3.0.13")  
[1.950s] -- Found FastRTPS: /opt/ros/jazzy/include (Required is at least version "2.13") 
[2.002s] -- Using RMW implementation 'rmw_fastrtps_cpp' as default
[2.641s] -- Found nav_msgs: 5.3.6 (/opt/ros/jazzy/share/nav_msgs/cmake)
[2.686s] -- Found sensor_msgs: 5.3.6 (/opt/ros/jazzy/share/sensor_msgs/cmake)
[2.734s] -- Found gz_math_vendor: 0.0.8 (/opt/ros/jazzy/share/gz_math_vendor/cmake)
[2.752s] -- Looking for gz-math7 -- found version 7.5.2
[2.764s] -- Searching for dependencies of gz-math7
[2.768s] -- Looking for gz-utils2 -- found version 2.2.1
[2.769s] -- Searching for dependencies of gz-utils2
[2.776s] -- Found gz_sim_vendor: 0.0.8 (/opt/ros/jazzy/share/gz_sim_vendor/cmake)
[2.887s] -- Looking for gz-sim8 -- found version 8.9.0
[2.888s] -- Searching for dependencies of gz-sim8
[2.894s] -- Looking for sdformat14 -- found version 14.8.0
[2.894s] -- Searching for dependencies of sdformat14
[2.902s] -- Checking for module 'tinyxml2'
[2.937s] --   Found tinyxml2, version 10.0.0
[3.014s] -- Looking for gz-math7 -- found version 7.5.2
[3.015s] -- Looking for gz-utils2 -- found version 2.2.1
[3.015s] -- Searching for dependencies of gz-utils2
[3.015s] -- Searching for <gz-utils2> component [cli]
[3.022s] -- Looking for gz-utils2-cli -- found version 2.2.1
[3.022s] -- Searching for dependencies of gz-utils2-cli
[3.030s] -- Looking for gz-plugin2 -- found version 2.0.4
[3.030s] -- Searching for dependencies of gz-plugin2
[3.030s] -- Looking for gz-utils2 -- found version 2.2.1
[3.032s] -- Searching for <gz-plugin2> component [loader]
[3.042s] -- Looking for gz-plugin2-loader -- found version 2.0.4
[3.042s] -- Searching for dependencies of gz-plugin2-loader
[3.043s] -- Searching for <gz-plugin2> component [register]
[3.048s] -- Looking for gz-plugin2-register -- found version 2.0.4
[3.049s] -- Searching for dependencies of gz-plugin2-register
[3.054s] -- Looking for gz-transport13 -- found version 13.4.1
[3.054s] -- Searching for dependencies of gz-transport13
[3.380s] -- Found Protobuf: /usr/lib/x86_64-linux-gnu/libprotobuf.so (found version "3.21.12") 
[3.453s] -- Config-file not installed for ZeroMQ -- checking for pkg-config
[3.464s] -- Checking for module 'libzmq >= 4'
[3.507s] --   Found libzmq, version 4.3.5
[3.603s] -- Found ZeroMQ: TRUE (Required is at least version "4") 
[3.618s] -- Checking for module 'uuid'
[3.664s] --   Found uuid, version 2.39.3
[3.745s] -- Found UUID: TRUE  
[3.746s] -- Looking for gz-utils2 -- found version 2.2.1
[3.751s] -- Looking for gz-msgs10 -- found version 10.3.2
[3.752s] -- Searching for dependencies of gz-msgs10
[3.819s] -- Looking for gz-utils2 -- found version 2.2.1
[3.819s] -- Looking for gz-math7 -- found version 7.5.2
[3.832s] -- Searching for <gz-transport13> component [log]
[3.840s] -- Looking for gz-transport13-log -- found version 13.4.1
[3.840s] -- Searching for dependencies of gz-transport13-log
[3.841s] -- Searching for <gz-transport13> component [parameters]
[3.849s] -- Looking for gz-transport13-parameters -- found version 13.4.1
[3.849s] -- Searching for dependencies of gz-transport13-parameters
[3.851s] -- Looking for gz-msgs10 -- found version 10.3.2
[3.860s] -- Looking for gz-common5 -- found version 5.7.1
[3.860s] -- Searching for dependencies of gz-common5
[3.861s] -- Looking for gz-utils2 -- found version 2.2.1
[3.862s] -- Looking for dlfcn.h - found
[3.865s] -- Looking for libdl - found
[3.868s] -- Found DL: TRUE  
[3.878s] -- Searching for <gz-common5> component [av]
[3.883s] -- Looking for gz-common5-av -- found version 5.7.1
[3.883s] -- Searching for dependencies of gz-common5-av
[3.892s] -- Checking for module 'libswscale'
[3.920s] --   Found libswscale, version 7.5.100
[3.983s] -- Found SWSCALE: TRUE  
[3.992s] -- Checking for module 'libavdevice >= 56.4.100'
[4.024s] --   Found libavdevice, version 60.3.100
[4.122s] -- Found AVDEVICE: TRUE (Required is at least version "56.4.100") 
[4.137s] -- Checking for module 'libavformat'
[4.178s] --   Found libavformat, version 60.16.100
[4.272s] -- Found AVFORMAT: TRUE  
[4.280s] -- Checking for module 'libavcodec'
[4.312s] --   Found libavcodec, version 60.31.102
[4.379s] -- Found AVCODEC: TRUE  
[4.390s] -- Checking for module 'libavutil'
[4.421s] --   Found libavutil, version 58.29.100
[4.483s] -- Found AVUTIL: TRUE  
[4.485s] -- Searching for <gz-common5> component [events]
[4.493s] -- Looking for gz-common5-events -- found version 5.7.1
[4.493s] -- Searching for dependencies of gz-common5-events
[4.494s] -- Looking for gz-math7 -- found version 7.5.2
[4.495s] -- Searching for <gz-common5> component [graphics]
[4.503s] -- Looking for gz-common5-graphics -- found version 5.7.1
[4.503s] -- Searching for dependencies of gz-common5-graphics
[4.504s] -- Looking for gz-math7 -- found version 7.5.2
[4.526s] -- Found GzAssimp: TRUE (found version "5.3.0") 
[4.528s] -- Searching for <gz-common5> component [io]
[4.537s] -- Looking for gz-common5-io -- found version 5.7.1
[4.537s] -- Searching for dependencies of gz-common5-io
[4.538s] -- Searching for <gz-common5> component [profiler]
[4.549s] -- Looking for gz-common5-profiler -- found version 5.7.1
[4.549s] -- Searching for dependencies of gz-common5-profiler
[4.563s] -- Looking for gz-fuel_tools9 -- found version 9.1.1
[4.563s] -- Searching for dependencies of gz-fuel_tools9
[4.753s] -- Found CURL: /usr/lib/x86_64-linux-gnu/libcurl.so (found version "8.5.0")  
[4.783s] -- Checking for module 'jsoncpp'
[4.813s] --   Found jsoncpp, version 1.9.5
[4.874s] -- Found JSONCPP: TRUE  
[4.929s] -- Checking for module 'yaml-0.1'
[4.957s] --   Found yaml-0.1, version 0.2.5
[5.017s] -- Found YAML: TRUE  
[5.028s] -- Checking for module 'libzip'
[5.061s] --   Found libzip, version 1.7.3
[5.134s] -- Found ZIP: TRUE  
[5.134s] -- Looking for gz-utils2 -- found version 2.2.1
[5.135s] -- Looking for gz-common5 -- found version 5.7.1
[5.135s] -- Searching for dependencies of gz-common5
[5.136s] -- Looking for gz-utils2 -- found version 2.2.1
[5.136s] -- Looking for dlfcn.h - found
[5.136s] -- Looking for libdl - found
[5.149s] -- Searching for <gz-common5> component [testing]
[5.155s] -- Looking for gz-common5-testing -- found version 5.7.1
[5.155s] -- Searching for dependencies of gz-common5-testing
[5.157s] -- Looking for gz-math7 -- found version 7.5.2
[5.158s] -- Looking for gz-msgs10 -- found version 10.3.2
[5.167s] -- Looking for gz-gui8 -- found version 8.4.0
[5.167s] -- Searching for dependencies of gz-gui8
[5.235s] -- Looking for gz-utils2 -- found version 2.2.1
[5.236s] -- Looking for gz-math7 -- found version 7.5.2
[5.236s] -- Looking for gz-common5 -- found version 5.7.1
[5.237s] -- Looking for gz-plugin2 -- found version 2.0.4
[5.237s] -- Looking for gz-transport13 -- found version 13.4.1
[5.242s] -- Looking for gz-rendering8 -- found version 8.2.2
[5.242s] -- Searching for dependencies of gz-rendering8
[5.243s] -- Looking for gz-math7 -- found version 7.5.2
[5.243s] -- Searching for dependencies of gz-math7
[5.244s] -- Looking for gz-utils2 -- found version 2.2.1
[5.244s] -- Searching for <gz-math7> component [eigen3]
[5.250s] -- Looking for gz-math7-eigen3 -- found version 7.5.2
[5.250s] -- Searching for dependencies of gz-math7-eigen3
[5.279s] -- Looking for gz-common5 -- found version 5.7.1
[5.279s] -- Searching for dependencies of gz-common5
[5.279s] -- Looking for gz-utils2 -- found version 2.2.1
[5.280s] -- Looking for dlfcn.h - found
[5.280s] -- Looking for libdl - found
[5.291s] -- Searching for <gz-common5> component [graphics]
[5.292s] -- Searching for <gz-common5> component [events]
[5.292s] -- Searching for <gz-common5> component [geospatial]
[5.297s] -- Looking for gz-common5-geospatial -- found version 5.7.1
[5.297s] -- Searching for dependencies of gz-common5-geospatial
[5.297s] -- Looking for gz-math7 -- found version 7.5.2
[5.298s] -- Looking for gz-common5 -- found version 5.7.1
[5.300s] -- Looking for gz-plugin2 -- found version 2.0.4
[5.301s] -- Searching for dependencies of gz-plugin2
[5.302s] -- Looking for gz-utils2 -- found version 2.2.1
[5.302s] -- Searching for <gz-plugin2> component [all]
[5.307s] -- Looking for all libraries of gz-plugin2 -- found version 2.0.4
[5.308s] -- Looking for gz-plugin2 -- found version 2.0.4
[5.310s] -- Looking for gz-utils2 -- found version 2.2.1
[5.340s] -- Found OpenGL: /usr/lib/x86_64-linux-gnu/libOpenGL.so  found components: OpenGL 
[5.342s] -- Looking for gz-msgs10 -- found version 10.3.2
[5.409s] -- Looking for gz-physics7 -- found version 7.5.0
[5.410s] -- Searching for dependencies of gz-physics7
[5.410s] -- Looking for gz-common5 -- found version 5.7.1
[5.411s] -- Looking for gz-math7 -- found version 7.5.2
[5.412s] -- Looking for gz-plugin2 -- found version 2.0.4
[5.413s] -- Looking for gz-utils2 -- found version 2.2.1
[5.416s] -- Searching for <gz-physics7> component [heightmap]
[5.422s] -- Looking for gz-physics7-heightmap -- found version 7.5.0
[5.423s] -- Searching for dependencies of gz-physics7-heightmap
[5.424s] -- Looking for gz-common5 -- found version 5.7.1
[5.425s] -- Searching for <gz-physics7> component [mesh]
[5.431s] -- Looking for gz-physics7-mesh -- found version 7.5.0
[5.431s] -- Searching for dependencies of gz-physics7-mesh
[5.432s] -- Looking for gz-common5 -- found version 5.7.1
[5.433s] -- Searching for <gz-physics7> component [sdf]
[5.440s] -- Looking for gz-physics7-sdf -- found version 7.5.0
[5.440s] -- Searching for dependencies of gz-physics7-sdf
[5.441s] -- Looking for sdformat14 -- found version 14.8.0
[5.450s] -- Looking for gz-sensors8 -- found version 8.2.2
[5.450s] -- Searching for dependencies of gz-sensors8
[5.522s] -- Looking for gz-math7 -- found version 7.5.2
[5.523s] -- Looking for gz-common5 -- found version 5.7.1
[5.524s] -- Looking for gz-transport13 -- found version 13.4.1
[5.525s] -- Looking for gz-rendering8 -- found version 8.2.2
[5.526s] -- Looking for gz-msgs10 -- found version 10.3.2
[5.527s] -- Looking for sdformat14 -- found version 14.8.0
[5.528s] -- Searching for <gz-sensors8> component [air_pressure]
[5.533s] -- Looking for gz-sensors8-air_pressure -- found version 8.2.2
[5.533s] -- Searching for dependencies of gz-sensors8-air_pressure
[5.534s] -- Searching for <gz-sensors8> component [air_speed]
[5.541s] -- Looking for gz-sensors8-air_speed -- found version 8.2.2
[5.541s] -- Searching for dependencies of gz-sensors8-air_speed
[5.542s] -- Searching for <gz-sensors8> component [altimeter]
[5.548s] -- Looking for gz-sensors8-altimeter -- found version 8.2.2
[5.548s] -- Searching for dependencies of gz-sensors8-altimeter
[5.549s] -- Searching for <gz-sensors8> component [imu]
[5.554s] -- Looking for gz-sensors8-imu -- found version 8.2.2
[5.554s] -- Searching for dependencies of gz-sensors8-imu
[5.556s] -- Searching for <gz-sensors8> component [force_torque]
[5.561s] -- Looking for gz-sensors8-force_torque -- found version 8.2.2
[5.561s] -- Searching for dependencies of gz-sensors8-force_torque
[5.562s] -- Searching for <gz-sensors8> component [logical_camera]
[5.565s] -- Looking for gz-sensors8-logical_camera -- found version 8.2.2
[5.566s] -- Searching for dependencies of gz-sensors8-logical_camera
[5.566s] -- Searching for <gz-sensors8> component [magnetometer]
[5.571s] -- Looking for gz-sensors8-magnetometer -- found version 8.2.2
[5.571s] -- Searching for dependencies of gz-sensors8-magnetometer
[5.572s] -- Searching for <gz-sensors8> component [navsat]
[5.575s] -- Looking for gz-sensors8-navsat -- found version 8.2.2
[5.575s] -- Searching for dependencies of gz-sensors8-navsat
[5.576s] -- Searching for <gz-sensors8> component [dvl]
[5.580s] -- Looking for gz-sensors8-dvl -- found version 8.2.2
[5.580s] -- Searching for dependencies of gz-sensors8-dvl
[5.580s] -- Looking for gz-sensors8 -- found version 8.2.2
[5.580s] -- Searching for dependencies of gz-sensors8
[5.634s] -- Looking for gz-math7 -- found version 7.5.2
[5.635s] -- Looking for gz-common5 -- found version 5.7.1
[5.635s] -- Looking for gz-transport13 -- found version 13.4.1
[5.636s] -- Looking for gz-rendering8 -- found version 8.2.2
[5.636s] -- Looking for gz-msgs10 -- found version 10.3.2
[5.637s] -- Looking for sdformat14 -- found version 14.8.0
[5.637s] -- Searching for <gz-sensors8> component [rendering]
[5.641s] -- Looking for gz-sensors8-rendering -- found version 8.2.2
[5.641s] -- Searching for dependencies of gz-sensors8-rendering
[5.643s] -- Searching for <gz-sensors8> component [rendering]
[5.643s] -- Searching for <gz-sensors8> component [lidar]
[5.647s] -- Looking for gz-sensors8-lidar -- found version 8.2.2
[5.647s] -- Searching for dependencies of gz-sensors8-lidar
[5.647s] -- Looking for gz-sensors8 -- found version 8.2.2
[5.648s] -- Searching for <gz-sensors8> component [gpu_lidar]
[5.652s] -- Looking for gz-sensors8-gpu_lidar -- found version 8.2.2
[5.652s] -- Searching for dependencies of gz-sensors8-gpu_lidar
[5.653s] -- Looking for gz-sensors8 -- found version 8.2.2
[5.654s] -- Searching for <gz-sensors8> component [camera]
[5.658s] -- Looking for gz-sensors8-camera -- found version 8.2.2
[5.658s] -- Searching for dependencies of gz-sensors8-camera
[5.659s] -- Looking for gz-sensors8 -- found version 8.2.2
[5.660s] -- Searching for <gz-sensors8> component [boundingbox_camera]
[5.664s] -- Looking for gz-sensors8-boundingbox_camera -- found version 8.2.2
[5.664s] -- Searching for dependencies of gz-sensors8-boundingbox_camera
[5.665s] -- Searching for <gz-sensors8> component [segmentation_camera]
[5.669s] -- Looking for gz-sensors8-segmentation_camera -- found version 8.2.2
[5.669s] -- Searching for dependencies of gz-sensors8-segmentation_camera
[5.669s] -- Searching for <gz-sensors8> component [depth_camera]
[5.673s] -- Looking for gz-sensors8-depth_camera -- found version 8.2.2
[5.673s] -- Searching for dependencies of gz-sensors8-depth_camera
[5.674s] -- Looking for gz-sensors8 -- found version 8.2.2
[5.675s] -- Searching for <gz-sensors8> component [rgbd_camera]
[5.678s] -- Looking for gz-sensors8-rgbd_camera -- found version 8.2.2
[5.678s] -- Searching for dependencies of gz-sensors8-rgbd_camera
[5.679s] -- Looking for gz-sensors8 -- found version 8.2.2
[5.680s] -- Searching for <gz-sensors8> component [thermal_camera]
[5.684s] -- Looking for gz-sensors8-thermal_camera -- found version 8.2.2
[5.684s] -- Searching for dependencies of gz-sensors8-thermal_camera
[5.684s] -- Looking for gz-sensors8 -- found version 8.2.2
[5.685s] -- Searching for <gz-sensors8> component [wide_angle_camera]
[5.689s] -- Looking for gz-sensors8-wide_angle_camera -- found version 8.2.2
[5.690s] -- Searching for dependencies of gz-sensors8-wide_angle_camera
[5.692s] -- Looking for gz-rendering8 -- found version 8.2.2
[5.692s] -- Looking for gz-math7 -- found version 7.5.2
[5.693s] -- Looking for gz-utils2 -- found version 2.2.1
[5.750s] -- Looking for gz-plugin2 -- found version 2.0.4
[5.890s] -- Configuring done (5.8s)
[5.936s] -- Generating done (0.0s)
[5.948s] -- Build files have been written to: /home/cardaver/turtlebot3_ws/src/build/turtlebot3_gazebo
