[0.100s] Invoking command in '/home/cardaver/turtlebot3_ws/src/build/dynamixel_sdk': CMAKE_PREFIX_PATH=${CMAKE_PREFIX_PATH}:/home/cardaver/turtlebot3_ws/install/wielokaty:/home/cardaver/turtlebot3_ws/install/turtlebot3_teleop:/home/cardaver/turtlebot3_ws/install/turtlebot3_example:/home/cardaver/turtlebot3_ws/install/moving_nodes:/opt/ros/jazzy PS1=\[\033[01;32m\][\u@\h\[\033[01;37m\] \W\[\033[01;32m\]]\$\[\033[00m\] /usr/bin/cmake /home/cardaver/turtlebot3_ws/src/DynamixelSDK/ros/dynamixel_sdk -DAMENT_CMAKE_SYMLINK_INSTALL=1 -DCMAKE_INSTALL_PREFIX=/home/cardaver/turtlebot3_ws/src/install/dynamixel_sdk
[1.046s] -- The C compiler identification is GNU 13.3.0
[1.046s] -- The CXX compiler identification is GNU 13.3.0
[1.046s] -- Detecting C compiler ABI info
[1.046s] -- Detecting C compiler ABI info - done
[1.046s] -- Check for working C compiler: /usr/bin/cc - skipped
[1.046s] -- Detecting C compile features
[1.046s] -- Detecting C compile features - done
[1.046s] -- Detecting CXX compiler ABI info
[1.046s] -- Detecting CXX compiler ABI info - done
[1.047s] -- Check for working CXX compiler: /usr/bin/c++ - skipped
[1.047s] -- Detecting CXX compile features
[1.047s] -- Detecting CXX compile features - done
[1.047s] -- Found ament_cmake: 2.5.4 (/opt/ros/jazzy/share/ament_cmake/cmake)
[1.071s] -- Found Python3: /usr/bin/python3 (found version "3.12.3") found components: Interpreter 
[1.247s] -- Override CMake install command with custom implementation using symlinks instead of copying resources
[1.879s] -- Configuring done (1.8s)
[1.889s] -- Generating done (0.0s)
[1.892s] -- Build files have been written to: /home/cardaver/turtlebot3_ws/src/build/dynamixel_sdk
[1.901s] Invoked command in '/home/cardaver/turtlebot3_ws/src/build/dynamixel_sdk' returned '0': CMAKE_PREFIX_PATH=${CMAKE_PREFIX_PATH}:/home/cardaver/turtlebot3_ws/install/wielokaty:/home/cardaver/turtlebot3_ws/install/turtlebot3_teleop:/home/cardaver/turtlebot3_ws/install/turtlebot3_example:/home/cardaver/turtlebot3_ws/install/moving_nodes:/opt/ros/jazzy PS1=\[\033[01;32m\][\u@\h\[\033[01;37m\] \W\[\033[01;32m\]]\$\[\033[00m\] /usr/bin/cmake /home/cardaver/turtlebot3_ws/src/DynamixelSDK/ros/dynamixel_sdk -DAMENT_CMAKE_SYMLINK_INSTALL=1 -DCMAKE_INSTALL_PREFIX=/home/cardaver/turtlebot3_ws/src/install/dynamixel_sdk
[1.903s] Invoking command in '/home/cardaver/turtlebot3_ws/src/build/dynamixel_sdk': CMAKE_PREFIX_PATH=${CMAKE_PREFIX_PATH}:/home/cardaver/turtlebot3_ws/install/wielokaty:/home/cardaver/turtlebot3_ws/install/turtlebot3_teleop:/home/cardaver/turtlebot3_ws/install/turtlebot3_example:/home/cardaver/turtlebot3_ws/install/moving_nodes:/opt/ros/jazzy PS1=\[\033[01;32m\][\u@\h\[\033[01;37m\] \W\[\033[01;32m\]]\$\[\033[00m\] /usr/bin/cmake --build /home/cardaver/turtlebot3_ws/src/build/dynamixel_sdk -- -j16 -l16
[1.993s] [  7%] [32mBuilding CXX object CMakeFiles/dynamixel_sdk.dir/src/dynamixel_sdk/packet_handler.cpp.o[0m
[1.993s] [ 15%] [32mBuilding CXX object CMakeFiles/dynamixel_sdk.dir/src/dynamixel_sdk/protocol2_packet_handler.cpp.o[0m
[1.996s] [ 23%] [32mBuilding CXX object CMakeFiles/dynamixel_sdk.dir/src/dynamixel_sdk/protocol1_packet_handler.cpp.o[0m
[2.011s] [ 30%] [32mBuilding CXX object CMakeFiles/dynamixel_sdk.dir/src/dynamixel_sdk/group_fast_sync_read.cpp.o[0m
[2.012s] [ 38%] [32mBuilding CXX object CMakeFiles/dynamixel_sdk.dir/src/dynamixel_sdk/group_handler.cpp.o[0m
[2.014s] [ 46%] [32mBuilding CXX object CMakeFiles/dynamixel_sdk.dir/src/dynamixel_sdk/group_sync_read.cpp.o[0m
[2.014s] [ 46%] Built target ament_cmake_python_symlink_dynamixel_sdk
[2.017s] [ 53%] [32mBuilding CXX object CMakeFiles/dynamixel_sdk.dir/src/dynamixel_sdk/group_bulk_read.cpp.o[0m
[2.030s] [ 61%] [32mBuilding CXX object CMakeFiles/dynamixel_sdk.dir/src/dynamixel_sdk/group_fast_bulk_read.cpp.o[0m
[2.034s] [ 69%] [32mBuilding CXX object CMakeFiles/dynamixel_sdk.dir/src/dynamixel_sdk/group_bulk_write.cpp.o[0m
[2.036s] [ 76%] [32mBuilding CXX object CMakeFiles/dynamixel_sdk.dir/src/dynamixel_sdk/group_sync_write.cpp.o[0m
[2.049s] [ 84%] [32mBuilding CXX object CMakeFiles/dynamixel_sdk.dir/src/dynamixel_sdk/port_handler.cpp.o[0m
[2.054s] [ 92%] [32mBuilding CXX object CMakeFiles/dynamixel_sdk.dir/src/dynamixel_sdk/port_handler_linux.cpp.o[0m
[2.734s] running egg_info
[2.736s] creating dynamixel_sdk.egg-info
[2.779s] writing dynamixel_sdk.egg-info/PKG-INFO
[2.779s] writing dependency_links to dynamixel_sdk.egg-info/dependency_links.txt
[2.781s] writing top-level names to dynamixel_sdk.egg-info/top_level.txt
[2.781s] writing manifest file 'dynamixel_sdk.egg-info/SOURCES.txt'
[2.915s] reading manifest file 'dynamixel_sdk.egg-info/SOURCES.txt'
[2.916s] writing manifest file 'dynamixel_sdk.egg-info/SOURCES.txt'
[2.972s] [ 92%] Built target ament_cmake_python_build_dynamixel_sdk_egg
[3.091s] [100%] [32m[1mLinking CXX shared library libdynamixel_sdk.so[0m
[3.251s] [100%] Built target dynamixel_sdk
[3.273s] Invoked command in '/home/cardaver/turtlebot3_ws/src/build/dynamixel_sdk' returned '0': CMAKE_PREFIX_PATH=${CMAKE_PREFIX_PATH}:/home/cardaver/turtlebot3_ws/install/wielokaty:/home/cardaver/turtlebot3_ws/install/turtlebot3_teleop:/home/cardaver/turtlebot3_ws/install/turtlebot3_example:/home/cardaver/turtlebot3_ws/install/moving_nodes:/opt/ros/jazzy PS1=\[\033[01;32m\][\u@\h\[\033[01;37m\] \W\[\033[01;32m\]]\$\[\033[00m\] /usr/bin/cmake --build /home/cardaver/turtlebot3_ws/src/build/dynamixel_sdk -- -j16 -l16
[3.273s] Invoking command in '/home/cardaver/turtlebot3_ws/src/build/dynamixel_sdk': CMAKE_PREFIX_PATH=${CMAKE_PREFIX_PATH}:/home/cardaver/turtlebot3_ws/install/wielokaty:/home/cardaver/turtlebot3_ws/install/turtlebot3_teleop:/home/cardaver/turtlebot3_ws/install/turtlebot3_example:/home/cardaver/turtlebot3_ws/install/moving_nodes:/opt/ros/jazzy PS1=\[\033[01;32m\][\u@\h\[\033[01;37m\] \W\[\033[01;32m\]]\$\[\033[00m\] /usr/bin/cmake --install /home/cardaver/turtlebot3_ws/src/build/dynamixel_sdk
[3.285s] -- Install configuration: ""
[3.286s] -- Execute custom install script
[3.287s] -- Symlinking: /home/cardaver/turtlebot3_ws/src/install/dynamixel_sdk/include//dynamixel_sdk/dynamixel_sdk.h
[3.304s] -- Symlinking: /home/cardaver/turtlebot3_ws/src/install/dynamixel_sdk/include//dynamixel_sdk/group_bulk_read.h
[3.321s] -- Symlinking: /home/cardaver/turtlebot3_ws/src/install/dynamixel_sdk/include//dynamixel_sdk/group_bulk_write.h
[3.341s] -- Symlinking: /home/cardaver/turtlebot3_ws/src/install/dynamixel_sdk/include//dynamixel_sdk/group_fast_bulk_read.h
[3.354s] -- Symlinking: /home/cardaver/turtlebot3_ws/src/install/dynamixel_sdk/include//dynamixel_sdk/group_fast_sync_read.h
[3.366s] -- Symlinking: /home/cardaver/turtlebot3_ws/src/install/dynamixel_sdk/include//dynamixel_sdk/group_handler.h
[3.385s] -- Symlinking: /home/cardaver/turtlebot3_ws/src/install/dynamixel_sdk/include//dynamixel_sdk/group_sync_read.h
[3.401s] -- Symlinking: /home/cardaver/turtlebot3_ws/src/install/dynamixel_sdk/include//dynamixel_sdk/group_sync_write.h
[3.414s] -- Symlinking: /home/cardaver/turtlebot3_ws/src/install/dynamixel_sdk/include//dynamixel_sdk/packet_handler.h
[3.428s] -- Symlinking: /home/cardaver/turtlebot3_ws/src/install/dynamixel_sdk/include//dynamixel_sdk/port_handler.h
[3.447s] -- Symlinking: /home/cardaver/turtlebot3_ws/src/install/dynamixel_sdk/include//dynamixel_sdk/port_handler_arduino.h
[3.463s] -- Symlinking: /home/cardaver/turtlebot3_ws/src/install/dynamixel_sdk/include//dynamixel_sdk/port_handler_linux.h
[3.478s] -- Symlinking: /home/cardaver/turtlebot3_ws/src/install/dynamixel_sdk/include//dynamixel_sdk/port_handler_mac.h
[3.489s] -- Symlinking: /home/cardaver/turtlebot3_ws/src/install/dynamixel_sdk/include//dynamixel_sdk/port_handler_windows.h
[3.503s] -- Symlinking: /home/cardaver/turtlebot3_ws/src/install/dynamixel_sdk/include//dynamixel_sdk/protocol1_packet_handler.h
[3.524s] -- Symlinking: /home/cardaver/turtlebot3_ws/src/install/dynamixel_sdk/include//dynamixel_sdk/protocol2_packet_handler.h
[3.542s] -- Symlinking: /home/cardaver/turtlebot3_ws/src/install/dynamixel_sdk/share/dynamixel_sdk/environment/pythonpath.sh
[3.561s] -- Symlinking: /home/cardaver/turtlebot3_ws/src/install/dynamixel_sdk/share/dynamixel_sdk/environment/pythonpath.dsv
[3.575s] -- Symlinking: /home/cardaver/turtlebot3_ws/src/install/dynamixel_sdk/lib/python3.12/site-packages/dynamixel_sdk-3.8.4-py3.12.egg-info/PKG-INFO
[3.588s] -- Symlinking: /home/cardaver/turtlebot3_ws/src/install/dynamixel_sdk/lib/python3.12/site-packages/dynamixel_sdk-3.8.4-py3.12.egg-info/SOURCES.txt
[3.601s] -- Symlinking: /home/cardaver/turtlebot3_ws/src/install/dynamixel_sdk/lib/python3.12/site-packages/dynamixel_sdk-3.8.4-py3.12.egg-info/dependency_links.txt
[3.612s] -- Symlinking: /home/cardaver/turtlebot3_ws/src/install/dynamixel_sdk/lib/python3.12/site-packages/dynamixel_sdk-3.8.4-py3.12.egg-info/top_level.txt
[3.626s] -- Symlinking: /home/cardaver/turtlebot3_ws/src/install/dynamixel_sdk/lib/python3.12/site-packages/dynamixel_sdk/__init__.py
[3.639s] -- Symlinking: /home/cardaver/turtlebot3_ws/src/install/dynamixel_sdk/lib/python3.12/site-packages/dynamixel_sdk/group_bulk_read.cpp
[3.652s] -- Symlinking: /home/cardaver/turtlebot3_ws/src/install/dynamixel_sdk/lib/python3.12/site-packages/dynamixel_sdk/group_bulk_read.py
[3.664s] -- Symlinking: /home/cardaver/turtlebot3_ws/src/install/dynamixel_sdk/lib/python3.12/site-packages/dynamixel_sdk/group_bulk_write.cpp
[3.678s] -- Symlinking: /home/cardaver/turtlebot3_ws/src/install/dynamixel_sdk/lib/python3.12/site-packages/dynamixel_sdk/group_bulk_write.py
[3.690s] -- Symlinking: /home/cardaver/turtlebot3_ws/src/install/dynamixel_sdk/lib/python3.12/site-packages/dynamixel_sdk/group_fast_bulk_read.cpp
[3.703s] -- Symlinking: /home/cardaver/turtlebot3_ws/src/install/dynamixel_sdk/lib/python3.12/site-packages/dynamixel_sdk/group_fast_sync_read.cpp
[3.722s] -- Symlinking: /home/cardaver/turtlebot3_ws/src/install/dynamixel_sdk/lib/python3.12/site-packages/dynamixel_sdk/group_handler.cpp
[3.741s] -- Symlinking: /home/cardaver/turtlebot3_ws/src/install/dynamixel_sdk/lib/python3.12/site-packages/dynamixel_sdk/group_sync_read.cpp
[3.753s] -- Symlinking: /home/cardaver/turtlebot3_ws/src/install/dynamixel_sdk/lib/python3.12/site-packages/dynamixel_sdk/group_sync_read.py
[3.766s] -- Symlinking: /home/cardaver/turtlebot3_ws/src/install/dynamixel_sdk/lib/python3.12/site-packages/dynamixel_sdk/group_sync_write.cpp
[3.780s] -- Symlinking: /home/cardaver/turtlebot3_ws/src/install/dynamixel_sdk/lib/python3.12/site-packages/dynamixel_sdk/group_sync_write.py
[3.793s] -- Symlinking: /home/cardaver/turtlebot3_ws/src/install/dynamixel_sdk/lib/python3.12/site-packages/dynamixel_sdk/packet_handler.cpp
[3.806s] -- Symlinking: /home/cardaver/turtlebot3_ws/src/install/dynamixel_sdk/lib/python3.12/site-packages/dynamixel_sdk/packet_handler.py
[3.824s] -- Symlinking: /home/cardaver/turtlebot3_ws/src/install/dynamixel_sdk/lib/python3.12/site-packages/dynamixel_sdk/port_handler.cpp
[3.841s] -- Symlinking: /home/cardaver/turtlebot3_ws/src/install/dynamixel_sdk/lib/python3.12/site-packages/dynamixel_sdk/port_handler.py
[3.854s] -- Symlinking: /home/cardaver/turtlebot3_ws/src/install/dynamixel_sdk/lib/python3.12/site-packages/dynamixel_sdk/port_handler_arduino.cpp
[3.866s] -- Symlinking: /home/cardaver/turtlebot3_ws/src/install/dynamixel_sdk/lib/python3.12/site-packages/dynamixel_sdk/port_handler_linux.cpp
[3.880s] -- Symlinking: /home/cardaver/turtlebot3_ws/src/install/dynamixel_sdk/lib/python3.12/site-packages/dynamixel_sdk/port_handler_mac.cpp
[3.897s] -- Symlinking: /home/cardaver/turtlebot3_ws/src/install/dynamixel_sdk/lib/python3.12/site-packages/dynamixel_sdk/port_handler_windows.cpp
[3.915s] -- Symlinking: /home/cardaver/turtlebot3_ws/src/install/dynamixel_sdk/lib/python3.12/site-packages/dynamixel_sdk/protocol1_packet_handler.cpp
[3.934s] -- Symlinking: /home/cardaver/turtlebot3_ws/src/install/dynamixel_sdk/lib/python3.12/site-packages/dynamixel_sdk/protocol1_packet_handler.py
[3.952s] -- Symlinking: /home/cardaver/turtlebot3_ws/src/install/dynamixel_sdk/lib/python3.12/site-packages/dynamixel_sdk/protocol2_packet_handler.cpp
[3.970s] -- Symlinking: /home/cardaver/turtlebot3_ws/src/install/dynamixel_sdk/lib/python3.12/site-packages/dynamixel_sdk/protocol2_packet_handler.py
[3.988s] -- Symlinking: /home/cardaver/turtlebot3_ws/src/install/dynamixel_sdk/lib/python3.12/site-packages/dynamixel_sdk/robotis_def.py
[4.004s] -- Symlinking: /home/cardaver/turtlebot3_ws/src/install/dynamixel_sdk/share/dynamixel_sdk/environment/library_path.sh
[4.017s] -- Symlinking: /home/cardaver/turtlebot3_ws/src/install/dynamixel_sdk/share/dynamixel_sdk/environment/library_path.dsv
[4.035s] -- Symlinking: /home/cardaver/turtlebot3_ws/src/install/dynamixel_sdk/share/ament_index/resource_index/package_run_dependencies/dynamixel_sdk
[4.047s] -- Symlinking: /home/cardaver/turtlebot3_ws/src/install/dynamixel_sdk/share/ament_index/resource_index/parent_prefix_path/dynamixel_sdk
[4.060s] -- Symlinking: /home/cardaver/turtlebot3_ws/src/install/dynamixel_sdk/share/dynamixel_sdk/environment/ament_prefix_path.sh
[4.075s] -- Symlinking: /home/cardaver/turtlebot3_ws/src/install/dynamixel_sdk/share/dynamixel_sdk/environment/ament_prefix_path.dsv
[4.088s] -- Symlinking: /home/cardaver/turtlebot3_ws/src/install/dynamixel_sdk/share/dynamixel_sdk/environment/path.sh
[4.101s] -- Symlinking: /home/cardaver/turtlebot3_ws/src/install/dynamixel_sdk/share/dynamixel_sdk/environment/path.dsv
[4.114s] -- Symlinking: /home/cardaver/turtlebot3_ws/src/install/dynamixel_sdk/share/dynamixel_sdk/local_setup.bash
[4.126s] -- Symlinking: /home/cardaver/turtlebot3_ws/src/install/dynamixel_sdk/share/dynamixel_sdk/local_setup.sh
[4.143s] -- Symlinking: /home/cardaver/turtlebot3_ws/src/install/dynamixel_sdk/share/dynamixel_sdk/local_setup.zsh
[4.156s] -- Symlinking: /home/cardaver/turtlebot3_ws/src/install/dynamixel_sdk/share/dynamixel_sdk/local_setup.dsv
[4.170s] -- Symlinking: /home/cardaver/turtlebot3_ws/src/install/dynamixel_sdk/share/dynamixel_sdk/package.dsv
[4.184s] -- Symlinking: /home/cardaver/turtlebot3_ws/src/install/dynamixel_sdk/share/ament_index/resource_index/packages/dynamixel_sdk
[4.202s] -- Symlinking: /home/cardaver/turtlebot3_ws/src/install/dynamixel_sdk/share/dynamixel_sdk/cmake/ament_cmake_export_targets-extras.cmake
[4.222s] -- Symlinking: /home/cardaver/turtlebot3_ws/src/install/dynamixel_sdk/share/dynamixel_sdk/cmake/ament_cmake_export_include_directories-extras.cmake
[4.235s] -- Symlinking: /home/cardaver/turtlebot3_ws/src/install/dynamixel_sdk/share/dynamixel_sdk/cmake/ament_cmake_export_libraries-extras.cmake
[4.249s] -- Symlinking: /home/cardaver/turtlebot3_ws/src/install/dynamixel_sdk/share/dynamixel_sdk/cmake/dynamixel_sdkConfig.cmake
[4.267s] -- Symlinking: /home/cardaver/turtlebot3_ws/src/install/dynamixel_sdk/share/dynamixel_sdk/cmake/dynamixel_sdkConfig-version.cmake
[4.286s] -- Symlinking: /home/cardaver/turtlebot3_ws/src/install/dynamixel_sdk/share/dynamixel_sdk/package.xml
[4.298s] -- Installing: /home/cardaver/turtlebot3_ws/src/install/dynamixel_sdk/lib/libdynamixel_sdk.so
[4.406s] Listing '/home/cardaver/turtlebot3_ws/src/install/dynamixel_sdk/lib/python3.12/site-packages/dynamixel_sdk'...
[4.406s] Compiling '/home/cardaver/turtlebot3_ws/src/install/dynamixel_sdk/lib/python3.12/site-packages/dynamixel_sdk/__init__.py'...
[4.406s] Compiling '/home/cardaver/turtlebot3_ws/src/install/dynamixel_sdk/lib/python3.12/site-packages/dynamixel_sdk/group_bulk_read.py'...
[4.406s] Compiling '/home/cardaver/turtlebot3_ws/src/install/dynamixel_sdk/lib/python3.12/site-packages/dynamixel_sdk/group_bulk_write.py'...
[4.406s] Compiling '/home/cardaver/turtlebot3_ws/src/install/dynamixel_sdk/lib/python3.12/site-packages/dynamixel_sdk/group_sync_read.py'...
[4.406s] Compiling '/home/cardaver/turtlebot3_ws/src/install/dynamixel_sdk/lib/python3.12/site-packages/dynamixel_sdk/group_sync_write.py'...
[4.406s] Compiling '/home/cardaver/turtlebot3_ws/src/install/dynamixel_sdk/lib/python3.12/site-packages/dynamixel_sdk/packet_handler.py'...
[4.406s] Compiling '/home/cardaver/turtlebot3_ws/src/install/dynamixel_sdk/lib/python3.12/site-packages/dynamixel_sdk/port_handler.py'...
[4.406s] Compiling '/home/cardaver/turtlebot3_ws/src/install/dynamixel_sdk/lib/python3.12/site-packages/dynamixel_sdk/protocol1_packet_handler.py'...
[4.406s] Compiling '/home/cardaver/turtlebot3_ws/src/install/dynamixel_sdk/lib/python3.12/site-packages/dynamixel_sdk/protocol2_packet_handler.py'...
[4.406s] Compiling '/home/cardaver/turtlebot3_ws/src/install/dynamixel_sdk/lib/python3.12/site-packages/dynamixel_sdk/robotis_def.py'...
[4.418s] -- Installing: /home/cardaver/turtlebot3_ws/src/install/dynamixel_sdk/share/dynamixel_sdk/cmake/dynamixel_sdkExport.cmake
[4.418s] -- Installing: /home/cardaver/turtlebot3_ws/src/install/dynamixel_sdk/share/dynamixel_sdk/cmake/dynamixel_sdkExport-noconfig.cmake
[4.423s] Invoked command in '/home/cardaver/turtlebot3_ws/src/build/dynamixel_sdk' returned '0': CMAKE_PREFIX_PATH=${CMAKE_PREFIX_PATH}:/home/cardaver/turtlebot3_ws/install/wielokaty:/home/cardaver/turtlebot3_ws/install/turtlebot3_teleop:/home/cardaver/turtlebot3_ws/install/turtlebot3_example:/home/cardaver/turtlebot3_ws/install/moving_nodes:/opt/ros/jazzy PS1=\[\033[01;32m\][\u@\h\[\033[01;37m\] \W\[\033[01;32m\]]\$\[\033[00m\] /usr/bin/cmake --install /home/cardaver/turtlebot3_ws/src/build/dynamixel_sdk
