/home/cardaver/turtlebot3_ws/install/moving_nodes/lib/python3.12/site-packages/moving_nodes/square.py
/home/cardaver/turtlebot3_ws/install/moving_nodes/lib/python3.12/site-packages/moving_nodes/__init__.py
/home/cardaver/turtlebot3_ws/install/moving_nodes/lib/python3.12/site-packages/moving_nodes/circle.py
/home/cardaver/turtlebot3_ws/install/moving_nodes/lib/python3.12/site-packages/moving_nodes/spiral.py
/home/cardaver/turtlebot3_ws/install/moving_nodes/lib/python3.12/site-packages/moving_nodes/__pycache__/square.cpython-312.pyc
/home/cardaver/turtlebot3_ws/install/moving_nodes/lib/python3.12/site-packages/moving_nodes/__pycache__/__init__.cpython-312.pyc
/home/cardaver/turtlebot3_ws/install/moving_nodes/lib/python3.12/site-packages/moving_nodes/__pycache__/circle.cpython-312.pyc
/home/cardaver/turtlebot3_ws/install/moving_nodes/lib/python3.12/site-packages/moving_nodes/__pycache__/spiral.cpython-312.pyc
/home/cardaver/turtlebot3_ws/install/moving_nodes/share/ament_index/resource_index/packages/moving_nodes
/home/cardaver/turtlebot3_ws/install/moving_nodes/share/moving_nodes/package.xml
/home/cardaver/turtlebot3_ws/install/moving_nodes/lib/python3.12/site-packages/moving_nodes-0.0.0-py3.12.egg-info/dependency_links.txt
/home/cardaver/turtlebot3_ws/install/moving_nodes/lib/python3.12/site-packages/moving_nodes-0.0.0-py3.12.egg-info/entry_points.txt
/home/cardaver/turtlebot3_ws/install/moving_nodes/lib/python3.12/site-packages/moving_nodes-0.0.0-py3.12.egg-info/SOURCES.txt
/home/cardaver/turtlebot3_ws/install/moving_nodes/lib/python3.12/site-packages/moving_nodes-0.0.0-py3.12.egg-info/zip-safe
/home/cardaver/turtlebot3_ws/install/moving_nodes/lib/python3.12/site-packages/moving_nodes-0.0.0-py3.12.egg-info/PKG-INFO
/home/cardaver/turtlebot3_ws/install/moving_nodes/lib/python3.12/site-packages/moving_nodes-0.0.0-py3.12.egg-info/top_level.txt
/home/cardaver/turtlebot3_ws/install/moving_nodes/lib/python3.12/site-packages/moving_nodes-0.0.0-py3.12.egg-info/requires.txt
/home/cardaver/turtlebot3_ws/install/moving_nodes/lib/moving_nodes/circle
/home/cardaver/turtlebot3_ws/install/moving_nodes/lib/moving_nodes/spiral
/home/cardaver/turtlebot3_ws/install/moving_nodes/lib/moving_nodes/square
