running egg_info
creating ../../build/moving_nodes/moving_nodes.egg-info
writing ../../build/moving_nodes/moving_nodes.egg-info/PKG-INFO
writing dependency_links to ../../build/moving_nodes/moving_nodes.egg-info/dependency_links.txt
writing entry points to ../../build/moving_nodes/moving_nodes.egg-info/entry_points.txt
writing requirements to ../../build/moving_nodes/moving_nodes.egg-info/requires.txt
writing top-level names to ../../build/moving_nodes/moving_nodes.egg-info/top_level.txt
writing manifest file '../../build/moving_nodes/moving_nodes.egg-info/SOURCES.txt'
reading manifest file '../../build/moving_nodes/moving_nodes.egg-info/SOURCES.txt'
adding license file 'LICENSE'
writing manifest file '../../build/moving_nodes/moving_nodes.egg-info/SOURCES.txt'
running build
running build_py
creating /home/cardaver/turtlebot3_ws/build/moving_nodes/build
creating /home/cardaver/turtlebot3_ws/build/moving_nodes/build/lib
creating /home/cardaver/turtlebot3_ws/build/moving_nodes/build/lib/moving_nodes
copying moving_nodes/square.py -> /home/cardaver/turtlebot3_ws/build/moving_nodes/build/lib/moving_nodes
copying moving_nodes/__init__.py -> /home/cardaver/turtlebot3_ws/build/moving_nodes/build/lib/moving_nodes
copying moving_nodes/circle.py -> /home/cardaver/turtlebot3_ws/build/moving_nodes/build/lib/moving_nodes
copying moving_nodes/spiral.py -> /home/cardaver/turtlebot3_ws/build/moving_nodes/build/lib/moving_nodes
running install
running install_lib
creating /home/cardaver/turtlebot3_ws/install/moving_nodes/lib/python3.12/site-packages/moving_nodes
copying /home/cardaver/turtlebot3_ws/build/moving_nodes/build/lib/moving_nodes/square.py -> /home/cardaver/turtlebot3_ws/install/moving_nodes/lib/python3.12/site-packages/moving_nodes
copying /home/cardaver/turtlebot3_ws/build/moving_nodes/build/lib/moving_nodes/__init__.py -> /home/cardaver/turtlebot3_ws/install/moving_nodes/lib/python3.12/site-packages/moving_nodes
copying /home/cardaver/turtlebot3_ws/build/moving_nodes/build/lib/moving_nodes/circle.py -> /home/cardaver/turtlebot3_ws/install/moving_nodes/lib/python3.12/site-packages/moving_nodes
copying /home/cardaver/turtlebot3_ws/build/moving_nodes/build/lib/moving_nodes/spiral.py -> /home/cardaver/turtlebot3_ws/install/moving_nodes/lib/python3.12/site-packages/moving_nodes
byte-compiling /home/cardaver/turtlebot3_ws/install/moving_nodes/lib/python3.12/site-packages/moving_nodes/square.py to square.cpython-312.pyc
byte-compiling /home/cardaver/turtlebot3_ws/install/moving_nodes/lib/python3.12/site-packages/moving_nodes/__init__.py to __init__.cpython-312.pyc
byte-compiling /home/cardaver/turtlebot3_ws/install/moving_nodes/lib/python3.12/site-packages/moving_nodes/circle.py to circle.cpython-312.pyc
byte-compiling /home/cardaver/turtlebot3_ws/install/moving_nodes/lib/python3.12/site-packages/moving_nodes/spiral.py to spiral.cpython-312.pyc
running install_data
creating /home/cardaver/turtlebot3_ws/install/moving_nodes/share/ament_index
creating /home/cardaver/turtlebot3_ws/install/moving_nodes/share/ament_index/resource_index
creating /home/cardaver/turtlebot3_ws/install/moving_nodes/share/ament_index/resource_index/packages
copying resource/moving_nodes -> /home/cardaver/turtlebot3_ws/install/moving_nodes/share/ament_index/resource_index/packages
copying package.xml -> /home/cardaver/turtlebot3_ws/install/moving_nodes/share/moving_nodes
running install_egg_info
Copying ../../build/moving_nodes/moving_nodes.egg-info to /home/cardaver/turtlebot3_ws/install/moving_nodes/lib/python3.12/site-packages/moving_nodes-0.0.0-py3.12.egg-info
running install_scripts
Installing circle script to /home/cardaver/turtlebot3_ws/install/moving_nodes/lib/moving_nodes
Installing spiral script to /home/cardaver/turtlebot3_ws/install/moving_nodes/lib/moving_nodes
Installing square script to /home/cardaver/turtlebot3_ws/install/moving_nodes/lib/moving_nodes
writing list of installed files to '/home/cardaver/turtlebot3_ws/build/moving_nodes/install.log'
