[0.601s] Invoking command in '/home/cardaver/turtlebot3_ws/src/moving_nodes': PS1=\[\033[01;32m\][\u@\h\[\033[01;37m\] \W\[\033[01;32m\]]\$\[\033[00m\] PYTHONPATH=/home/cardaver/turtlebot3_ws/build/moving_nodes/prefix_override:/usr/lib/python3/dist-packages/colcon_core/task/python/colcon_distutils_commands:/home/cardaver/turtlebot3_ws/install/moving_nodes/lib/python3.12/site-packages:${PYTHONPATH} /usr/bin/python3 -W ignore:setup.py install is deprecated -W ignore:easy_install command is deprecated setup.py egg_info --egg-base ../../build/moving_nodes build --build-base /home/cardaver/turtlebot3_ws/build/moving_nodes/build install --record /home/cardaver/turtlebot3_ws/build/moving_nodes/install.log --single-version-externally-managed install_data
[0.778s] running egg_info
[0.778s] creating ../../build/moving_nodes/moving_nodes.egg-info
[0.789s] writing ../../build/moving_nodes/moving_nodes.egg-info/PKG-INFO
[0.789s] writing dependency_links to ../../build/moving_nodes/moving_nodes.egg-info/dependency_links.txt
[0.789s] writing entry points to ../../build/moving_nodes/moving_nodes.egg-info/entry_points.txt
[0.789s] writing requirements to ../../build/moving_nodes/moving_nodes.egg-info/requires.txt
[0.789s] writing top-level names to ../../build/moving_nodes/moving_nodes.egg-info/top_level.txt
[0.789s] writing manifest file '../../build/moving_nodes/moving_nodes.egg-info/SOURCES.txt'
[0.812s] reading manifest file '../../build/moving_nodes/moving_nodes.egg-info/SOURCES.txt'
[0.812s] adding license file 'LICENSE'
[0.812s] writing manifest file '../../build/moving_nodes/moving_nodes.egg-info/SOURCES.txt'
[0.813s] running build
[0.813s] running build_py
[0.813s] creating /home/cardaver/turtlebot3_ws/build/moving_nodes/build
[0.813s] creating /home/cardaver/turtlebot3_ws/build/moving_nodes/build/lib
[0.813s] creating /home/cardaver/turtlebot3_ws/build/moving_nodes/build/lib/moving_nodes
[0.813s] copying moving_nodes/square.py -> /home/cardaver/turtlebot3_ws/build/moving_nodes/build/lib/moving_nodes
[0.813s] copying moving_nodes/__init__.py -> /home/cardaver/turtlebot3_ws/build/moving_nodes/build/lib/moving_nodes
[0.813s] copying moving_nodes/circle.py -> /home/cardaver/turtlebot3_ws/build/moving_nodes/build/lib/moving_nodes
[0.813s] copying moving_nodes/spiral.py -> /home/cardaver/turtlebot3_ws/build/moving_nodes/build/lib/moving_nodes
[0.813s] running install
[0.817s] running install_lib
[0.829s] creating /home/cardaver/turtlebot3_ws/install/moving_nodes/lib/python3.12/site-packages/moving_nodes
[0.829s] copying /home/cardaver/turtlebot3_ws/build/moving_nodes/build/lib/moving_nodes/square.py -> /home/cardaver/turtlebot3_ws/install/moving_nodes/lib/python3.12/site-packages/moving_nodes
[0.829s] copying /home/cardaver/turtlebot3_ws/build/moving_nodes/build/lib/moving_nodes/__init__.py -> /home/cardaver/turtlebot3_ws/install/moving_nodes/lib/python3.12/site-packages/moving_nodes
[0.829s] copying /home/cardaver/turtlebot3_ws/build/moving_nodes/build/lib/moving_nodes/circle.py -> /home/cardaver/turtlebot3_ws/install/moving_nodes/lib/python3.12/site-packages/moving_nodes
[0.829s] copying /home/cardaver/turtlebot3_ws/build/moving_nodes/build/lib/moving_nodes/spiral.py -> /home/cardaver/turtlebot3_ws/install/moving_nodes/lib/python3.12/site-packages/moving_nodes
[0.830s] byte-compiling /home/cardaver/turtlebot3_ws/install/moving_nodes/lib/python3.12/site-packages/moving_nodes/square.py to square.cpython-312.pyc
[0.830s] byte-compiling /home/cardaver/turtlebot3_ws/install/moving_nodes/lib/python3.12/site-packages/moving_nodes/__init__.py to __init__.cpython-312.pyc
[0.830s] byte-compiling /home/cardaver/turtlebot3_ws/install/moving_nodes/lib/python3.12/site-packages/moving_nodes/circle.py to circle.cpython-312.pyc
[0.830s] byte-compiling /home/cardaver/turtlebot3_ws/install/moving_nodes/lib/python3.12/site-packages/moving_nodes/spiral.py to spiral.cpython-312.pyc
[0.831s] running install_data
[0.831s] creating /home/cardaver/turtlebot3_ws/install/moving_nodes/share/ament_index
[0.831s] creating /home/cardaver/turtlebot3_ws/install/moving_nodes/share/ament_index/resource_index
[0.831s] creating /home/cardaver/turtlebot3_ws/install/moving_nodes/share/ament_index/resource_index/packages
[0.831s] copying resource/moving_nodes -> /home/cardaver/turtlebot3_ws/install/moving_nodes/share/ament_index/resource_index/packages
[0.832s] copying package.xml -> /home/cardaver/turtlebot3_ws/install/moving_nodes/share/moving_nodes
[0.832s] running install_egg_info
[0.844s] Copying ../../build/moving_nodes/moving_nodes.egg-info to /home/cardaver/turtlebot3_ws/install/moving_nodes/lib/python3.12/site-packages/moving_nodes-0.0.0-py3.12.egg-info
[0.844s] running install_scripts
[0.925s] Installing circle script to /home/cardaver/turtlebot3_ws/install/moving_nodes/lib/moving_nodes
[0.925s] Installing spiral script to /home/cardaver/turtlebot3_ws/install/moving_nodes/lib/moving_nodes
[0.925s] Installing square script to /home/cardaver/turtlebot3_ws/install/moving_nodes/lib/moving_nodes
[0.925s] writing list of installed files to '/home/cardaver/turtlebot3_ws/build/moving_nodes/install.log'
[0.942s] Invoked command in '/home/cardaver/turtlebot3_ws/src/moving_nodes' returned '0': PS1=\[\033[01;32m\][\u@\h\[\033[01;37m\] \W\[\033[01;32m\]]\$\[\033[00m\] PYTHONPATH=/home/cardaver/turtlebot3_ws/build/moving_nodes/prefix_override:/usr/lib/python3/dist-packages/colcon_core/task/python/colcon_distutils_commands:/home/cardaver/turtlebot3_ws/install/moving_nodes/lib/python3.12/site-packages:${PYTHONPATH} /usr/bin/python3 -W ignore:setup.py install is deprecated -W ignore:easy_install command is deprecated setup.py egg_info --egg-base ../../build/moving_nodes build --build-base /home/cardaver/turtlebot3_ws/build/moving_nodes/build install --record /home/cardaver/turtlebot3_ws/build/moving_nodes/install.log --single-version-externally-managed install_data
