running develop
running egg_info
creating wielokaty.egg-info
writing wielokaty.egg-info/PKG-INFO
writing dependency_links to wielokaty.egg-info/dependency_links.txt
writing entry points to wielokaty.egg-info/entry_points.txt
writing requirements to wielokaty.egg-info/requires.txt
writing top-level names to wielokaty.egg-info/top_level.txt
writing manifest file 'wielokaty.egg-info/SOURCES.txt'
reading manifest file 'wielokaty.egg-info/SOURCES.txt'
writing manifest file 'wielokaty.egg-info/SOURCES.txt'
running build_ext
Creating /home/cardaver/turtlebot3_ws/src/install/wielokaty/lib/python3.12/site-packages/wielokaty.egg-link (link to .)
Installing wiel script to /home/cardaver/turtlebot3_ws/src/install/wielokaty/lib/wielokaty

Installed /home/cardaver/turtlebot3_ws/src/build/wielokaty
running symlink_data
creating /home/cardaver/turtlebot3_ws/src/install/wielokaty/share/ament_index
creating /home/cardaver/turtlebot3_ws/src/install/wielokaty/share/ament_index/resource_index
creating /home/cardaver/turtlebot3_ws/src/install/wielokaty/share/ament_index/resource_index/packages
symbolically linking /home/cardaver/turtlebot3_ws/src/build/wielokaty/resource/wielokaty -> /home/cardaver/turtlebot3_ws/src/install/wielokaty/share/ament_index/resource_index/packages
symbolically linking /home/cardaver/turtlebot3_ws/src/build/wielokaty/package.xml -> /home/cardaver/turtlebot3_ws/src/install/wielokaty/share/wielokaty
