[3.082s] Invoking command in '/home/cardaver/turtlebot3_ws/src/build/wielokaty': PS1=\[\033[01;32m\][\u@\h\[\033[01;37m\] \W\[\033[01;32m\]]\$\[\033[00m\] PYTHONPATH=/home/cardaver/turtlebot3_ws/src/build/wielokaty/prefix_override:/usr/lib/python3/dist-packages/colcon_core/task/python/colcon_distutils_commands:/home/cardaver/turtlebot3_ws/src/install/wielokaty/lib/python3.12/site-packages:${PYTHONPATH} /usr/bin/python3 -W ignore:setup.py install is deprecated -W ignore:easy_install command is deprecated setup.py develop --editable --build-directory /home/cardaver/turtlebot3_ws/src/build/wielokaty/build --no-deps symlink_data
[3.668s] running develop
[4.118s] running egg_info
[4.118s] creating wielokaty.egg-info
[4.163s] writing wielokaty.egg-info/PKG-INFO
[4.164s] writing dependency_links to wielokaty.egg-info/dependency_links.txt
[4.164s] writing entry points to wielokaty.egg-info/entry_points.txt
[4.165s] writing requirements to wielokaty.egg-info/requires.txt
[4.165s] writing top-level names to wielokaty.egg-info/top_level.txt
[4.165s] writing manifest file 'wielokaty.egg-info/SOURCES.txt'
[4.256s] reading manifest file 'wielokaty.egg-info/SOURCES.txt'
[4.257s] writing manifest file 'wielokaty.egg-info/SOURCES.txt'
[4.306s] running build_ext
[4.306s] Creating /home/cardaver/turtlebot3_ws/src/install/wielokaty/lib/python3.12/site-packages/wielokaty.egg-link (link to .)
[4.307s] Installing wiel script to /home/cardaver/turtlebot3_ws/src/install/wielokaty/lib/wielokaty
[4.308s] 
[4.308s] Installed /home/cardaver/turtlebot3_ws/src/build/wielokaty
[4.308s] running symlink_data
[4.308s] creating /home/cardaver/turtlebot3_ws/src/install/wielokaty/share/ament_index
[4.308s] creating /home/cardaver/turtlebot3_ws/src/install/wielokaty/share/ament_index/resource_index
[4.308s] creating /home/cardaver/turtlebot3_ws/src/install/wielokaty/share/ament_index/resource_index/packages
[4.309s] symbolically linking /home/cardaver/turtlebot3_ws/src/build/wielokaty/resource/wielokaty -> /home/cardaver/turtlebot3_ws/src/install/wielokaty/share/ament_index/resource_index/packages
[4.309s] symbolically linking /home/cardaver/turtlebot3_ws/src/build/wielokaty/package.xml -> /home/cardaver/turtlebot3_ws/src/install/wielokaty/share/wielokaty
[4.390s] Invoked command in '/home/cardaver/turtlebot3_ws/src/build/wielokaty' returned '0': PS1=\[\033[01;32m\][\u@\h\[\033[01;37m\] \W\[\033[01;32m\]]\$\[\033[00m\] PYTHONPATH=/home/cardaver/turtlebot3_ws/src/build/wielokaty/prefix_override:/usr/lib/python3/dist-packages/colcon_core/task/python/colcon_distutils_commands:/home/cardaver/turtlebot3_ws/src/install/wielokaty/lib/python3.12/site-packages:${PYTHONPATH} /usr/bin/python3 -W ignore:setup.py install is deprecated -W ignore:easy_install command is deprecated setup.py develop --editable --build-directory /home/cardaver/turtlebot3_ws/src/build/wielokaty/build --no-deps symlink_data
