[1.900s] Invoking command in '/home/cardaver/turtlebot3_ws/src/turtlebot3/turtlebot3_teleop': PS1=\[\033[01;32m\][\u@\h\[\033[01;37m\] \W\[\033[01;32m\]]\$\[\033[00m\] PYTHONPATH=/home/cardaver/turtlebot3_ws/build/turtlebot3_teleop/prefix_override:/usr/lib/python3/dist-packages/colcon_core/task/python/colcon_distutils_commands:/home/cardaver/turtlebot3_ws/install/turtlebot3_teleop/lib/python3.12/site-packages:${PYTHONPATH} /usr/bin/python3 -W ignore:setup.py install is deprecated -W ignore:easy_install command is deprecated setup.py egg_info --egg-base ../../../build/turtlebot3_teleop build --build-base /home/cardaver/turtlebot3_ws/build/turtlebot3_teleop/build install --record /home/cardaver/turtlebot3_ws/build/turtlebot3_teleop/install.log --single-version-externally-managed install_data
[2.425s] running egg_info
[2.425s] creating ../../../build/turtlebot3_teleop/turtlebot3_teleop.egg-info
[2.461s] writing ../../../build/turtlebot3_teleop/turtlebot3_teleop.egg-info/PKG-INFO
[2.461s] writing dependency_links to ../../../build/turtlebot3_teleop/turtlebot3_teleop.egg-info/dependency_links.txt
[2.462s] writing entry points to ../../../build/turtlebot3_teleop/turtlebot3_teleop.egg-info/entry_points.txt
[2.462s] writing requirements to ../../../build/turtlebot3_teleop/turtlebot3_teleop.egg-info/requires.txt
[2.462s] writing top-level names to ../../../build/turtlebot3_teleop/turtlebot3_teleop.egg-info/top_level.txt
[2.462s] writing manifest file '../../../build/turtlebot3_teleop/turtlebot3_teleop.egg-info/SOURCES.txt'
[2.539s] reading manifest file '../../../build/turtlebot3_teleop/turtlebot3_teleop.egg-info/SOURCES.txt'
[2.544s] writing manifest file '../../../build/turtlebot3_teleop/turtlebot3_teleop.egg-info/SOURCES.txt'
[2.544s] running build
[2.544s] running build_py
[2.545s] creating /home/cardaver/turtlebot3_ws/build/turtlebot3_teleop/build
[2.545s] creating /home/cardaver/turtlebot3_ws/build/turtlebot3_teleop/build/lib
[2.545s] creating /home/cardaver/turtlebot3_ws/build/turtlebot3_teleop/build/lib/turtlebot3_teleop
[2.545s] copying turtlebot3_teleop/__init__.py -> /home/cardaver/turtlebot3_ws/build/turtlebot3_teleop/build/lib/turtlebot3_teleop
[2.545s] creating /home/cardaver/turtlebot3_ws/build/turtlebot3_teleop/build/lib/turtlebot3_teleop/script
[2.545s] copying turtlebot3_teleop/script/teleop_keyboard.py -> /home/cardaver/turtlebot3_ws/build/turtlebot3_teleop/build/lib/turtlebot3_teleop/script
[2.546s] copying turtlebot3_teleop/script/__init__.py -> /home/cardaver/turtlebot3_ws/build/turtlebot3_teleop/build/lib/turtlebot3_teleop/script
[2.547s] running install
[2.567s] running install_lib
[2.597s] creating /home/cardaver/turtlebot3_ws/install/turtlebot3_teleop/lib/python3.12/site-packages/turtlebot3_teleop
[2.597s] copying /home/cardaver/turtlebot3_ws/build/turtlebot3_teleop/build/lib/turtlebot3_teleop/__init__.py -> /home/cardaver/turtlebot3_ws/install/turtlebot3_teleop/lib/python3.12/site-packages/turtlebot3_teleop
[2.597s] creating /home/cardaver/turtlebot3_ws/install/turtlebot3_teleop/lib/python3.12/site-packages/turtlebot3_teleop/script
[2.601s] copying /home/cardaver/turtlebot3_ws/build/turtlebot3_teleop/build/lib/turtlebot3_teleop/script/teleop_keyboard.py -> /home/cardaver/turtlebot3_ws/install/turtlebot3_teleop/lib/python3.12/site-packages/turtlebot3_teleop/script
[2.602s] copying /home/cardaver/turtlebot3_ws/build/turtlebot3_teleop/build/lib/turtlebot3_teleop/script/__init__.py -> /home/cardaver/turtlebot3_ws/install/turtlebot3_teleop/lib/python3.12/site-packages/turtlebot3_teleop/script
[2.602s] byte-compiling /home/cardaver/turtlebot3_ws/install/turtlebot3_teleop/lib/python3.12/site-packages/turtlebot3_teleop/__init__.py to __init__.cpython-312.pyc
[2.603s] byte-compiling /home/cardaver/turtlebot3_ws/install/turtlebot3_teleop/lib/python3.12/site-packages/turtlebot3_teleop/script/teleop_keyboard.py to teleop_keyboard.cpython-312.pyc
[2.608s] byte-compiling /home/cardaver/turtlebot3_ws/install/turtlebot3_teleop/lib/python3.12/site-packages/turtlebot3_teleop/script/__init__.py to __init__.cpython-312.pyc
[2.610s] running install_data
[2.610s] creating /home/cardaver/turtlebot3_ws/install/turtlebot3_teleop/share/ament_index
[2.611s] creating /home/cardaver/turtlebot3_ws/install/turtlebot3_teleop/share/ament_index/resource_index
[2.611s] creating /home/cardaver/turtlebot3_ws/install/turtlebot3_teleop/share/ament_index/resource_index/packages
[2.611s] copying resource/turtlebot3_teleop -> /home/cardaver/turtlebot3_ws/install/turtlebot3_teleop/share/ament_index/resource_index/packages
[2.611s] copying package.xml -> /home/cardaver/turtlebot3_ws/install/turtlebot3_teleop/share/turtlebot3_teleop
[2.611s] running install_egg_info
[2.637s] Copying ../../../build/turtlebot3_teleop/turtlebot3_teleop.egg-info to /home/cardaver/turtlebot3_ws/install/turtlebot3_teleop/lib/python3.12/site-packages/turtlebot3_teleop-2.3.3-py3.12.egg-info
[2.638s] running install_scripts
[2.912s] Installing teleop_keyboard script to /home/cardaver/turtlebot3_ws/install/turtlebot3_teleop/lib/turtlebot3_teleop
[2.913s] writing list of installed files to '/home/cardaver/turtlebot3_ws/build/turtlebot3_teleop/install.log'
[3.004s] Invoked command in '/home/cardaver/turtlebot3_ws/src/turtlebot3/turtlebot3_teleop' returned '0': PS1=\[\033[01;32m\][\u@\h\[\033[01;37m\] \W\[\033[01;32m\]]\$\[\033[00m\] PYTHONPATH=/home/cardaver/turtlebot3_ws/build/turtlebot3_teleop/prefix_override:/usr/lib/python3/dist-packages/colcon_core/task/python/colcon_distutils_commands:/home/cardaver/turtlebot3_ws/install/turtlebot3_teleop/lib/python3.12/site-packages:${PYTHONPATH} /usr/bin/python3 -W ignore:setup.py install is deprecated -W ignore:easy_install command is deprecated setup.py egg_info --egg-base ../../../build/turtlebot3_teleop build --build-base /home/cardaver/turtlebot3_ws/build/turtlebot3_teleop/build install --record /home/cardaver/turtlebot3_ws/build/turtlebot3_teleop/install.log --single-version-externally-managed install_data
