[0.068s] Invoking command in '/home/cardaver/turtlebot3_ws/src/build/turtlebot3_gazebo': CMAKE_PREFIX_PATH=${CMAKE_PREFIX_PATH}:/home/cardaver/turtlebot3_ws/install/wielokaty:/home/cardaver/turtlebot3_ws/install/turtlebot3_teleop:/home/cardaver/turtlebot3_ws/install/turtlebot3_example:/home/cardaver/turtlebot3_ws/install/moving_nodes:/opt/ros/jazzy PS1=\[\033[01;32m\][\u@\h\[\033[01;37m\] \W\[\033[01;32m\]]\$\[\033[00m\] /usr/bin/cmake /home/cardaver/turtlebot3_ws/src/turtlebot3_simulations/turtlebot3_gazebo -DAMENT_CMAKE_SYMLINK_INSTALL=1 -DCMAKE_INSTALL_PREFIX=/home/cardaver/turtlebot3_ws/src/install/turtlebot3_gazebo
[0.970s] -- The C compiler identification is GNU 13.3.0
[0.970s] -- The CXX compiler identification is GNU 13.3.0
[0.970s] -- Detecting C compiler ABI info
[0.970s] -- Detecting C compiler ABI info - done
[0.970s] -- Check for working C compiler: /usr/bin/cc - skipped
[0.971s] -- Detecting C compile features
[0.971s] -- Detecting C compile features - done
[0.971s] -- Detecting CXX compiler ABI info
[0.971s] -- Detecting CXX compiler ABI info - done
[0.971s] -- Check for working CXX compiler: /usr/bin/c++ - skipped
[0.971s] -- Detecting CXX compile features
[0.971s] -- Detecting CXX compile features - done
[0.971s] -- Found ament_cmake: 2.5.4 (/opt/ros/jazzy/share/ament_cmake/cmake)
[0.984s] -- Found Python3: /usr/bin/python3 (found version "3.12.3") found components: Interpreter 
[1.147s] -- Override CMake install command with custom implementation using symlinks instead of copying resources
[1.302s] -- Found ros_gz_sim: 1.0.16 (/opt/ros/jazzy/share/ros_gz_sim/cmake)
[1.465s] -- Found rosidl_generator_c: 4.6.6 (/opt/ros/jazzy/share/rosidl_generator_c/cmake)
[1.513s] -- Found rosidl_generator_cpp: 4.6.6 (/opt/ros/jazzy/share/rosidl_generator_cpp/cmake)
[1.569s] -- Using all available rosidl_typesupport_c: rosidl_typesupport_fastrtps_c;rosidl_typesupport_introspection_c
[1.614s] -- Using all available rosidl_typesupport_cpp: rosidl_typesupport_fastrtps_cpp;rosidl_typesupport_introspection_cpp
[1.764s] -- Found rmw_implementation_cmake: 7.3.2 (/opt/ros/jazzy/share/rmw_implementation_cmake/cmake)
[1.772s] -- Found rmw_fastrtps_cpp: 8.4.3 (/opt/ros/jazzy/share/rmw_fastrtps_cpp/cmake)
[1.931s] -- Found OpenSSL: /usr/lib/x86_64-linux-gnu/libcrypto.so (found version "3.0.13")  
[1.980s] -- Found FastRTPS: /opt/ros/jazzy/include (Required is at least version "2.13") 
[2.030s] -- Using RMW implementation 'rmw_fastrtps_cpp' as default
[2.614s] -- Found nav_msgs: 5.3.6 (/opt/ros/jazzy/share/nav_msgs/cmake)
[2.657s] -- Found sensor_msgs: 5.3.6 (/opt/ros/jazzy/share/sensor_msgs/cmake)
[2.696s] -- Found gz_math_vendor: 0.0.8 (/opt/ros/jazzy/share/gz_math_vendor/cmake)
[2.713s] -- Looking for gz-math7 -- found version 7.5.2
[2.724s] -- Searching for dependencies of gz-math7
[2.727s] -- Looking for gz-utils2 -- found version 2.2.1
[2.727s] -- Searching for dependencies of gz-utils2
[2.734s] -- Found gz_sim_vendor: 0.0.8 (/opt/ros/jazzy/share/gz_sim_vendor/cmake)
[2.828s] -- Looking for gz-sim8 -- found version 8.9.0
[2.828s] -- Searching for dependencies of gz-sim8
[2.832s] -- Looking for sdformat14 -- found version 14.8.0
[2.832s] -- Searching for dependencies of sdformat14
[2.840s] -- Checking for module 'tinyxml2'
[2.868s] --   Found tinyxml2, version 10.0.0
[2.933s] -- Looking for gz-math7 -- found version 7.5.2
[2.933s] -- Looking for gz-utils2 -- found version 2.2.1
[2.934s] -- Searching for dependencies of gz-utils2
[2.934s] -- Searching for <gz-utils2> component [cli]
[2.939s] -- Looking for gz-utils2-cli -- found version 2.2.1
[2.939s] -- Searching for dependencies of gz-utils2-cli
[2.945s] -- Looking for gz-plugin2 -- found version 2.0.4
[2.945s] -- Searching for dependencies of gz-plugin2
[2.945s] -- Looking for gz-utils2 -- found version 2.2.1
[2.946s] -- Searching for <gz-plugin2> component [loader]
[2.951s] -- Looking for gz-plugin2-loader -- found version 2.0.4
[2.952s] -- Searching for dependencies of gz-plugin2-loader
[2.952s] -- Searching for <gz-plugin2> component [register]
[2.957s] -- Looking for gz-plugin2-register -- found version 2.0.4
[2.957s] -- Searching for dependencies of gz-plugin2-register
[2.961s] -- Looking for gz-transport13 -- found version 13.4.1
[2.962s] -- Searching for dependencies of gz-transport13
[3.195s] -- Found Protobuf: /usr/lib/x86_64-linux-gnu/libprotobuf.so (found version "3.21.12") 
[3.250s] -- Config-file not installed for ZeroMQ -- checking for pkg-config
[3.260s] -- Checking for module 'libzmq >= 4'
[3.295s] --   Found libzmq, version 4.3.5
[3.382s] -- Found ZeroMQ: TRUE (Required is at least version "4") 
[3.393s] -- Checking for module 'uuid'
[3.420s] --   Found uuid, version 2.39.3
[3.484s] -- Found UUID: TRUE  
[3.485s] -- Looking for gz-utils2 -- found version 2.2.1
[3.489s] -- Looking for gz-msgs10 -- found version 10.3.2
[3.490s] -- Searching for dependencies of gz-msgs10
[3.559s] -- Looking for gz-utils2 -- found version 2.2.1
[3.560s] -- Looking for gz-math7 -- found version 7.5.2
[3.581s] -- Searching for <gz-transport13> component [log]
[3.591s] -- Looking for gz-transport13-log -- found version 13.4.1
[3.592s] -- Searching for dependencies of gz-transport13-log
[3.593s] -- Searching for <gz-transport13> component [parameters]
[3.599s] -- Looking for gz-transport13-parameters -- found version 13.4.1
[3.599s] -- Searching for dependencies of gz-transport13-parameters
[3.602s] -- Looking for gz-msgs10 -- found version 10.3.2
[3.607s] -- Looking for gz-common5 -- found version 5.7.1
[3.607s] -- Searching for dependencies of gz-common5
[3.608s] -- Looking for gz-utils2 -- found version 2.2.1
[3.609s] -- Looking for dlfcn.h - found
[3.611s] -- Looking for libdl - found
[3.613s] -- Found DL: TRUE  
[3.630s] -- Searching for <gz-common5> component [av]
[3.642s] -- Looking for gz-common5-av -- found version 5.7.1
[3.642s] -- Searching for dependencies of gz-common5-av
[3.653s] -- Checking for module 'libswscale'
[3.694s] --   Found libswscale, version 7.5.100
[3.755s] -- Found SWSCALE: TRUE  
[3.767s] -- Checking for module 'libavdevice >= 56.4.100'
[3.797s] --   Found libavdevice, version 60.3.100
[3.910s] -- Found AVDEVICE: TRUE (Required is at least version "56.4.100") 
[3.919s] -- Checking for module 'libavformat'
[3.958s] --   Found libavformat, version 60.16.100
[4.037s] -- Found AVFORMAT: TRUE  
[4.048s] -- Checking for module 'libavcodec'
[4.084s] --   Found libavcodec, version 60.31.102
[4.150s] -- Found AVCODEC: TRUE  
[4.162s] -- Checking for module 'libavutil'
[4.213s] --   Found libavutil, version 58.29.100
[4.292s] -- Found AVUTIL: TRUE  
[4.293s] -- Searching for <gz-common5> component [events]
[4.302s] -- Looking for gz-common5-events -- found version 5.7.1
[4.302s] -- Searching for dependencies of gz-common5-events
[4.303s] -- Looking for gz-math7 -- found version 7.5.2
[4.304s] -- Searching for <gz-common5> component [graphics]
[4.312s] -- Looking for gz-common5-graphics -- found version 5.7.1
[4.313s] -- Searching for dependencies of gz-common5-graphics
[4.314s] -- Looking for gz-math7 -- found version 7.5.2
[4.330s] -- Found GzAssimp: TRUE (found version "5.3.0") 
[4.332s] -- Searching for <gz-common5> component [io]
[4.340s] -- Looking for gz-common5-io -- found version 5.7.1
[4.340s] -- Searching for dependencies of gz-common5-io
[4.341s] -- Searching for <gz-common5> component [profiler]
[4.349s] -- Looking for gz-common5-profiler -- found version 5.7.1
[4.349s] -- Searching for dependencies of gz-common5-profiler
[4.359s] -- Looking for gz-fuel_tools9 -- found version 9.1.1
[4.359s] -- Searching for dependencies of gz-fuel_tools9
[4.581s] -- Found CURL: /usr/lib/x86_64-linux-gnu/libcurl.so (found version "8.5.0")  
[4.601s] -- Checking for module 'jsoncpp'
[4.633s] --   Found jsoncpp, version 1.9.5
[4.715s] -- Found JSONCPP: TRUE  
[4.773s] -- Checking for module 'yaml-0.1'
[4.805s] --   Found yaml-0.1, version 0.2.5
[4.869s] -- Found YAML: TRUE  
[4.879s] -- Checking for module 'libzip'
[4.909s] --   Found libzip, version 1.7.3
[4.979s] -- Found ZIP: TRUE  
[4.980s] -- Looking for gz-utils2 -- found version 2.2.1
[4.981s] -- Looking for gz-common5 -- found version 5.7.1
[4.981s] -- Searching for dependencies of gz-common5
[4.982s] -- Looking for gz-utils2 -- found version 2.2.1
[4.982s] -- Looking for dlfcn.h - found
[4.982s] -- Looking for libdl - found
[4.996s] -- Searching for <gz-common5> component [testing]
[5.005s] -- Looking for gz-common5-testing -- found version 5.7.1
[5.006s] -- Searching for dependencies of gz-common5-testing
[5.008s] -- Looking for gz-math7 -- found version 7.5.2
[5.009s] -- Looking for gz-msgs10 -- found version 10.3.2
[5.018s] -- Looking for gz-gui8 -- found version 8.4.0
[5.018s] -- Searching for dependencies of gz-gui8
[5.099s] -- Looking for gz-utils2 -- found version 2.2.1
[5.099s] -- Looking for gz-math7 -- found version 7.5.2
[5.100s] -- Looking for gz-common5 -- found version 5.7.1
[5.101s] -- Looking for gz-plugin2 -- found version 2.0.4
[5.102s] -- Looking for gz-transport13 -- found version 13.4.1
[5.108s] -- Looking for gz-rendering8 -- found version 8.2.2
[5.108s] -- Searching for dependencies of gz-rendering8
[5.108s] -- Looking for gz-math7 -- found version 7.5.2
[5.108s] -- Searching for dependencies of gz-math7
[5.109s] -- Looking for gz-utils2 -- found version 2.2.1
[5.109s] -- Searching for <gz-math7> component [eigen3]
[5.118s] -- Looking for gz-math7-eigen3 -- found version 7.5.2
[5.118s] -- Searching for dependencies of gz-math7-eigen3
[5.151s] -- Looking for gz-common5 -- found version 5.7.1
[5.151s] -- Searching for dependencies of gz-common5
[5.152s] -- Looking for gz-utils2 -- found version 2.2.1
[5.152s] -- Looking for dlfcn.h - found
[5.153s] -- Looking for libdl - found
[5.167s] -- Searching for <gz-common5> component [graphics]
[5.167s] -- Searching for <gz-common5> component [events]
[5.168s] -- Searching for <gz-common5> component [geospatial]
[5.172s] -- Looking for gz-common5-geospatial -- found version 5.7.1
[5.173s] -- Searching for dependencies of gz-common5-geospatial
[5.173s] -- Looking for gz-math7 -- found version 7.5.2
[5.174s] -- Looking for gz-common5 -- found version 5.7.1
[5.175s] -- Looking for gz-plugin2 -- found version 2.0.4
[5.176s] -- Searching for dependencies of gz-plugin2
[5.176s] -- Looking for gz-utils2 -- found version 2.2.1
[5.176s] -- Searching for <gz-plugin2> component [all]
[5.181s] -- Looking for all libraries of gz-plugin2 -- found version 2.0.4
[5.181s] -- Looking for gz-plugin2 -- found version 2.0.4
[5.183s] -- Looking for gz-utils2 -- found version 2.2.1
[5.220s] -- Found OpenGL: /usr/lib/x86_64-linux-gnu/libOpenGL.so  found components: OpenGL 
[5.223s] -- Looking for gz-msgs10 -- found version 10.3.2
[5.278s] -- Looking for gz-physics7 -- found version 7.5.0
[5.278s] -- Searching for dependencies of gz-physics7
[5.278s] -- Looking for gz-common5 -- found version 5.7.1
[5.279s] -- Looking for gz-math7 -- found version 7.5.2
[5.280s] -- Looking for gz-plugin2 -- found version 2.0.4
[5.280s] -- Looking for gz-utils2 -- found version 2.2.1
[5.282s] -- Searching for <gz-physics7> component [heightmap]
[5.286s] -- Looking for gz-physics7-heightmap -- found version 7.5.0
[5.287s] -- Searching for dependencies of gz-physics7-heightmap
[5.287s] -- Looking for gz-common5 -- found version 5.7.1
[5.288s] -- Searching for <gz-physics7> component [mesh]
[5.292s] -- Looking for gz-physics7-mesh -- found version 7.5.0
[5.292s] -- Searching for dependencies of gz-physics7-mesh
[5.293s] -- Looking for gz-common5 -- found version 5.7.1
[5.294s] -- Searching for <gz-physics7> component [sdf]
[5.297s] -- Looking for gz-physics7-sdf -- found version 7.5.0
[5.298s] -- Searching for dependencies of gz-physics7-sdf
[5.298s] -- Looking for sdformat14 -- found version 14.8.0
[5.305s] -- Looking for gz-sensors8 -- found version 8.2.2
[5.305s] -- Searching for dependencies of gz-sensors8
[5.359s] -- Looking for gz-math7 -- found version 7.5.2
[5.360s] -- Looking for gz-common5 -- found version 5.7.1
[5.361s] -- Looking for gz-transport13 -- found version 13.4.1
[5.362s] -- Looking for gz-rendering8 -- found version 8.2.2
[5.363s] -- Looking for gz-msgs10 -- found version 10.3.2
[5.363s] -- Looking for sdformat14 -- found version 14.8.0
[5.365s] -- Searching for <gz-sensors8> component [air_pressure]
[5.371s] -- Looking for gz-sensors8-air_pressure -- found version 8.2.2
[5.371s] -- Searching for dependencies of gz-sensors8-air_pressure
[5.372s] -- Searching for <gz-sensors8> component [air_speed]
[5.379s] -- Looking for gz-sensors8-air_speed -- found version 8.2.2
[5.379s] -- Searching for dependencies of gz-sensors8-air_speed
[5.380s] -- Searching for <gz-sensors8> component [altimeter]
[5.384s] -- Looking for gz-sensors8-altimeter -- found version 8.2.2
[5.384s] -- Searching for dependencies of gz-sensors8-altimeter
[5.385s] -- Searching for <gz-sensors8> component [imu]
[5.389s] -- Looking for gz-sensors8-imu -- found version 8.2.2
[5.389s] -- Searching for dependencies of gz-sensors8-imu
[5.390s] -- Searching for <gz-sensors8> component [force_torque]
[5.393s] -- Looking for gz-sensors8-force_torque -- found version 8.2.2
[5.394s] -- Searching for dependencies of gz-sensors8-force_torque
[5.394s] -- Searching for <gz-sensors8> component [logical_camera]
[5.398s] -- Looking for gz-sensors8-logical_camera -- found version 8.2.2
[5.398s] -- Searching for dependencies of gz-sensors8-logical_camera
[5.399s] -- Searching for <gz-sensors8> component [magnetometer]
[5.402s] -- Looking for gz-sensors8-magnetometer -- found version 8.2.2
[5.403s] -- Searching for dependencies of gz-sensors8-magnetometer
[5.403s] -- Searching for <gz-sensors8> component [navsat]
[5.407s] -- Looking for gz-sensors8-navsat -- found version 8.2.2
[5.407s] -- Searching for dependencies of gz-sensors8-navsat
[5.408s] -- Searching for <gz-sensors8> component [dvl]
[5.411s] -- Looking for gz-sensors8-dvl -- found version 8.2.2
[5.412s] -- Searching for dependencies of gz-sensors8-dvl
[5.412s] -- Looking for gz-sensors8 -- found version 8.2.2
[5.412s] -- Searching for dependencies of gz-sensors8
[5.467s] -- Looking for gz-math7 -- found version 7.5.2
[5.467s] -- Looking for gz-common5 -- found version 5.7.1
[5.468s] -- Looking for gz-transport13 -- found version 13.4.1
[5.469s] -- Looking for gz-rendering8 -- found version 8.2.2
[5.469s] -- Looking for gz-msgs10 -- found version 10.3.2
[5.470s] -- Looking for sdformat14 -- found version 14.8.0
[5.470s] -- Searching for <gz-sensors8> component [rendering]
[5.473s] -- Looking for gz-sensors8-rendering -- found version 8.2.2
[5.473s] -- Searching for dependencies of gz-sensors8-rendering
[5.476s] -- Searching for <gz-sensors8> component [rendering]
[5.476s] -- Searching for <gz-sensors8> component [lidar]
[5.479s] -- Looking for gz-sensors8-lidar -- found version 8.2.2
[5.480s] -- Searching for dependencies of gz-sensors8-lidar
[5.480s] -- Looking for gz-sensors8 -- found version 8.2.2
[5.481s] -- Searching for <gz-sensors8> component [gpu_lidar]
[5.485s] -- Looking for gz-sensors8-gpu_lidar -- found version 8.2.2
[5.485s] -- Searching for dependencies of gz-sensors8-gpu_lidar
[5.486s] -- Looking for gz-sensors8 -- found version 8.2.2
[5.487s] -- Searching for <gz-sensors8> component [camera]
[5.491s] -- Looking for gz-sensors8-camera -- found version 8.2.2
[5.491s] -- Searching for dependencies of gz-sensors8-camera
[5.492s] -- Looking for gz-sensors8 -- found version 8.2.2
[5.493s] -- Searching for <gz-sensors8> component [boundingbox_camera]
[5.496s] -- Looking for gz-sensors8-boundingbox_camera -- found version 8.2.2
[5.496s] -- Searching for dependencies of gz-sensors8-boundingbox_camera
[5.497s] -- Searching for <gz-sensors8> component [segmentation_camera]
[5.500s] -- Looking for gz-sensors8-segmentation_camera -- found version 8.2.2
[5.501s] -- Searching for dependencies of gz-sensors8-segmentation_camera
[5.501s] -- Searching for <gz-sensors8> component [depth_camera]
[5.505s] -- Looking for gz-sensors8-depth_camera -- found version 8.2.2
[5.505s] -- Searching for dependencies of gz-sensors8-depth_camera
[5.506s] -- Looking for gz-sensors8 -- found version 8.2.2
[5.507s] -- Searching for <gz-sensors8> component [rgbd_camera]
[5.510s] -- Looking for gz-sensors8-rgbd_camera -- found version 8.2.2
[5.510s] -- Searching for dependencies of gz-sensors8-rgbd_camera
[5.511s] -- Looking for gz-sensors8 -- found version 8.2.2
[5.512s] -- Searching for <gz-sensors8> component [thermal_camera]
[5.516s] -- Looking for gz-sensors8-thermal_camera -- found version 8.2.2
[5.516s] -- Searching for dependencies of gz-sensors8-thermal_camera
[5.517s] -- Looking for gz-sensors8 -- found version 8.2.2
[5.517s] -- Searching for <gz-sensors8> component [wide_angle_camera]
[5.521s] -- Looking for gz-sensors8-wide_angle_camera -- found version 8.2.2
[5.521s] -- Searching for dependencies of gz-sensors8-wide_angle_camera
[5.523s] -- Looking for gz-rendering8 -- found version 8.2.2
[5.524s] -- Looking for gz-math7 -- found version 7.5.2
[5.524s] -- Looking for gz-utils2 -- found version 2.2.1
[5.584s] -- Looking for gz-plugin2 -- found version 2.0.4
[5.740s] -- Configuring done (5.7s)
[5.808s] -- Generating done (0.0s)
[5.822s] -- Build files have been written to: /home/cardaver/turtlebot3_ws/src/build/turtlebot3_gazebo
