[0.047s] Invoking command in '/home/cardaver/turtlebot3_ws/src/build/dynamixel_sdk_examples': AMENT_PREFIX_PATH=/home/cardaver/turtlebot3_ws/src/install/dynamixel_sdk_custom_interfaces:/home/cardaver/turtlebot3_ws/src/install/dynamixel_sdk:${AMENT_PREFIX_PATH} CMAKE_PREFIX_PATH=/home/cardaver/turtlebot3_ws/src/install/dynamixel_sdk_custom_interfaces:/home/cardaver/turtlebot3_ws/src/install/dynamixel_sdk:/home/cardaver/turtlebot3_ws/install/turtlebot3:/home/cardaver/turtlebot3_ws/install/turtlebot3_simulations:/home/cardaver/turtlebot3_ws/install/turtlebot3_bringup:/home/cardaver/turtlebot3_ws/install/turtlebot3_node:/home/cardaver/turtlebot3_ws/install/turtlebot3_navigation2:/home/cardaver/turtlebot3_ws/install/turtlebot3_fake_node:/home/cardaver/turtlebot3_ws/install/turtlebot3_msgs:/home/cardaver/turtlebot3_ws/install/turtlebot3_gazebo:/home/cardaver/turtlebot3_ws/install/turtlebot3_description:/home/cardaver/turtlebot3_ws/install/turtlebot3_cartographer:/home/cardaver/turtlebot3_ws/install/dynamixel_sdk_examples:/home/cardaver/turtlebot3_ws/install/dynamixel_sdk_custom_interfaces:/home/cardaver/turtlebot3_ws/install/dynamixel_sdk:/opt/ros/jazzy/opt/gz_sim_vendor:/opt/ros/jazzy/opt/gz_sensors_vendor:/opt/ros/jazzy/opt/gz_physics_vendor:/opt/ros/jazzy/opt/sdformat_vendor:/opt/ros/jazzy/opt/gz_gui_vendor:/opt/ros/jazzy/opt/gz_transport_vendor:/opt/ros/jazzy/opt/gz_rendering_vendor:/opt/ros/jazzy/opt/gz_plugin_vendor:/opt/ros/jazzy/opt/gz_fuel_tools_vendor:/opt/ros/jazzy/opt/gz_msgs_vendor:/opt/ros/jazzy/opt/gz_common_vendor:/opt/ros/jazzy/opt/gz_math_vendor:/opt/ros/jazzy/opt/gz_utils_vendor:/opt/ros/jazzy/opt/gz_tools_vendor:/opt/ros/jazzy/opt/gz_ogre_next_vendor:/opt/ros/jazzy/opt/gz_dartsim_vendor:/opt/ros/jazzy/opt/gz_cmake_vendor:/home/cardaver/turtlebot3_ws/install/wielokaty:/home/cardaver/turtlebot3_ws/install/turtlebot3_teleop:/home/cardaver/turtlebot3_ws/install/turtlebot3_example:/home/cardaver/turtlebot3_ws/install/moving_nodes:/opt/ros/jazzy LD_LIBRARY_PATH=/home/cardaver/turtlebot3_ws/src/install/dynamixel_sdk_custom_interfaces/lib:/home/cardaver/turtlebot3_ws/src/install/dynamixel_sdk/lib:${LD_LIBRARY_PATH} PS1=\[\033[01;32m\][\u@\h\[\033[01;37m\] \W\[\033[01;32m\]]\$\[\033[00m\] PYTHONPATH=/home/cardaver/turtlebot3_ws/src/install/dynamixel_sdk_custom_interfaces/lib/python3.12/site-packages:/home/cardaver/turtlebot3_ws/src/install/dynamixel_sdk/lib/python3.12/site-packages:${PYTHONPATH} /usr/bin/cmake /home/cardaver/turtlebot3_ws/src/DynamixelSDK/ros/dynamixel_sdk_examples -DAMENT_CMAKE_SYMLINK_INSTALL=1 -DCMAKE_INSTALL_PREFIX=/home/cardaver/turtlebot3_ws/src/install/dynamixel_sdk_examples
[0.197s] -- The C compiler identification is GNU 13.3.0
[0.468s] -- The CXX compiler identification is GNU 13.3.0
[0.532s] -- Detecting C compiler ABI info
[1.106s] -- Detecting C compiler ABI info - done
[1.148s] -- Check for working C compiler: /usr/bin/cc - skipped
[1.158s] -- Detecting C compile features
[1.158s] -- Detecting C compile features - done
[1.193s] -- Detecting CXX compiler ABI info
[1.444s] -- Detecting CXX compiler ABI info - done
[1.464s] -- Check for working CXX compiler: /usr/bin/c++ - skipped
[1.464s] -- Detecting CXX compile features
[1.465s] -- Detecting CXX compile features - done
[1.476s] -- Found ament_cmake: 2.5.4 (/opt/ros/jazzy/share/ament_cmake/cmake)
[1.805s] -- Found Python3: /usr/bin/python3 (found version "3.12.3") found components: Interpreter 
[1.955s] -- Override CMake install command with custom implementation using symlinks instead of copying resources
[2.050s] -- Found dynamixel_sdk: 3.8.4 (/home/cardaver/turtlebot3_ws/src/install/dynamixel_sdk/share/dynamixel_sdk/cmake)
[2.055s] -- Found dynamixel_sdk_custom_interfaces: 3.8.4 (/home/cardaver/turtlebot3_ws/src/install/dynamixel_sdk_custom_interfaces/share/dynamixel_sdk_custom_interfaces/cmake)
[2.171s] -- Found rosidl_generator_c: 4.6.6 (/opt/ros/jazzy/share/rosidl_generator_c/cmake)
[2.202s] -- Found rosidl_generator_cpp: 4.6.6 (/opt/ros/jazzy/share/rosidl_generator_cpp/cmake)
[2.243s] -- Using all available rosidl_typesupport_c: rosidl_typesupport_fastrtps_c;rosidl_typesupport_introspection_c
[2.289s] -- Using all available rosidl_typesupport_cpp: rosidl_typesupport_fastrtps_cpp;rosidl_typesupport_introspection_cpp
[2.388s] -- Found rclcpp: 28.1.12 (/opt/ros/jazzy/share/rclcpp/cmake)
[2.481s] -- Found rmw_implementation_cmake: 7.3.2 (/opt/ros/jazzy/share/rmw_implementation_cmake/cmake)
[2.490s] -- Found rmw_fastrtps_cpp: 8.4.3 (/opt/ros/jazzy/share/rmw_fastrtps_cpp/cmake)
[2.656s] -- Found OpenSSL: /usr/lib/x86_64-linux-gnu/libcrypto.so (found version "3.0.13")  
[2.701s] -- Found FastRTPS: /opt/ros/jazzy/include (Required is at least version "2.13") 
[2.742s] -- Using RMW implementation 'rmw_fastrtps_cpp' as default
[2.875s] -- Found rclpy: 7.1.5 (/opt/ros/jazzy/share/rclpy/cmake)
[2.888s] -- Found ament_lint_auto: 0.17.3 (/opt/ros/jazzy/share/ament_lint_auto/cmake)
[3.155s] -- Added test 'copyright' to check source files copyright and LICENSE
[3.159s] -- Added test 'cppcheck' to perform static code analysis on C / C++ code
[3.159s] -- Configured cppcheck include dirs: /home/cardaver/turtlebot3_ws/src/DynamixelSDK/ros/dynamixel_sdk_examples/include
[3.160s] -- Configured cppcheck exclude dirs and/or files: 
[3.163s] -- Added test 'cpplint' to check C / C++ code against the Google style
[3.163s] -- Configured cpplint exclude dirs and/or files: 
[3.165s] -- Added test 'flake8' to check Python code syntax and style conventions
[3.165s] -- Configured 'flake8' exclude dirs and/or files: 
[3.168s] -- Added test 'lint_cmake' to check CMake code style
[3.170s] -- Added test 'pep257' to check Python code against some of the docstring style conventions in PEP 257
[3.173s] -- Added test 'uncrustify' to check C / C++ code style
[3.174s] -- Configured uncrustify additional arguments: 
[3.176s] -- Added test 'xmllint' to check XML markup files
[3.182s] -- Configuring done (3.1s)
[3.204s] -- Generating done (0.0s)
[3.212s] -- Build files have been written to: /home/cardaver/turtlebot3_ws/src/build/dynamixel_sdk_examples
[3.230s] Invoked command in '/home/cardaver/turtlebot3_ws/src/build/dynamixel_sdk_examples' returned '0': AMENT_PREFIX_PATH=/home/cardaver/turtlebot3_ws/src/install/dynamixel_sdk_custom_interfaces:/home/cardaver/turtlebot3_ws/src/install/dynamixel_sdk:${AMENT_PREFIX_PATH} CMAKE_PREFIX_PATH=/home/cardaver/turtlebot3_ws/src/install/dynamixel_sdk_custom_interfaces:/home/cardaver/turtlebot3_ws/src/install/dynamixel_sdk:/home/cardaver/turtlebot3_ws/install/turtlebot3:/home/cardaver/turtlebot3_ws/install/turtlebot3_simulations:/home/cardaver/turtlebot3_ws/install/turtlebot3_bringup:/home/cardaver/turtlebot3_ws/install/turtlebot3_node:/home/cardaver/turtlebot3_ws/install/turtlebot3_navigation2:/home/cardaver/turtlebot3_ws/install/turtlebot3_fake_node:/home/cardaver/turtlebot3_ws/install/turtlebot3_msgs:/home/cardaver/turtlebot3_ws/install/turtlebot3_gazebo:/home/cardaver/turtlebot3_ws/install/turtlebot3_description:/home/cardaver/turtlebot3_ws/install/turtlebot3_cartographer:/home/cardaver/turtlebot3_ws/install/dynamixel_sdk_examples:/home/cardaver/turtlebot3_ws/install/dynamixel_sdk_custom_interfaces:/home/cardaver/turtlebot3_ws/install/dynamixel_sdk:/opt/ros/jazzy/opt/gz_sim_vendor:/opt/ros/jazzy/opt/gz_sensors_vendor:/opt/ros/jazzy/opt/gz_physics_vendor:/opt/ros/jazzy/opt/sdformat_vendor:/opt/ros/jazzy/opt/gz_gui_vendor:/opt/ros/jazzy/opt/gz_transport_vendor:/opt/ros/jazzy/opt/gz_rendering_vendor:/opt/ros/jazzy/opt/gz_plugin_vendor:/opt/ros/jazzy/opt/gz_fuel_tools_vendor:/opt/ros/jazzy/opt/gz_msgs_vendor:/opt/ros/jazzy/opt/gz_common_vendor:/opt/ros/jazzy/opt/gz_math_vendor:/opt/ros/jazzy/opt/gz_utils_vendor:/opt/ros/jazzy/opt/gz_tools_vendor:/opt/ros/jazzy/opt/gz_ogre_next_vendor:/opt/ros/jazzy/opt/gz_dartsim_vendor:/opt/ros/jazzy/opt/gz_cmake_vendor:/home/cardaver/turtlebot3_ws/install/wielokaty:/home/cardaver/turtlebot3_ws/install/turtlebot3_teleop:/home/cardaver/turtlebot3_ws/install/turtlebot3_example:/home/cardaver/turtlebot3_ws/install/moving_nodes:/opt/ros/jazzy LD_LIBRARY_PATH=/home/cardaver/turtlebot3_ws/src/install/dynamixel_sdk_custom_interfaces/lib:/home/cardaver/turtlebot3_ws/src/install/dynamixel_sdk/lib:${LD_LIBRARY_PATH} PS1=\[\033[01;32m\][\u@\h\[\033[01;37m\] \W\[\033[01;32m\]]\$\[\033[00m\] PYTHONPATH=/home/cardaver/turtlebot3_ws/src/install/dynamixel_sdk_custom_interfaces/lib/python3.12/site-packages:/home/cardaver/turtlebot3_ws/src/install/dynamixel_sdk/lib/python3.12/site-packages:${PYTHONPATH} /usr/bin/cmake /home/cardaver/turtlebot3_ws/src/DynamixelSDK/ros/dynamixel_sdk_examples -DAMENT_CMAKE_SYMLINK_INSTALL=1 -DCMAKE_INSTALL_PREFIX=/home/cardaver/turtlebot3_ws/src/install/dynamixel_sdk_examples
[3.232s] Invoking command in '/home/cardaver/turtlebot3_ws/src/build/dynamixel_sdk_examples': AMENT_PREFIX_PATH=/home/cardaver/turtlebot3_ws/src/install/dynamixel_sdk_custom_interfaces:/home/cardaver/turtlebot3_ws/src/install/dynamixel_sdk:${AMENT_PREFIX_PATH} CMAKE_PREFIX_PATH=/home/cardaver/turtlebot3_ws/src/install/dynamixel_sdk_custom_interfaces:/home/cardaver/turtlebot3_ws/src/install/dynamixel_sdk:/home/cardaver/turtlebot3_ws/install/turtlebot3:/home/cardaver/turtlebot3_ws/install/turtlebot3_simulations:/home/cardaver/turtlebot3_ws/install/turtlebot3_bringup:/home/cardaver/turtlebot3_ws/install/turtlebot3_node:/home/cardaver/turtlebot3_ws/install/turtlebot3_navigation2:/home/cardaver/turtlebot3_ws/install/turtlebot3_fake_node:/home/cardaver/turtlebot3_ws/install/turtlebot3_msgs:/home/cardaver/turtlebot3_ws/install/turtlebot3_gazebo:/home/cardaver/turtlebot3_ws/install/turtlebot3_description:/home/cardaver/turtlebot3_ws/install/turtlebot3_cartographer:/home/cardaver/turtlebot3_ws/install/dynamixel_sdk_examples:/home/cardaver/turtlebot3_ws/install/dynamixel_sdk_custom_interfaces:/home/cardaver/turtlebot3_ws/install/dynamixel_sdk:/opt/ros/jazzy/opt/gz_sim_vendor:/opt/ros/jazzy/opt/gz_sensors_vendor:/opt/ros/jazzy/opt/gz_physics_vendor:/opt/ros/jazzy/opt/sdformat_vendor:/opt/ros/jazzy/opt/gz_gui_vendor:/opt/ros/jazzy/opt/gz_transport_vendor:/opt/ros/jazzy/opt/gz_rendering_vendor:/opt/ros/jazzy/opt/gz_plugin_vendor:/opt/ros/jazzy/opt/gz_fuel_tools_vendor:/opt/ros/jazzy/opt/gz_msgs_vendor:/opt/ros/jazzy/opt/gz_common_vendor:/opt/ros/jazzy/opt/gz_math_vendor:/opt/ros/jazzy/opt/gz_utils_vendor:/opt/ros/jazzy/opt/gz_tools_vendor:/opt/ros/jazzy/opt/gz_ogre_next_vendor:/opt/ros/jazzy/opt/gz_dartsim_vendor:/opt/ros/jazzy/opt/gz_cmake_vendor:/home/cardaver/turtlebot3_ws/install/wielokaty:/home/cardaver/turtlebot3_ws/install/turtlebot3_teleop:/home/cardaver/turtlebot3_ws/install/turtlebot3_example:/home/cardaver/turtlebot3_ws/install/moving_nodes:/opt/ros/jazzy LD_LIBRARY_PATH=/home/cardaver/turtlebot3_ws/src/install/dynamixel_sdk_custom_interfaces/lib:/home/cardaver/turtlebot3_ws/src/install/dynamixel_sdk/lib:${LD_LIBRARY_PATH} PS1=\[\033[01;32m\][\u@\h\[\033[01;37m\] \W\[\033[01;32m\]]\$\[\033[00m\] PYTHONPATH=/home/cardaver/turtlebot3_ws/src/install/dynamixel_sdk_custom_interfaces/lib/python3.12/site-packages:/home/cardaver/turtlebot3_ws/src/install/dynamixel_sdk/lib/python3.12/site-packages:${PYTHONPATH} /usr/bin/cmake --build /home/cardaver/turtlebot3_ws/src/build/dynamixel_sdk_examples -- -j16 -l16
[3.320s] [ 50%] [32mBuilding CXX object CMakeFiles/read_write_node.dir/src/read_write_node.cpp.o[0m
[15.940s] [100%] [32m[1mLinking CXX executable read_write_node[0m
[16.549s] [100%] Built target read_write_node
[16.583s] Invoked command in '/home/cardaver/turtlebot3_ws/src/build/dynamixel_sdk_examples' returned '0': AMENT_PREFIX_PATH=/home/cardaver/turtlebot3_ws/src/install/dynamixel_sdk_custom_interfaces:/home/cardaver/turtlebot3_ws/src/install/dynamixel_sdk:${AMENT_PREFIX_PATH} CMAKE_PREFIX_PATH=/home/cardaver/turtlebot3_ws/src/install/dynamixel_sdk_custom_interfaces:/home/cardaver/turtlebot3_ws/src/install/dynamixel_sdk:/home/cardaver/turtlebot3_ws/install/turtlebot3:/home/cardaver/turtlebot3_ws/install/turtlebot3_simulations:/home/cardaver/turtlebot3_ws/install/turtlebot3_bringup:/home/cardaver/turtlebot3_ws/install/turtlebot3_node:/home/cardaver/turtlebot3_ws/install/turtlebot3_navigation2:/home/cardaver/turtlebot3_ws/install/turtlebot3_fake_node:/home/cardaver/turtlebot3_ws/install/turtlebot3_msgs:/home/cardaver/turtlebot3_ws/install/turtlebot3_gazebo:/home/cardaver/turtlebot3_ws/install/turtlebot3_description:/home/cardaver/turtlebot3_ws/install/turtlebot3_cartographer:/home/cardaver/turtlebot3_ws/install/dynamixel_sdk_examples:/home/cardaver/turtlebot3_ws/install/dynamixel_sdk_custom_interfaces:/home/cardaver/turtlebot3_ws/install/dynamixel_sdk:/opt/ros/jazzy/opt/gz_sim_vendor:/opt/ros/jazzy/opt/gz_sensors_vendor:/opt/ros/jazzy/opt/gz_physics_vendor:/opt/ros/jazzy/opt/sdformat_vendor:/opt/ros/jazzy/opt/gz_gui_vendor:/opt/ros/jazzy/opt/gz_transport_vendor:/opt/ros/jazzy/opt/gz_rendering_vendor:/opt/ros/jazzy/opt/gz_plugin_vendor:/opt/ros/jazzy/opt/gz_fuel_tools_vendor:/opt/ros/jazzy/opt/gz_msgs_vendor:/opt/ros/jazzy/opt/gz_common_vendor:/opt/ros/jazzy/opt/gz_math_vendor:/opt/ros/jazzy/opt/gz_utils_vendor:/opt/ros/jazzy/opt/gz_tools_vendor:/opt/ros/jazzy/opt/gz_ogre_next_vendor:/opt/ros/jazzy/opt/gz_dartsim_vendor:/opt/ros/jazzy/opt/gz_cmake_vendor:/home/cardaver/turtlebot3_ws/install/wielokaty:/home/cardaver/turtlebot3_ws/install/turtlebot3_teleop:/home/cardaver/turtlebot3_ws/install/turtlebot3_example:/home/cardaver/turtlebot3_ws/install/moving_nodes:/opt/ros/jazzy LD_LIBRARY_PATH=/home/cardaver/turtlebot3_ws/src/install/dynamixel_sdk_custom_interfaces/lib:/home/cardaver/turtlebot3_ws/src/install/dynamixel_sdk/lib:${LD_LIBRARY_PATH} PS1=\[\033[01;32m\][\u@\h\[\033[01;37m\] \W\[\033[01;32m\]]\$\[\033[00m\] PYTHONPATH=/home/cardaver/turtlebot3_ws/src/install/dynamixel_sdk_custom_interfaces/lib/python3.12/site-packages:/home/cardaver/turtlebot3_ws/src/install/dynamixel_sdk/lib/python3.12/site-packages:${PYTHONPATH} /usr/bin/cmake --build /home/cardaver/turtlebot3_ws/src/build/dynamixel_sdk_examples -- -j16 -l16
[16.586s] Invoking command in '/home/cardaver/turtlebot3_ws/src/build/dynamixel_sdk_examples': AMENT_PREFIX_PATH=/home/cardaver/turtlebot3_ws/src/install/dynamixel_sdk_custom_interfaces:/home/cardaver/turtlebot3_ws/src/install/dynamixel_sdk:${AMENT_PREFIX_PATH} CMAKE_PREFIX_PATH=/home/cardaver/turtlebot3_ws/src/install/dynamixel_sdk_custom_interfaces:/home/cardaver/turtlebot3_ws/src/install/dynamixel_sdk:/home/cardaver/turtlebot3_ws/install/turtlebot3:/home/cardaver/turtlebot3_ws/install/turtlebot3_simulations:/home/cardaver/turtlebot3_ws/install/turtlebot3_bringup:/home/cardaver/turtlebot3_ws/install/turtlebot3_node:/home/cardaver/turtlebot3_ws/install/turtlebot3_navigation2:/home/cardaver/turtlebot3_ws/install/turtlebot3_fake_node:/home/cardaver/turtlebot3_ws/install/turtlebot3_msgs:/home/cardaver/turtlebot3_ws/install/turtlebot3_gazebo:/home/cardaver/turtlebot3_ws/install/turtlebot3_description:/home/cardaver/turtlebot3_ws/install/turtlebot3_cartographer:/home/cardaver/turtlebot3_ws/install/dynamixel_sdk_examples:/home/cardaver/turtlebot3_ws/install/dynamixel_sdk_custom_interfaces:/home/cardaver/turtlebot3_ws/install/dynamixel_sdk:/opt/ros/jazzy/opt/gz_sim_vendor:/opt/ros/jazzy/opt/gz_sensors_vendor:/opt/ros/jazzy/opt/gz_physics_vendor:/opt/ros/jazzy/opt/sdformat_vendor:/opt/ros/jazzy/opt/gz_gui_vendor:/opt/ros/jazzy/opt/gz_transport_vendor:/opt/ros/jazzy/opt/gz_rendering_vendor:/opt/ros/jazzy/opt/gz_plugin_vendor:/opt/ros/jazzy/opt/gz_fuel_tools_vendor:/opt/ros/jazzy/opt/gz_msgs_vendor:/opt/ros/jazzy/opt/gz_common_vendor:/opt/ros/jazzy/opt/gz_math_vendor:/opt/ros/jazzy/opt/gz_utils_vendor:/opt/ros/jazzy/opt/gz_tools_vendor:/opt/ros/jazzy/opt/gz_ogre_next_vendor:/opt/ros/jazzy/opt/gz_dartsim_vendor:/opt/ros/jazzy/opt/gz_cmake_vendor:/home/cardaver/turtlebot3_ws/install/wielokaty:/home/cardaver/turtlebot3_ws/install/turtlebot3_teleop:/home/cardaver/turtlebot3_ws/install/turtlebot3_example:/home/cardaver/turtlebot3_ws/install/moving_nodes:/opt/ros/jazzy LD_LIBRARY_PATH=/home/cardaver/turtlebot3_ws/src/install/dynamixel_sdk_custom_interfaces/lib:/home/cardaver/turtlebot3_ws/src/install/dynamixel_sdk/lib:${LD_LIBRARY_PATH} PS1=\[\033[01;32m\][\u@\h\[\033[01;37m\] \W\[\033[01;32m\]]\$\[\033[00m\] PYTHONPATH=/home/cardaver/turtlebot3_ws/src/install/dynamixel_sdk_custom_interfaces/lib/python3.12/site-packages:/home/cardaver/turtlebot3_ws/src/install/dynamixel_sdk/lib/python3.12/site-packages:${PYTHONPATH} /usr/bin/cmake --install /home/cardaver/turtlebot3_ws/src/build/dynamixel_sdk_examples
[16.604s] -- Install configuration: ""
[16.605s] -- Execute custom install script
[16.605s] -- Symlinking: /home/cardaver/turtlebot3_ws/src/install/dynamixel_sdk_examples/lib/dynamixel_sdk_examples/read_write_node
[16.623s] -- Symlinking: /home/cardaver/turtlebot3_ws/src/install/dynamixel_sdk_examples/lib/dynamixel_sdk_examples/read_write_node.py
[16.642s] -- Symlinking: /home/cardaver/turtlebot3_ws/src/install/dynamixel_sdk_examples/share/ament_index/resource_index/package_run_dependencies/dynamixel_sdk_examples
[16.660s] -- Symlinking: /home/cardaver/turtlebot3_ws/src/install/dynamixel_sdk_examples/share/ament_index/resource_index/parent_prefix_path/dynamixel_sdk_examples
[16.679s] -- Symlinking: /home/cardaver/turtlebot3_ws/src/install/dynamixel_sdk_examples/share/dynamixel_sdk_examples/environment/ament_prefix_path.sh
[16.702s] -- Symlinking: /home/cardaver/turtlebot3_ws/src/install/dynamixel_sdk_examples/share/dynamixel_sdk_examples/environment/ament_prefix_path.dsv
[16.727s] -- Symlinking: /home/cardaver/turtlebot3_ws/src/install/dynamixel_sdk_examples/share/dynamixel_sdk_examples/environment/path.sh
[16.745s] -- Symlinking: /home/cardaver/turtlebot3_ws/src/install/dynamixel_sdk_examples/share/dynamixel_sdk_examples/environment/path.dsv
[16.777s] -- Symlinking: /home/cardaver/turtlebot3_ws/src/install/dynamixel_sdk_examples/share/dynamixel_sdk_examples/local_setup.bash
[16.829s] -- Symlinking: /home/cardaver/turtlebot3_ws/src/install/dynamixel_sdk_examples/share/dynamixel_sdk_examples/local_setup.sh
[16.854s] -- Symlinking: /home/cardaver/turtlebot3_ws/src/install/dynamixel_sdk_examples/share/dynamixel_sdk_examples/local_setup.zsh
[16.879s] -- Symlinking: /home/cardaver/turtlebot3_ws/src/install/dynamixel_sdk_examples/share/dynamixel_sdk_examples/local_setup.dsv
[16.905s] -- Symlinking: /home/cardaver/turtlebot3_ws/src/install/dynamixel_sdk_examples/share/dynamixel_sdk_examples/package.dsv
[16.931s] -- Symlinking: /home/cardaver/turtlebot3_ws/src/install/dynamixel_sdk_examples/share/ament_index/resource_index/packages/dynamixel_sdk_examples
[16.969s] -- Symlinking: /home/cardaver/turtlebot3_ws/src/install/dynamixel_sdk_examples/share/dynamixel_sdk_examples/cmake/dynamixel_sdk_examplesConfig.cmake
[16.988s] -- Symlinking: /home/cardaver/turtlebot3_ws/src/install/dynamixel_sdk_examples/share/dynamixel_sdk_examples/cmake/dynamixel_sdk_examplesConfig-version.cmake
[17.011s] -- Symlinking: /home/cardaver/turtlebot3_ws/src/install/dynamixel_sdk_examples/share/dynamixel_sdk_examples/package.xml
[17.041s] Invoked command in '/home/cardaver/turtlebot3_ws/src/build/dynamixel_sdk_examples' returned '0': AMENT_PREFIX_PATH=/home/cardaver/turtlebot3_ws/src/install/dynamixel_sdk_custom_interfaces:/home/cardaver/turtlebot3_ws/src/install/dynamixel_sdk:${AMENT_PREFIX_PATH} CMAKE_PREFIX_PATH=/home/cardaver/turtlebot3_ws/src/install/dynamixel_sdk_custom_interfaces:/home/cardaver/turtlebot3_ws/src/install/dynamixel_sdk:/home/cardaver/turtlebot3_ws/install/turtlebot3:/home/cardaver/turtlebot3_ws/install/turtlebot3_simulations:/home/cardaver/turtlebot3_ws/install/turtlebot3_bringup:/home/cardaver/turtlebot3_ws/install/turtlebot3_node:/home/cardaver/turtlebot3_ws/install/turtlebot3_navigation2:/home/cardaver/turtlebot3_ws/install/turtlebot3_fake_node:/home/cardaver/turtlebot3_ws/install/turtlebot3_msgs:/home/cardaver/turtlebot3_ws/install/turtlebot3_gazebo:/home/cardaver/turtlebot3_ws/install/turtlebot3_description:/home/cardaver/turtlebot3_ws/install/turtlebot3_cartographer:/home/cardaver/turtlebot3_ws/install/dynamixel_sdk_examples:/home/cardaver/turtlebot3_ws/install/dynamixel_sdk_custom_interfaces:/home/cardaver/turtlebot3_ws/install/dynamixel_sdk:/opt/ros/jazzy/opt/gz_sim_vendor:/opt/ros/jazzy/opt/gz_sensors_vendor:/opt/ros/jazzy/opt/gz_physics_vendor:/opt/ros/jazzy/opt/sdformat_vendor:/opt/ros/jazzy/opt/gz_gui_vendor:/opt/ros/jazzy/opt/gz_transport_vendor:/opt/ros/jazzy/opt/gz_rendering_vendor:/opt/ros/jazzy/opt/gz_plugin_vendor:/opt/ros/jazzy/opt/gz_fuel_tools_vendor:/opt/ros/jazzy/opt/gz_msgs_vendor:/opt/ros/jazzy/opt/gz_common_vendor:/opt/ros/jazzy/opt/gz_math_vendor:/opt/ros/jazzy/opt/gz_utils_vendor:/opt/ros/jazzy/opt/gz_tools_vendor:/opt/ros/jazzy/opt/gz_ogre_next_vendor:/opt/ros/jazzy/opt/gz_dartsim_vendor:/opt/ros/jazzy/opt/gz_cmake_vendor:/home/cardaver/turtlebot3_ws/install/wielokaty:/home/cardaver/turtlebot3_ws/install/turtlebot3_teleop:/home/cardaver/turtlebot3_ws/install/turtlebot3_example:/home/cardaver/turtlebot3_ws/install/moving_nodes:/opt/ros/jazzy LD_LIBRARY_PATH=/home/cardaver/turtlebot3_ws/src/install/dynamixel_sdk_custom_interfaces/lib:/home/cardaver/turtlebot3_ws/src/install/dynamixel_sdk/lib:${LD_LIBRARY_PATH} PS1=\[\033[01;32m\][\u@\h\[\033[01;37m\] \W\[\033[01;32m\]]\$\[\033[00m\] PYTHONPATH=/home/cardaver/turtlebot3_ws/src/install/dynamixel_sdk_custom_interfaces/lib/python3.12/site-packages:/home/cardaver/turtlebot3_ws/src/install/dynamixel_sdk/lib/python3.12/site-packages:${PYTHONPATH} /usr/bin/cmake --install /home/cardaver/turtlebot3_ws/src/build/dynamixel_sdk_examples
